[INFO] Scanning for projects...
[INFO]                                                                         
[INFO] ------------------------------------------------------------------------
[INFO] Building Apache Hadoop Common 2.0.3-alpha
[INFO] ------------------------------------------------------------------------
[INFO] 
[INFO] --- maven-antrun-plugin:1.6:run (create-testdirs) @ hadoop-common ---
[INFO] Executing tasks

main:
    [mkdir] Created dir: /home/artefact/tests/MavenTestSources/hadoop-common-2.0.3-alpha-test-sources/target/test-dir
    [mkdir] Created dir: /home/artefact/tests/MavenTestSources/hadoop-common-2.0.3-alpha-test-sources/target/test/data
[INFO] Executed tasks
[INFO] 
[INFO] --- maven-antrun-plugin:1.6:run (create-protobuf-generated-sources-directory) @ hadoop-common ---
[INFO] Executing tasks

main:
    [mkdir] Created dir: /home/artefact/tests/MavenTestSources/hadoop-common-2.0.3-alpha-test-sources/target/generated-sources/java
    [mkdir] Created dir: /home/artefact/tests/MavenTestSources/hadoop-common-2.0.3-alpha-test-sources/target/generated-test-sources/java
[INFO] Executed tasks
[INFO] 
[INFO] --- maven-antrun-plugin:1.6:run (save-version) @ hadoop-common ---
[INFO] Executing tasks

main:
     [exec] sh: 0: Can't open /home/artefact/tests/MavenTestSources/hadoop-common-2.0.3-alpha-test-sources/dev-support/saveVersion.sh
[INFO] Executed tasks
[INFO] 
[INFO] --- exec-maven-plugin:1.2:exec (compile-proto) @ hadoop-common ---
[INFO] ------------------------------------------------------------------------
[INFO] BUILD FAILURE
[INFO] ------------------------------------------------------------------------
[INFO] Total time: 1.977 s
[INFO] Finished at: 2017-09-21T16:00:01+02:00
[INFO] Final Memory: 11M/176M
[INFO] ------------------------------------------------------------------------
[ERROR] Failed to execute goal org.codehaus.mojo:exec-maven-plugin:1.2:exec (compile-proto) on project hadoop-common: Command execution failed. Cannot run program "protoc" (in directory "/home/artefact/tests/MavenTestSources/hadoop-common-2.0.3-alpha-test-sources"): error=2, No such file or directory -> [Help 1]
[ERROR] 
[ERROR] To see the full stack trace of the errors, re-run Maven with the -e switch.
[ERROR] Re-run Maven using the -X switch to enable full debug logging.
[ERROR] 
[ERROR] For more information about the errors and possible solutions, please read the following articles:
[ERROR] [Help 1] http://cwiki.apache.org/confluence/display/MAVEN/MojoExecutionException
