[INFO] Scanning for projects...
[INFO]                                                                         
[INFO] ------------------------------------------------------------------------
[INFO] Building Elasticsearch: Core 2.1.0
[INFO] ------------------------------------------------------------------------
[INFO] 
[INFO] --- maven-enforcer-plugin:1.4.1:enforce (enforce-versions) @ elasticsearch ---
[INFO] 
[INFO] --- maven-enforcer-plugin:1.4.1:enforce (enforce-maven-version) @ elasticsearch ---
[INFO] 
[INFO] --- maven-enforcer-plugin:1.4.1:display-info (print-versions) @ elasticsearch ---
[INFO] Maven Version: 3.3.9
[INFO] JDK Version: 1.8.0_121 normalized as: 1.8.0-121
[INFO] OS Info: Arch: amd64 Family: unix Name: linux Version: 4.4.0-62-generic
[INFO] 
[INFO] --- maven-enforcer-plugin:1.4.1:enforce (enforce-java-home-is-set) @ elasticsearch ---
[INFO] 
[INFO] --- maven-enforcer-plugin:1.4.1:enforce (enforce-maven) @ elasticsearch ---
[INFO] 
[INFO] --- buildnumber-maven-plugin:1.3:create (default) @ elasticsearch ---
[INFO] Executing: /bin/sh -c cd /home/artefact/tests/MavenTestSources/elasticsearch-2.1.0-test-sources && git rev-parse --verify HEAD
[INFO] Working directory: /home/artefact/tests/MavenTestSources/elasticsearch-2.1.0-test-sources
[INFO] Storing buildNumber: 76538823b2ac6f8d997e87e5d838884926beb4f5 at timestamp: 1506023460958
[INFO] Storing buildScmBranch: BuildTestSources
[INFO] 
[INFO] --- maven-antrun-plugin:1.8:run (set-permgen) @ elasticsearch ---
[INFO] Executing tasks

main:
[INFO] Executed tasks
[INFO] 
[INFO] --- maven-antrun-plugin:1.8:run (check-invalid-patterns) @ elasticsearch ---
[INFO] Executing tasks

main:
[INFO] Executed tasks
[INFO] 
[INFO] --- maven-remote-resources-plugin:1.5:process (default) @ elasticsearch ---
[INFO] 
[INFO] --- maven-resources-plugin:2.7:resources (default-resources) @ elasticsearch ---
[INFO] Using 'UTF-8' encoding to copy filtered resources.
[INFO] skip non existing resourceDirectory /home/artefact/tests/MavenTestSources/elasticsearch-2.1.0-test-sources/src/main/resources
[INFO] skip non existing resourceDirectory /home/artefact/tests/MavenTestSources/elasticsearch-2.1.0-test-sources/src/main/resources
[INFO] 
[INFO] --- maven-compiler-plugin:3.3:compile (default-compile) @ elasticsearch ---
[INFO] Compiling 2925 source files to /home/artefact/tests/MavenTestSources/elasticsearch-2.1.0-test-sources/target/classes
[INFO] 
[INFO] --- forbiddenapis:2.0:check (check-forbidden-apis) @ elasticsearch ---
[INFO] Scanning for classes to check...
[INFO] Reading bundled API signatures: jdk-unsafe-1.7
[INFO] Reading bundled API signatures: jdk-deprecated-1.7
[INFO] Reading bundled API signatures: jdk-system-out
[INFO] Reading API signatures: /home/artefact/tests/MavenTestSources/elasticsearch-2.1.0-test-sources/target/dev-tools/forbidden/core-signatures.txt
[INFO] Reading API signatures: /home/artefact/tests/MavenTestSources/elasticsearch-2.1.0-test-sources/target/dev-tools/forbidden/all-signatures.txt
[INFO] Reading API signatures: /home/artefact/tests/MavenTestSources/elasticsearch-2.1.0-test-sources/target/dev-tools/forbidden/third-party-signatures.txt
[INFO] Loading classes to check...
[INFO] Scanning classes for violations...
[INFO] Scanned 5796 (and 1537 related) class file(s) for forbidden API invocations (in 1.75s), 0 error(s).
[INFO] 
[INFO] --- license-maven-plugin:2.5:check (check-license-headers) @ elasticsearch ---
[INFO] Checking licenses...
[INFO] 
[INFO] --- maven-antrun-plugin:1.8:run (create-heapdump-directory) @ elasticsearch ---
[INFO] Executing tasks

main:
 [heapdump] Creating heapdump directory
    [mkdir] Created dir: /home/artefact/tests/MavenTestSources/elasticsearch-2.1.0-test-sources/target/heapdump
[INFO] Executed tasks
[INFO] 
[INFO] --- maven-resources-plugin:2.7:testResources (default-testResources) @ elasticsearch ---
[INFO] Using 'UTF-8' encoding to copy filtered resources.
[INFO] skip non existing resourceDirectory /home/artefact/tests/MavenTestSources/elasticsearch-2.1.0-test-sources/src/test/resources
[INFO] Copying 344 resources to rest-api-spec
[INFO] Copying 1 resource
[INFO] 
[INFO] --- maven-compiler-plugin:3.3:testCompile (default-testCompile) @ elasticsearch ---
[INFO] Compiling 123 source files to /home/artefact/tests/MavenTestSources/elasticsearch-2.1.0-test-sources/target/test-classes
[INFO] -------------------------------------------------------------
[ERROR] COMPILATION ERROR : 
[INFO] -------------------------------------------------------------
[ERROR] /home/artefact/tests/MavenTestSources/elasticsearch-2.1.0-test-sources/src/test/java/org/elasticsearch/test/InternalTestCluster.java:[78,36] error: cannot find symbol
[ERROR]   symbol:   class MockEngineFactoryPlugin
  location: package org.elasticsearch.index.shard
/home/artefact/tests/MavenTestSources/elasticsearch-2.1.0-test-sources/src/test/java/org/elasticsearch/test/InternalTestCluster.java:[87,29] error: cannot find symbol
[ERROR]   symbol:   class MockNode
  location: package org.elasticsearch.node
/home/artefact/tests/MavenTestSources/elasticsearch-2.1.0-test-sources/src/test/java/org/elasticsearch/test/InternalTestCluster.java:[89,29] error: cannot find symbol
[ERROR]   symbol:   class NodeMocksPlugin
  location: package org.elasticsearch.node
/home/artefact/tests/MavenTestSources/elasticsearch-2.1.0-test-sources/src/test/java/org/elasticsearch/test/InternalTestCluster.java:[94,31] error: cannot find symbol
[ERROR]   symbol:   class MockSearchService
  location: package org.elasticsearch.search
/home/artefact/tests/MavenTestSources/elasticsearch-2.1.0-test-sources/src/test/java/org/elasticsearch/test/ESTestCase.java:[42,34] error: cannot find symbol
[ERROR]   symbol:   class BootstrapForTesting
  location: package org.elasticsearch.bootstrap
/home/artefact/tests/MavenTestSources/elasticsearch-2.1.0-test-sources/src/test/java/org/elasticsearch/test/ESTestCase.java:[43,39] error: cannot find symbol
[ERROR]   symbol:   class MockPageCacheRecycler
  location: package org.elasticsearch.cache.recycler
/home/artefact/tests/MavenTestSources/elasticsearch-2.1.0-test-sources/src/test/java/org/elasticsearch/test/ESTestCase.java:[51,36] error: cannot find symbol
[ERROR]   symbol:   class MockBigArrays
  location: package org.elasticsearch.common.util
/home/artefact/tests/MavenTestSources/elasticsearch-2.1.0-test-sources/src/test/java/org/elasticsearch/test/ESTestCase.java:[57,31] error: cannot find symbol
[ERROR]   symbol:   class MockSearchService
  location: package org.elasticsearch.search
/home/artefact/tests/MavenTestSources/elasticsearch-2.1.0-test-sources/src/test/java/org/elasticsearch/test/InternalTestCluster.java:[763,16] error: cannot find symbol
[ERROR]   symbol:   class MockNode
  location: class InternalTestCluster.NodeAndClient
/home/artefact/tests/MavenTestSources/elasticsearch-2.1.0-test-sources/src/test/java/org/elasticsearch/test/InternalTestCluster.java:[769,35] error: cannot find symbol
[ERROR]   symbol:   class MockNode
  location: class InternalTestCluster.NodeAndClient
/home/artefact/tests/MavenTestSources/elasticsearch-2.1.0-test-sources/src/test/java/org/elasticsearch/test/ESTokenStreamTestCase.java:[29,34] error: cannot find symbol
[ERROR]   symbol:   class BootstrapForTesting
  location: package org.elasticsearch.bootstrap
/home/artefact/tests/MavenTestSources/elasticsearch-2.1.0-test-sources/src/test/java/org/elasticsearch/test/ESTestCase.java:[116,8] error: cannot find symbol
[ERROR]   symbol:   variable BootstrapForTesting
  location: class ESTestCase
/home/artefact/tests/MavenTestSources/elasticsearch-2.1.0-test-sources/src/test/java/org/elasticsearch/test/ESTestCase.java:[214,8] error: cannot find symbol
[ERROR]   symbol:   variable MockPageCacheRecycler
  location: class ESTestCase
/home/artefact/tests/MavenTestSources/elasticsearch-2.1.0-test-sources/src/test/java/org/elasticsearch/test/ESTestCase.java:[215,8] error: cannot find symbol
[ERROR]   symbol:   variable MockBigArrays
  location: class ESTestCase
/home/artefact/tests/MavenTestSources/elasticsearch-2.1.0-test-sources/src/test/java/org/elasticsearch/test/ESTestCase.java:[227,16] error: cannot find symbol
[ERROR]   symbol: variable MockSearchService
/home/artefact/tests/MavenTestSources/elasticsearch-2.1.0-test-sources/src/test/java/org/elasticsearch/test/InternalTestCluster.java:[369,24] error: cannot find symbol
[ERROR]   symbol:   class NodeMocksPlugin
  location: class InternalTestCluster
/home/artefact/tests/MavenTestSources/elasticsearch-2.1.0-test-sources/src/test/java/org/elasticsearch/test/InternalTestCluster.java:[370,24] error: cannot find symbol
[ERROR]   symbol:   class MockEngineFactoryPlugin
  location: class InternalTestCluster
/home/artefact/tests/MavenTestSources/elasticsearch-2.1.0-test-sources/src/test/java/org/elasticsearch/test/InternalTestCluster.java:[371,41] error: package MockSearchService does not exist
[ERROR] /home/artefact/tests/MavenTestSources/elasticsearch-2.1.0-test-sources/src/test/java/org/elasticsearch/test/InternalTestCluster.java:[606,8] error: cannot find symbol
[ERROR]   symbol:   class MockNode
  location: class InternalTestCluster
/home/artefact/tests/MavenTestSources/elasticsearch-2.1.0-test-sources/src/test/java/org/elasticsearch/test/InternalTestCluster.java:[606,28] error: cannot find symbol
[ERROR]   symbol:   class MockNode
  location: class InternalTestCluster
/home/artefact/tests/MavenTestSources/elasticsearch-2.1.0-test-sources/src/test/java/org/elasticsearch/test/InternalTestCluster.java:[860,23] error: cannot find symbol
[ERROR]   symbol:   class MockNode
  location: class InternalTestCluster.NodeAndClient
/home/artefact/tests/MavenTestSources/elasticsearch-2.1.0-test-sources/src/test/java/org/elasticsearch/test/ESTokenStreamTestCase.java:[48,8] error: cannot find symbol
[INFO] 22 errors 
[INFO] -------------------------------------------------------------
[INFO] ------------------------------------------------------------------------
[INFO] BUILD FAILURE
[INFO] ------------------------------------------------------------------------
[INFO] Total time: 34.054 s
[INFO] Finished at: 2017-09-21T21:51:33+02:00
[INFO] Final Memory: 25M/613M
[INFO] ------------------------------------------------------------------------
[ERROR] Failed to execute goal org.apache.maven.plugins:maven-compiler-plugin:3.3:testCompile (default-testCompile) on project elasticsearch: Compilation failure: Compilation failure:
[ERROR] /home/artefact/tests/MavenTestSources/elasticsearch-2.1.0-test-sources/src/test/java/org/elasticsearch/test/InternalTestCluster.java:[78,36] error: cannot find symbol
[ERROR] symbol:   class MockEngineFactoryPlugin
[ERROR] location: package org.elasticsearch.index.shard
[ERROR] /home/artefact/tests/MavenTestSources/elasticsearch-2.1.0-test-sources/src/test/java/org/elasticsearch/test/InternalTestCluster.java:[87,29] error: cannot find symbol
[ERROR] symbol:   class MockNode
[ERROR] location: package org.elasticsearch.node
[ERROR] /home/artefact/tests/MavenTestSources/elasticsearch-2.1.0-test-sources/src/test/java/org/elasticsearch/test/InternalTestCluster.java:[89,29] error: cannot find symbol
[ERROR] symbol:   class NodeMocksPlugin
[ERROR] location: package org.elasticsearch.node
[ERROR] /home/artefact/tests/MavenTestSources/elasticsearch-2.1.0-test-sources/src/test/java/org/elasticsearch/test/InternalTestCluster.java:[94,31] error: cannot find symbol
[ERROR] symbol:   class MockSearchService
[ERROR] location: package org.elasticsearch.search
[ERROR] /home/artefact/tests/MavenTestSources/elasticsearch-2.1.0-test-sources/src/test/java/org/elasticsearch/test/ESTestCase.java:[42,34] error: cannot find symbol
[ERROR] symbol:   class BootstrapForTesting
[ERROR] location: package org.elasticsearch.bootstrap
[ERROR] /home/artefact/tests/MavenTestSources/elasticsearch-2.1.0-test-sources/src/test/java/org/elasticsearch/test/ESTestCase.java:[43,39] error: cannot find symbol
[ERROR] symbol:   class MockPageCacheRecycler
[ERROR] location: package org.elasticsearch.cache.recycler
[ERROR] /home/artefact/tests/MavenTestSources/elasticsearch-2.1.0-test-sources/src/test/java/org/elasticsearch/test/ESTestCase.java:[51,36] error: cannot find symbol
[ERROR] symbol:   class MockBigArrays
[ERROR] location: package org.elasticsearch.common.util
[ERROR] /home/artefact/tests/MavenTestSources/elasticsearch-2.1.0-test-sources/src/test/java/org/elasticsearch/test/ESTestCase.java:[57,31] error: cannot find symbol
[ERROR] symbol:   class MockSearchService
[ERROR] location: package org.elasticsearch.search
[ERROR] /home/artefact/tests/MavenTestSources/elasticsearch-2.1.0-test-sources/src/test/java/org/elasticsearch/test/InternalTestCluster.java:[763,16] error: cannot find symbol
[ERROR] symbol:   class MockNode
[ERROR] location: class InternalTestCluster.NodeAndClient
[ERROR] /home/artefact/tests/MavenTestSources/elasticsearch-2.1.0-test-sources/src/test/java/org/elasticsearch/test/InternalTestCluster.java:[769,35] error: cannot find symbol
[ERROR] symbol:   class MockNode
[ERROR] location: class InternalTestCluster.NodeAndClient
[ERROR] /home/artefact/tests/MavenTestSources/elasticsearch-2.1.0-test-sources/src/test/java/org/elasticsearch/test/ESTokenStreamTestCase.java:[29,34] error: cannot find symbol
[ERROR] symbol:   class BootstrapForTesting
[ERROR] location: package org.elasticsearch.bootstrap
[ERROR] /home/artefact/tests/MavenTestSources/elasticsearch-2.1.0-test-sources/src/test/java/org/elasticsearch/test/ESTestCase.java:[116,8] error: cannot find symbol
[ERROR] symbol:   variable BootstrapForTesting
[ERROR] location: class ESTestCase
[ERROR] /home/artefact/tests/MavenTestSources/elasticsearch-2.1.0-test-sources/src/test/java/org/elasticsearch/test/ESTestCase.java:[214,8] error: cannot find symbol
[ERROR] symbol:   variable MockPageCacheRecycler
[ERROR] location: class ESTestCase
[ERROR] /home/artefact/tests/MavenTestSources/elasticsearch-2.1.0-test-sources/src/test/java/org/elasticsearch/test/ESTestCase.java:[215,8] error: cannot find symbol
[ERROR] symbol:   variable MockBigArrays
[ERROR] location: class ESTestCase
[ERROR] /home/artefact/tests/MavenTestSources/elasticsearch-2.1.0-test-sources/src/test/java/org/elasticsearch/test/ESTestCase.java:[227,16] error: cannot find symbol
[ERROR] symbol: variable MockSearchService
[ERROR] /home/artefact/tests/MavenTestSources/elasticsearch-2.1.0-test-sources/src/test/java/org/elasticsearch/test/InternalTestCluster.java:[369,24] error: cannot find symbol
[ERROR] symbol:   class NodeMocksPlugin
[ERROR] location: class InternalTestCluster
[ERROR] /home/artefact/tests/MavenTestSources/elasticsearch-2.1.0-test-sources/src/test/java/org/elasticsearch/test/InternalTestCluster.java:[370,24] error: cannot find symbol
[ERROR] symbol:   class MockEngineFactoryPlugin
[ERROR] location: class InternalTestCluster
[ERROR] /home/artefact/tests/MavenTestSources/elasticsearch-2.1.0-test-sources/src/test/java/org/elasticsearch/test/InternalTestCluster.java:[371,41] error: package MockSearchService does not exist
[ERROR] /home/artefact/tests/MavenTestSources/elasticsearch-2.1.0-test-sources/src/test/java/org/elasticsearch/test/InternalTestCluster.java:[606,8] error: cannot find symbol
[ERROR] symbol:   class MockNode
[ERROR] location: class InternalTestCluster
[ERROR] /home/artefact/tests/MavenTestSources/elasticsearch-2.1.0-test-sources/src/test/java/org/elasticsearch/test/InternalTestCluster.java:[606,28] error: cannot find symbol
[ERROR] symbol:   class MockNode
[ERROR] location: class InternalTestCluster
[ERROR] /home/artefact/tests/MavenTestSources/elasticsearch-2.1.0-test-sources/src/test/java/org/elasticsearch/test/InternalTestCluster.java:[860,23] error: cannot find symbol
[ERROR] symbol:   class MockNode
[ERROR] location: class InternalTestCluster.NodeAndClient
[ERROR] /home/artefact/tests/MavenTestSources/elasticsearch-2.1.0-test-sources/src/test/java/org/elasticsearch/test/ESTokenStreamTestCase.java:[48,8] error: cannot find symbol
[ERROR] -> [Help 1]
[ERROR] 
[ERROR] To see the full stack trace of the errors, re-run Maven with the -e switch.
[ERROR] Re-run Maven using the -X switch to enable full debug logging.
[ERROR] 
[ERROR] For more information about the errors and possible solutions, please read the following articles:
[ERROR] [Help 1] http://cwiki.apache.org/confluence/display/MAVEN/MojoFailureException
