[INFO] Scanning for projects...
[INFO]                                                                         
[INFO] ------------------------------------------------------------------------
[INFO] Building Google Guice - Core Library 4.0
[INFO] ------------------------------------------------------------------------
[INFO] 
[INFO] --- maven-remote-resources-plugin:1.1:process (default) @ guice ---
[INFO] Setting property: classpath.resource.loader.class => 'org.codehaus.plexus.velocity.ContextClassLoaderResourceLoader'.
[INFO] Setting property: velocimacro.messages.on => 'false'.
[INFO] Setting property: resource.loader => 'classpath'.
[INFO] Setting property: resource.manager.logwhenfound => 'false'.
[INFO] 
[INFO] --- maven-resources-plugin:2.6:resources (default-resources) @ guice ---
[INFO] Using 'UTF-8' encoding to copy filtered resources.
[INFO] Copying 8 resources
[INFO] Copying 3 resources
[INFO] 
[INFO] --- maven-compiler-plugin:2.3.2:compile (default-compile) @ guice ---
[INFO] Compiling 280 source files to /home/artefact/tests/MavenTestSources/guice-4.0-test-sources/target/classes
[INFO] -------------------------------------------------------------
[ERROR] COMPILATION ERROR : 
[INFO] -------------------------------------------------------------
[ERROR] /home/artefact/tests/MavenTestSources/guice-4.0-test-sources/src/test/java/com/google/inject/spi/FailingTargetVisitor.java:[21,22] error: package junit.framework does not exist
[ERROR] /home/artefact/tests/MavenTestSources/guice-4.0-test-sources/src/test/java/com/google/inject/ProvisionExceptionsTest.java:[23,22] error: package junit.framework does not exist
[ERROR] /home/artefact/tests/MavenTestSources/guice-4.0-test-sources/src/test/java/com/google/inject/ProvisionExceptionsTest.java:[33,45] error: cannot find symbol
[ERROR]  class TestCase
/home/artefact/tests/MavenTestSources/guice-4.0-test-sources/src/test/java/com/google/inject/Asserts.java:[22,29] error: package junit.framework does not exist
[ERROR] /home/artefact/tests/MavenTestSources/guice-4.0-test-sources/src/test/java/com/google/inject/Asserts.java:[22,0] error: static import only from classes and interfaces
[ERROR] /home/artefact/tests/MavenTestSources/guice-4.0-test-sources/src/test/java/com/google/inject/Asserts.java:[23,29] error: package junit.framework does not exist
[ERROR] /home/artefact/tests/MavenTestSources/guice-4.0-test-sources/src/test/java/com/google/inject/Asserts.java:[23,0] error: static import only from classes and interfaces
[ERROR] /home/artefact/tests/MavenTestSources/guice-4.0-test-sources/src/test/java/com/google/inject/Asserts.java:[24,29] error: package junit.framework does not exist
[ERROR] /home/artefact/tests/MavenTestSources/guice-4.0-test-sources/src/test/java/com/google/inject/Asserts.java:[24,0] error: static import only from classes and interfaces
[ERROR] /home/artefact/tests/MavenTestSources/guice-4.0-test-sources/src/test/java/com/google/inject/Asserts.java:[25,29] error: package junit.framework does not exist
[ERROR] /home/artefact/tests/MavenTestSources/guice-4.0-test-sources/src/test/java/com/google/inject/Asserts.java:[25,0] error: static import only from classes and interfaces
[ERROR] /home/artefact/tests/MavenTestSources/guice-4.0-test-sources/src/test/java/com/google/inject/Asserts.java:[31,32] error: package com.google.common.testing does not exist
[ERROR] /home/artefact/tests/MavenTestSources/guice-4.0-test-sources/src/test/java/com/google/inject/Asserts.java:[33,22] error: package junit.framework does not exist
[ERROR] /home/artefact/tests/MavenTestSources/guice-4.0-test-sources/src/test/java/com/google/inject/TypeLiteralInjectionTest.java:[24,22] error: package junit.framework does not exist
[ERROR] /home/artefact/tests/MavenTestSources/guice-4.0-test-sources/src/test/java/com/google/inject/TypeLiteralInjectionTest.java:[33,46] error: cannot find symbol
[ERROR]  class TestCase
/home/artefact/tests/MavenTestSources/guice-4.0-test-sources/src/test/java/com/google/inject/ProviderInjectionTest.java:[23,22] error: package junit.framework does not exist
[ERROR] /home/artefact/tests/MavenTestSources/guice-4.0-test-sources/src/test/java/com/google/inject/ProviderInjectionTest.java:[31,43] error: cannot find symbol
[ERROR]  class TestCase
/home/artefact/tests/MavenTestSources/guice-4.0-test-sources/src/test/java/com/google/inject/ParentInjectorTest.java:[30,22] error: package junit.framework does not exist
[ERROR] /home/artefact/tests/MavenTestSources/guice-4.0-test-sources/src/test/java/com/google/inject/ParentInjectorTest.java:[39,40] error: cannot find symbol
[ERROR]  class TestCase
/home/artefact/tests/MavenTestSources/guice-4.0-test-sources/src/test/java/com/google/inject/MembersInjectorTest.java:[24,22] error: package junit.framework does not exist
[ERROR] /home/artefact/tests/MavenTestSources/guice-4.0-test-sources/src/test/java/com/google/inject/MembersInjectorTest.java:[25,22] error: package junit.framework does not exist
[ERROR] /home/artefact/tests/MavenTestSources/guice-4.0-test-sources/src/test/java/com/google/inject/MembersInjectorTest.java:[32,41] error: cannot find symbol
[ERROR]  class TestCase
/home/artefact/tests/MavenTestSources/guice-4.0-test-sources/src/test/java/com/google/inject/EagerSingletonTest.java:[19,22] error: package junit.framework does not exist
[ERROR] /home/artefact/tests/MavenTestSources/guice-4.0-test-sources/src/test/java/com/google/inject/EagerSingletonTest.java:[24,40] error: cannot find symbol
[ERROR]  class TestCase
/home/artefact/tests/MavenTestSources/guice-4.0-test-sources/src/test/java/com/google/inject/spi/ModuleRewriterTest.java:[31,22] error: package junit.framework does not exist
[ERROR] /home/artefact/tests/MavenTestSources/guice-4.0-test-sources/src/test/java/com/google/inject/spi/ModuleRewriterTest.java:[38,40] error: cannot find symbol
[ERROR]  class TestCase
/home/artefact/tests/MavenTestSources/guice-4.0-test-sources/src/test/java/com/google/inject/GenericInjectionTest.java:[23,22] error: package junit.framework does not exist
[ERROR] /home/artefact/tests/MavenTestSources/guice-4.0-test-sources/src/test/java/com/google/inject/GenericInjectionTest.java:[34,42] error: cannot find symbol
[ERROR]  class TestCase
/home/artefact/tests/MavenTestSources/guice-4.0-test-sources/src/test/java/com/google/inject/spi/ModuleAnnotatedMethodScannerTest.java:[40,22] error: package junit.framework does not exist
[ERROR] /home/artefact/tests/MavenTestSources/guice-4.0-test-sources/src/test/java/com/google/inject/spi/ModuleAnnotatedMethodScannerTest.java:[49,54] error: cannot find symbol
[ERROR]  class TestCase
/home/artefact/tests/MavenTestSources/guice-4.0-test-sources/src/test/java/com/google/inject/ModulesTest.java:[23,22] error: package junit.framework does not exist
[ERROR] /home/artefact/tests/MavenTestSources/guice-4.0-test-sources/src/test/java/com/google/inject/ModulesTest.java:[30,33] error: cannot find symbol
[ERROR]  class TestCase
/home/artefact/tests/MavenTestSources/guice-4.0-test-sources/src/test/java/com/google/inject/TypeListenerTest.java:[35,22] error: package junit.framework does not exist
[ERROR] /home/artefact/tests/MavenTestSources/guice-4.0-test-sources/src/test/java/com/google/inject/TypeListenerTest.java:[44,38] error: cannot find symbol
[ERROR]  class TestCase
/home/artefact/tests/MavenTestSources/guice-4.0-test-sources/src/test/java/com/google/inject/ProvisionExceptionTest.java:[28,22] error: package junit.framework does not exist
[ERROR] /home/artefact/tests/MavenTestSources/guice-4.0-test-sources/src/test/java/com/google/inject/ProvisionExceptionTest.java:[38,44] error: cannot find symbol
[ERROR]  class TestCase
/home/artefact/tests/MavenTestSources/guice-4.0-test-sources/src/test/java/com/google/inject/spi/FailingBindingScopingVisitor.java:[21,22] error: package junit.framework does not exist
[ERROR] /home/artefact/tests/MavenTestSources/guice-4.0-test-sources/src/test/java/com/google/inject/spi/SpiBindingsTest.java:[39,22] error: package junit.framework does not exist
[ERROR] /home/artefact/tests/MavenTestSources/guice-4.0-test-sources/src/test/java/com/google/inject/spi/SpiBindingsTest.java:[40,22] error: package junit.framework does not exist
[ERROR] /home/artefact/tests/MavenTestSources/guice-4.0-test-sources/src/test/java/com/google/inject/spi/SpiBindingsTest.java:[53,37] error: cannot find symbol
[ERROR]  class TestCase
/home/artefact/tests/MavenTestSources/guice-4.0-test-sources/src/test/java/com/google/inject/spi/ElementsTest.java:[51,22] error: package junit.framework does not exist
[ERROR] /home/artefact/tests/MavenTestSources/guice-4.0-test-sources/src/test/java/com/google/inject/spi/ElementsTest.java:[74,34] error: cannot find symbol
[ERROR]  class TestCase
/home/artefact/tests/MavenTestSources/guice-4.0-test-sources/src/test/java/com/google/inject/spi/FailingElementVisitor.java:[19,22] error: package junit.framework does not exist
[ERROR] /home/artefact/tests/MavenTestSources/guice-4.0-test-sources/src/test/java/com/google/inject/SuiteUtils.java:[19,22] error: package junit.framework does not exist
[ERROR] /home/artefact/tests/MavenTestSources/guice-4.0-test-sources/src/test/java/com/google/inject/SuiteUtils.java:[20,22] error: package junit.framework does not exist
[ERROR] /home/artefact/tests/MavenTestSources/guice-4.0-test-sources/src/test/java/com/google/inject/SuiteUtils.java:[27,48] error: cannot find symbol
[ERROR]  class SuiteUtils
/home/artefact/tests/MavenTestSources/guice-4.0-test-sources/src/test/java/com/google/inject/SuiteUtils.java:[27,16] error: cannot find symbol
[ERROR]  class SuiteUtils
/home/artefact/tests/MavenTestSources/guice-4.0-test-sources/src/test/java/com/google/inject/TypeConversionTest.java:[30,22] error: package junit.framework does not exist
[ERROR] /home/artefact/tests/MavenTestSources/guice-4.0-test-sources/src/test/java/com/google/inject/TypeConversionTest.java:[31,22] error: package junit.framework does not exist
[ERROR] /home/artefact/tests/MavenTestSources/guice-4.0-test-sources/src/test/java/com/google/inject/TypeConversionTest.java:[39,40] error: cannot find symbol
[ERROR]  class TestCase
/home/artefact/tests/MavenTestSources/guice-4.0-test-sources/src/test/java/com/google/inject/example/ClientServiceWithDependencyInjection.java:[19,29] error: package junit.framework does not exist
[ERROR] /home/artefact/tests/MavenTestSources/guice-4.0-test-sources/src/test/java/com/google/inject/example/ClientServiceWithDependencyInjection.java:[19,0] error: static import only from classes and interfaces
[ERROR] /home/artefact/tests/MavenTestSources/guice-4.0-test-sources/src/test/java/com/google/inject/internal/util/LineNumbersTest.java:[28,22] error: package junit.framework does not exist
[ERROR] /home/artefact/tests/MavenTestSources/guice-4.0-test-sources/src/test/java/com/google/inject/internal/util/LineNumbersTest.java:[37,37] error: cannot find symbol
[ERROR]  class TestCase
/home/artefact/tests/MavenTestSources/guice-4.0-test-sources/src/test/java/com/google/inject/internal/WeakKeySetUtils.java:[17,29] error: package junit.framework does not exist
[ERROR] /home/artefact/tests/MavenTestSources/guice-4.0-test-sources/src/test/java/com/google/inject/internal/WeakKeySetUtils.java:[17,0] error: static import only from classes and interfaces
[ERROR] /home/artefact/tests/MavenTestSources/guice-4.0-test-sources/src/test/java/com/google/inject/internal/WeakKeySetUtils.java:[18,29] error: package junit.framework does not exist
[ERROR] /home/artefact/tests/MavenTestSources/guice-4.0-test-sources/src/test/java/com/google/inject/internal/WeakKeySetUtils.java:[18,0] error: static import only from classes and interfaces
[ERROR] /home/artefact/tests/MavenTestSources/guice-4.0-test-sources/src/test/java/com/google/inject/internal/WeakKeySetUtils.java:[19,29] error: package junit.framework does not exist
[ERROR] /home/artefact/tests/MavenTestSources/guice-4.0-test-sources/src/test/java/com/google/inject/internal/WeakKeySetUtils.java:[19,0] error: static import only from classes and interfaces
[ERROR] /home/artefact/tests/MavenTestSources/guice-4.0-test-sources/src/test/java/com/google/inject/internal/WeakKeySetUtils.java:[20,29] error: package junit.framework does not exist
[ERROR] /home/artefact/tests/MavenTestSources/guice-4.0-test-sources/src/test/java/com/google/inject/internal/WeakKeySetUtils.java:[20,0] error: static import only from classes and interfaces
[ERROR] /home/artefact/tests/MavenTestSources/guice-4.0-test-sources/src/test/java/com/google/inject/internal/WeakKeySetUtils.java:[21,29] error: package junit.framework does not exist
[ERROR] /home/artefact/tests/MavenTestSources/guice-4.0-test-sources/src/test/java/com/google/inject/internal/WeakKeySetUtils.java:[21,0] error: static import only from classes and interfaces
[ERROR] /home/artefact/tests/MavenTestSources/guice-4.0-test-sources/src/test/java/com/google/inject/spi/ToolStageInjectorTest.java:[14,22] error: package junit.framework does not exist
[ERROR] /home/artefact/tests/MavenTestSources/guice-4.0-test-sources/src/test/java/com/google/inject/spi/ToolStageInjectorTest.java:[21,43] error: cannot find symbol
[ERROR]  class TestCase
/home/artefact/tests/MavenTestSources/guice-4.0-test-sources/src/test/java/com/google/inject/internal/WeakKeySetTest.java:[43,22] error: package junit.framework does not exist
[ERROR] /home/artefact/tests/MavenTestSources/guice-4.0-test-sources/src/test/java/com/google/inject/internal/WeakKeySetTest.java:[58,36] error: cannot find symbol
[ERROR]  class TestCase
/home/artefact/tests/MavenTestSources/guice-4.0-test-sources/src/test/java/com/google/inject/PrivateModuleTest.java:[32,22] error: package junit.framework does not exist
[ERROR] /home/artefact/tests/MavenTestSources/guice-4.0-test-sources/src/test/java/com/google/inject/PrivateModuleTest.java:[41,39] error: cannot find symbol
[ERROR]  class TestCase
/home/artefact/tests/MavenTestSources/guice-4.0-test-sources/src/test/java/com/google/inject/spi/HasDependenciesTest.java:[28,22] error: package junit.framework does not exist
[ERROR] /home/artefact/tests/MavenTestSources/guice-4.0-test-sources/src/test/java/com/google/inject/spi/HasDependenciesTest.java:[35,41] error: cannot find symbol
[ERROR]  class TestCase
/home/artefact/tests/MavenTestSources/guice-4.0-test-sources/src/test/java/com/google/inject/RequireAtInjectOnConstructorsTest.java:[20,22] error: package junit.framework does not exist
[ERROR] /home/artefact/tests/MavenTestSources/guice-4.0-test-sources/src/test/java/com/google/inject/RequireAtInjectOnConstructorsTest.java:[27,55] error: cannot find symbol
[ERROR]  class TestCase
/home/artefact/tests/MavenTestSources/guice-4.0-test-sources/src/test/java/com/google/inject/IntegrationTest.java:[21,22] error: package junit.framework does not exist
[ERROR] /home/artefact/tests/MavenTestSources/guice-4.0-test-sources/src/test/java/com/google/inject/IntegrationTest.java:[29,37] error: cannot find symbol
[ERROR]  class TestCase
/home/artefact/tests/MavenTestSources/guice-4.0-test-sources/src/test/java/com/google/inject/util/TypesTest.java:[29,22] error: package junit.framework does not exist
[ERROR] /home/artefact/tests/MavenTestSources/guice-4.0-test-sources/src/test/java/com/google/inject/util/TypesTest.java:[30,22] error: package junit.framework does not exist
[ERROR] /home/artefact/tests/MavenTestSources/guice-4.0-test-sources/src/test/java/com/google/inject/util/TypesTest.java:[44,31] error: cannot find symbol
[ERROR]  class TestCase
/home/artefact/tests/MavenTestSources/guice-4.0-test-sources/src/test/java/com/google/inject/BinderTest.java:[32,22] error: package junit.framework does not exist
[ERROR] /home/artefact/tests/MavenTestSources/guice-4.0-test-sources/src/test/java/com/google/inject/BinderTest.java:[46,32] error: cannot find symbol
[ERROR]  class TestCase
/home/artefact/tests/MavenTestSources/guice-4.0-test-sources/src/test/java/com/google/inject/BindingTest.java:[30,22] error: package junit.framework does not exist
[ERROR] /home/artefact/tests/MavenTestSources/guice-4.0-test-sources/src/test/java/com/google/inject/BindingTest.java:[48,33] error: cannot find symbol
[ERROR]  class TestCase
/home/artefact/tests/MavenTestSources/guice-4.0-test-sources/src/test/java/com/google/inject/BoundProviderTest.java:[19,22] error: package junit.framework does not exist
[ERROR] /home/artefact/tests/MavenTestSources/guice-4.0-test-sources/src/test/java/com/google/inject/BoundProviderTest.java:[24,39] error: cannot find symbol
[ERROR]  class TestCase
/home/artefact/tests/MavenTestSources/guice-4.0-test-sources/src/test/java/com/google/inject/InjectorTest.java:[24,22] error: package junit.framework does not exist
[ERROR] /home/artefact/tests/MavenTestSources/guice-4.0-test-sources/src/test/java/com/google/inject/InjectorTest.java:[39,34] error: cannot find symbol
[ERROR]  class TestCase
/home/artefact/tests/MavenTestSources/guice-4.0-test-sources/src/test/java/com/google/inject/BindingAnnotationTest.java:[23,22] error: package junit.framework does not exist
[ERROR] /home/artefact/tests/MavenTestSources/guice-4.0-test-sources/src/test/java/com/google/inject/BindingAnnotationTest.java:[31,43] error: cannot find symbol
[ERROR]  class TestCase
/home/artefact/tests/MavenTestSources/guice-4.0-test-sources/src/test/java/com/google/inject/internal/ProxyFactoryTest.java:[28,22] error: package junit.framework does not exist
[ERROR] /home/artefact/tests/MavenTestSources/guice-4.0-test-sources/src/test/java/com/google/inject/internal/ProxyFactoryTest.java:[41,38] error: cannot find symbol
[ERROR]  class TestCase
/home/artefact/tests/MavenTestSources/guice-4.0-test-sources/src/test/java/com/googlecode/guice/GuiceTck.java:[23,22] error: package junit.framework does not exist
[ERROR] /home/artefact/tests/MavenTestSources/guice-4.0-test-sources/src/test/java/com/googlecode/guice/GuiceTck.java:[24,22] error: package junit.framework does not exist
[ERROR] /home/artefact/tests/MavenTestSources/guice-4.0-test-sources/src/test/java/com/googlecode/guice/GuiceTck.java:[26,23] error: package org.atinject.tck does not exist
[ERROR] /home/artefact/tests/MavenTestSources/guice-4.0-test-sources/src/test/java/com/googlecode/guice/GuiceTck.java:[27,28] error: package org.atinject.tck.auto does not exist
[ERROR] /home/artefact/tests/MavenTestSources/guice-4.0-test-sources/src/test/java/com/googlecode/guice/GuiceTck.java:[28,28] error: package org.atinject.tck.auto does not exist
[ERROR] /home/artefact/tests/MavenTestSources/guice-4.0-test-sources/src/test/java/com/googlecode/guice/GuiceTck.java:[29,28] error: package org.atinject.tck.auto does not exist
[ERROR] /home/artefact/tests/MavenTestSources/guice-4.0-test-sources/src/test/java/com/googlecode/guice/GuiceTck.java:[30,28] error: package org.atinject.tck.auto does not exist
[ERROR] /home/artefact/tests/MavenTestSources/guice-4.0-test-sources/src/test/java/com/googlecode/guice/GuiceTck.java:[31,28] error: package org.atinject.tck.auto does not exist
[ERROR] /home/artefact/tests/MavenTestSources/guice-4.0-test-sources/src/test/java/com/googlecode/guice/GuiceTck.java:[32,28] error: package org.atinject.tck.auto does not exist
[INFO] 100 errors 
[INFO] -------------------------------------------------------------
[INFO] ------------------------------------------------------------------------
[INFO] BUILD FAILURE
[INFO] ------------------------------------------------------------------------
[INFO] Total time: 4.884 s
[INFO] Finished at: 2017-09-21T21:53:16+02:00
[INFO] Final Memory: 19M/324M
[INFO] ------------------------------------------------------------------------
[ERROR] Failed to execute goal org.apache.maven.plugins:maven-compiler-plugin:2.3.2:compile (default-compile) on project guice: Compilation failure: Compilation failure:
[ERROR] /home/artefact/tests/MavenTestSources/guice-4.0-test-sources/src/test/java/com/google/inject/spi/FailingTargetVisitor.java:[21,22] error: package junit.framework does not exist
[ERROR] /home/artefact/tests/MavenTestSources/guice-4.0-test-sources/src/test/java/com/google/inject/ProvisionExceptionsTest.java:[23,22] error: package junit.framework does not exist
[ERROR] /home/artefact/tests/MavenTestSources/guice-4.0-test-sources/src/test/java/com/google/inject/ProvisionExceptionsTest.java:[33,45] error: cannot find symbol
[ERROR] class TestCase
[ERROR] /home/artefact/tests/MavenTestSources/guice-4.0-test-sources/src/test/java/com/google/inject/Asserts.java:[22,29] error: package junit.framework does not exist
[ERROR] /home/artefact/tests/MavenTestSources/guice-4.0-test-sources/src/test/java/com/google/inject/Asserts.java:[22,0] error: static import only from classes and interfaces
[ERROR] /home/artefact/tests/MavenTestSources/guice-4.0-test-sources/src/test/java/com/google/inject/Asserts.java:[23,29] error: package junit.framework does not exist
[ERROR] /home/artefact/tests/MavenTestSources/guice-4.0-test-sources/src/test/java/com/google/inject/Asserts.java:[23,0] error: static import only from classes and interfaces
[ERROR] /home/artefact/tests/MavenTestSources/guice-4.0-test-sources/src/test/java/com/google/inject/Asserts.java:[24,29] error: package junit.framework does not exist
[ERROR] /home/artefact/tests/MavenTestSources/guice-4.0-test-sources/src/test/java/com/google/inject/Asserts.java:[24,0] error: static import only from classes and interfaces
[ERROR] /home/artefact/tests/MavenTestSources/guice-4.0-test-sources/src/test/java/com/google/inject/Asserts.java:[25,29] error: package junit.framework does not exist
[ERROR] /home/artefact/tests/MavenTestSources/guice-4.0-test-sources/src/test/java/com/google/inject/Asserts.java:[25,0] error: static import only from classes and interfaces
[ERROR] /home/artefact/tests/MavenTestSources/guice-4.0-test-sources/src/test/java/com/google/inject/Asserts.java:[31,32] error: package com.google.common.testing does not exist
[ERROR] /home/artefact/tests/MavenTestSources/guice-4.0-test-sources/src/test/java/com/google/inject/Asserts.java:[33,22] error: package junit.framework does not exist
[ERROR] /home/artefact/tests/MavenTestSources/guice-4.0-test-sources/src/test/java/com/google/inject/TypeLiteralInjectionTest.java:[24,22] error: package junit.framework does not exist
[ERROR] /home/artefact/tests/MavenTestSources/guice-4.0-test-sources/src/test/java/com/google/inject/TypeLiteralInjectionTest.java:[33,46] error: cannot find symbol
[ERROR] class TestCase
[ERROR] /home/artefact/tests/MavenTestSources/guice-4.0-test-sources/src/test/java/com/google/inject/ProviderInjectionTest.java:[23,22] error: package junit.framework does not exist
[ERROR] /home/artefact/tests/MavenTestSources/guice-4.0-test-sources/src/test/java/com/google/inject/ProviderInjectionTest.java:[31,43] error: cannot find symbol
[ERROR] class TestCase
[ERROR] /home/artefact/tests/MavenTestSources/guice-4.0-test-sources/src/test/java/com/google/inject/ParentInjectorTest.java:[30,22] error: package junit.framework does not exist
[ERROR] /home/artefact/tests/MavenTestSources/guice-4.0-test-sources/src/test/java/com/google/inject/ParentInjectorTest.java:[39,40] error: cannot find symbol
[ERROR] class TestCase
[ERROR] /home/artefact/tests/MavenTestSources/guice-4.0-test-sources/src/test/java/com/google/inject/MembersInjectorTest.java:[24,22] error: package junit.framework does not exist
[ERROR] /home/artefact/tests/MavenTestSources/guice-4.0-test-sources/src/test/java/com/google/inject/MembersInjectorTest.java:[25,22] error: package junit.framework does not exist
[ERROR] /home/artefact/tests/MavenTestSources/guice-4.0-test-sources/src/test/java/com/google/inject/MembersInjectorTest.java:[32,41] error: cannot find symbol
[ERROR] class TestCase
[ERROR] /home/artefact/tests/MavenTestSources/guice-4.0-test-sources/src/test/java/com/google/inject/EagerSingletonTest.java:[19,22] error: package junit.framework does not exist
[ERROR] /home/artefact/tests/MavenTestSources/guice-4.0-test-sources/src/test/java/com/google/inject/EagerSingletonTest.java:[24,40] error: cannot find symbol
[ERROR] class TestCase
[ERROR] /home/artefact/tests/MavenTestSources/guice-4.0-test-sources/src/test/java/com/google/inject/spi/ModuleRewriterTest.java:[31,22] error: package junit.framework does not exist
[ERROR] /home/artefact/tests/MavenTestSources/guice-4.0-test-sources/src/test/java/com/google/inject/spi/ModuleRewriterTest.java:[38,40] error: cannot find symbol
[ERROR] class TestCase
[ERROR] /home/artefact/tests/MavenTestSources/guice-4.0-test-sources/src/test/java/com/google/inject/GenericInjectionTest.java:[23,22] error: package junit.framework does not exist
[ERROR] /home/artefact/tests/MavenTestSources/guice-4.0-test-sources/src/test/java/com/google/inject/GenericInjectionTest.java:[34,42] error: cannot find symbol
[ERROR] class TestCase
[ERROR] /home/artefact/tests/MavenTestSources/guice-4.0-test-sources/src/test/java/com/google/inject/spi/ModuleAnnotatedMethodScannerTest.java:[40,22] error: package junit.framework does not exist
[ERROR] /home/artefact/tests/MavenTestSources/guice-4.0-test-sources/src/test/java/com/google/inject/spi/ModuleAnnotatedMethodScannerTest.java:[49,54] error: cannot find symbol
[ERROR] class TestCase
[ERROR] /home/artefact/tests/MavenTestSources/guice-4.0-test-sources/src/test/java/com/google/inject/ModulesTest.java:[23,22] error: package junit.framework does not exist
[ERROR] /home/artefact/tests/MavenTestSources/guice-4.0-test-sources/src/test/java/com/google/inject/ModulesTest.java:[30,33] error: cannot find symbol
[ERROR] class TestCase
[ERROR] /home/artefact/tests/MavenTestSources/guice-4.0-test-sources/src/test/java/com/google/inject/TypeListenerTest.java:[35,22] error: package junit.framework does not exist
[ERROR] /home/artefact/tests/MavenTestSources/guice-4.0-test-sources/src/test/java/com/google/inject/TypeListenerTest.java:[44,38] error: cannot find symbol
[ERROR] class TestCase
[ERROR] /home/artefact/tests/MavenTestSources/guice-4.0-test-sources/src/test/java/com/google/inject/ProvisionExceptionTest.java:[28,22] error: package junit.framework does not exist
[ERROR] /home/artefact/tests/MavenTestSources/guice-4.0-test-sources/src/test/java/com/google/inject/ProvisionExceptionTest.java:[38,44] error: cannot find symbol
[ERROR] class TestCase
[ERROR] /home/artefact/tests/MavenTestSources/guice-4.0-test-sources/src/test/java/com/google/inject/spi/FailingBindingScopingVisitor.java:[21,22] error: package junit.framework does not exist
[ERROR] /home/artefact/tests/MavenTestSources/guice-4.0-test-sources/src/test/java/com/google/inject/spi/SpiBindingsTest.java:[39,22] error: package junit.framework does not exist
[ERROR] /home/artefact/tests/MavenTestSources/guice-4.0-test-sources/src/test/java/com/google/inject/spi/SpiBindingsTest.java:[40,22] error: package junit.framework does not exist
[ERROR] /home/artefact/tests/MavenTestSources/guice-4.0-test-sources/src/test/java/com/google/inject/spi/SpiBindingsTest.java:[53,37] error: cannot find symbol
[ERROR] class TestCase
[ERROR] /home/artefact/tests/MavenTestSources/guice-4.0-test-sources/src/test/java/com/google/inject/spi/ElementsTest.java:[51,22] error: package junit.framework does not exist
[ERROR] /home/artefact/tests/MavenTestSources/guice-4.0-test-sources/src/test/java/com/google/inject/spi/ElementsTest.java:[74,34] error: cannot find symbol
[ERROR] class TestCase
[ERROR] /home/artefact/tests/MavenTestSources/guice-4.0-test-sources/src/test/java/com/google/inject/spi/FailingElementVisitor.java:[19,22] error: package junit.framework does not exist
[ERROR] /home/artefact/tests/MavenTestSources/guice-4.0-test-sources/src/test/java/com/google/inject/SuiteUtils.java:[19,22] error: package junit.framework does not exist
[ERROR] /home/artefact/tests/MavenTestSources/guice-4.0-test-sources/src/test/java/com/google/inject/SuiteUtils.java:[20,22] error: package junit.framework does not exist
[ERROR] /home/artefact/tests/MavenTestSources/guice-4.0-test-sources/src/test/java/com/google/inject/SuiteUtils.java:[27,48] error: cannot find symbol
[ERROR] class SuiteUtils
[ERROR] /home/artefact/tests/MavenTestSources/guice-4.0-test-sources/src/test/java/com/google/inject/SuiteUtils.java:[27,16] error: cannot find symbol
[ERROR] class SuiteUtils
[ERROR] /home/artefact/tests/MavenTestSources/guice-4.0-test-sources/src/test/java/com/google/inject/TypeConversionTest.java:[30,22] error: package junit.framework does not exist
[ERROR] /home/artefact/tests/MavenTestSources/guice-4.0-test-sources/src/test/java/com/google/inject/TypeConversionTest.java:[31,22] error: package junit.framework does not exist
[ERROR] /home/artefact/tests/MavenTestSources/guice-4.0-test-sources/src/test/java/com/google/inject/TypeConversionTest.java:[39,40] error: cannot find symbol
[ERROR] class TestCase
[ERROR] /home/artefact/tests/MavenTestSources/guice-4.0-test-sources/src/test/java/com/google/inject/example/ClientServiceWithDependencyInjection.java:[19,29] error: package junit.framework does not exist
[ERROR] /home/artefact/tests/MavenTestSources/guice-4.0-test-sources/src/test/java/com/google/inject/example/ClientServiceWithDependencyInjection.java:[19,0] error: static import only from classes and interfaces
[ERROR] /home/artefact/tests/MavenTestSources/guice-4.0-test-sources/src/test/java/com/google/inject/internal/util/LineNumbersTest.java:[28,22] error: package junit.framework does not exist
[ERROR] /home/artefact/tests/MavenTestSources/guice-4.0-test-sources/src/test/java/com/google/inject/internal/util/LineNumbersTest.java:[37,37] error: cannot find symbol
[ERROR] class TestCase
[ERROR] /home/artefact/tests/MavenTestSources/guice-4.0-test-sources/src/test/java/com/google/inject/internal/WeakKeySetUtils.java:[17,29] error: package junit.framework does not exist
[ERROR] /home/artefact/tests/MavenTestSources/guice-4.0-test-sources/src/test/java/com/google/inject/internal/WeakKeySetUtils.java:[17,0] error: static import only from classes and interfaces
[ERROR] /home/artefact/tests/MavenTestSources/guice-4.0-test-sources/src/test/java/com/google/inject/internal/WeakKeySetUtils.java:[18,29] error: package junit.framework does not exist
[ERROR] /home/artefact/tests/MavenTestSources/guice-4.0-test-sources/src/test/java/com/google/inject/internal/WeakKeySetUtils.java:[18,0] error: static import only from classes and interfaces
[ERROR] /home/artefact/tests/MavenTestSources/guice-4.0-test-sources/src/test/java/com/google/inject/internal/WeakKeySetUtils.java:[19,29] error: package junit.framework does not exist
[ERROR] /home/artefact/tests/MavenTestSources/guice-4.0-test-sources/src/test/java/com/google/inject/internal/WeakKeySetUtils.java:[19,0] error: static import only from classes and interfaces
[ERROR] /home/artefact/tests/MavenTestSources/guice-4.0-test-sources/src/test/java/com/google/inject/internal/WeakKeySetUtils.java:[20,29] error: package junit.framework does not exist
[ERROR] /home/artefact/tests/MavenTestSources/guice-4.0-test-sources/src/test/java/com/google/inject/internal/WeakKeySetUtils.java:[20,0] error: static import only from classes and interfaces
[ERROR] /home/artefact/tests/MavenTestSources/guice-4.0-test-sources/src/test/java/com/google/inject/internal/WeakKeySetUtils.java:[21,29] error: package junit.framework does not exist
[ERROR] /home/artefact/tests/MavenTestSources/guice-4.0-test-sources/src/test/java/com/google/inject/internal/WeakKeySetUtils.java:[21,0] error: static import only from classes and interfaces
[ERROR] /home/artefact/tests/MavenTestSources/guice-4.0-test-sources/src/test/java/com/google/inject/spi/ToolStageInjectorTest.java:[14,22] error: package junit.framework does not exist
[ERROR] /home/artefact/tests/MavenTestSources/guice-4.0-test-sources/src/test/java/com/google/inject/spi/ToolStageInjectorTest.java:[21,43] error: cannot find symbol
[ERROR] class TestCase
[ERROR] /home/artefact/tests/MavenTestSources/guice-4.0-test-sources/src/test/java/com/google/inject/internal/WeakKeySetTest.java:[43,22] error: package junit.framework does not exist
[ERROR] /home/artefact/tests/MavenTestSources/guice-4.0-test-sources/src/test/java/com/google/inject/internal/WeakKeySetTest.java:[58,36] error: cannot find symbol
[ERROR] class TestCase
[ERROR] /home/artefact/tests/MavenTestSources/guice-4.0-test-sources/src/test/java/com/google/inject/PrivateModuleTest.java:[32,22] error: package junit.framework does not exist
[ERROR] /home/artefact/tests/MavenTestSources/guice-4.0-test-sources/src/test/java/com/google/inject/PrivateModuleTest.java:[41,39] error: cannot find symbol
[ERROR] class TestCase
[ERROR] /home/artefact/tests/MavenTestSources/guice-4.0-test-sources/src/test/java/com/google/inject/spi/HasDependenciesTest.java:[28,22] error: package junit.framework does not exist
[ERROR] /home/artefact/tests/MavenTestSources/guice-4.0-test-sources/src/test/java/com/google/inject/spi/HasDependenciesTest.java:[35,41] error: cannot find symbol
[ERROR] class TestCase
[ERROR] /home/artefact/tests/MavenTestSources/guice-4.0-test-sources/src/test/java/com/google/inject/RequireAtInjectOnConstructorsTest.java:[20,22] error: package junit.framework does not exist
[ERROR] /home/artefact/tests/MavenTestSources/guice-4.0-test-sources/src/test/java/com/google/inject/RequireAtInjectOnConstructorsTest.java:[27,55] error: cannot find symbol
[ERROR] class TestCase
[ERROR] /home/artefact/tests/MavenTestSources/guice-4.0-test-sources/src/test/java/com/google/inject/IntegrationTest.java:[21,22] error: package junit.framework does not exist
[ERROR] /home/artefact/tests/MavenTestSources/guice-4.0-test-sources/src/test/java/com/google/inject/IntegrationTest.java:[29,37] error: cannot find symbol
[ERROR] class TestCase
[ERROR] /home/artefact/tests/MavenTestSources/guice-4.0-test-sources/src/test/java/com/google/inject/util/TypesTest.java:[29,22] error: package junit.framework does not exist
[ERROR] /home/artefact/tests/MavenTestSources/guice-4.0-test-sources/src/test/java/com/google/inject/util/TypesTest.java:[30,22] error: package junit.framework does not exist
[ERROR] /home/artefact/tests/MavenTestSources/guice-4.0-test-sources/src/test/java/com/google/inject/util/TypesTest.java:[44,31] error: cannot find symbol
[ERROR] class TestCase
[ERROR] /home/artefact/tests/MavenTestSources/guice-4.0-test-sources/src/test/java/com/google/inject/BinderTest.java:[32,22] error: package junit.framework does not exist
[ERROR] /home/artefact/tests/MavenTestSources/guice-4.0-test-sources/src/test/java/com/google/inject/BinderTest.java:[46,32] error: cannot find symbol
[ERROR] class TestCase
[ERROR] /home/artefact/tests/MavenTestSources/guice-4.0-test-sources/src/test/java/com/google/inject/BindingTest.java:[30,22] error: package junit.framework does not exist
[ERROR] /home/artefact/tests/MavenTestSources/guice-4.0-test-sources/src/test/java/com/google/inject/BindingTest.java:[48,33] error: cannot find symbol
[ERROR] class TestCase
[ERROR] /home/artefact/tests/MavenTestSources/guice-4.0-test-sources/src/test/java/com/google/inject/BoundProviderTest.java:[19,22] error: package junit.framework does not exist
[ERROR] /home/artefact/tests/MavenTestSources/guice-4.0-test-sources/src/test/java/com/google/inject/BoundProviderTest.java:[24,39] error: cannot find symbol
[ERROR] class TestCase
[ERROR] /home/artefact/tests/MavenTestSources/guice-4.0-test-sources/src/test/java/com/google/inject/InjectorTest.java:[24,22] error: package junit.framework does not exist
[ERROR] /home/artefact/tests/MavenTestSources/guice-4.0-test-sources/src/test/java/com/google/inject/InjectorTest.java:[39,34] error: cannot find symbol
[ERROR] class TestCase
[ERROR] /home/artefact/tests/MavenTestSources/guice-4.0-test-sources/src/test/java/com/google/inject/BindingAnnotationTest.java:[23,22] error: package junit.framework does not exist
[ERROR] /home/artefact/tests/MavenTestSources/guice-4.0-test-sources/src/test/java/com/google/inject/BindingAnnotationTest.java:[31,43] error: cannot find symbol
[ERROR] class TestCase
[ERROR] /home/artefact/tests/MavenTestSources/guice-4.0-test-sources/src/test/java/com/google/inject/internal/ProxyFactoryTest.java:[28,22] error: package junit.framework does not exist
[ERROR] /home/artefact/tests/MavenTestSources/guice-4.0-test-sources/src/test/java/com/google/inject/internal/ProxyFactoryTest.java:[41,38] error: cannot find symbol
[ERROR] class TestCase
[ERROR] /home/artefact/tests/MavenTestSources/guice-4.0-test-sources/src/test/java/com/googlecode/guice/GuiceTck.java:[23,22] error: package junit.framework does not exist
[ERROR] /home/artefact/tests/MavenTestSources/guice-4.0-test-sources/src/test/java/com/googlecode/guice/GuiceTck.java:[24,22] error: package junit.framework does not exist
[ERROR] /home/artefact/tests/MavenTestSources/guice-4.0-test-sources/src/test/java/com/googlecode/guice/GuiceTck.java:[26,23] error: package org.atinject.tck does not exist
[ERROR] /home/artefact/tests/MavenTestSources/guice-4.0-test-sources/src/test/java/com/googlecode/guice/GuiceTck.java:[27,28] error: package org.atinject.tck.auto does not exist
[ERROR] /home/artefact/tests/MavenTestSources/guice-4.0-test-sources/src/test/java/com/googlecode/guice/GuiceTck.java:[28,28] error: package org.atinject.tck.auto does not exist
[ERROR] /home/artefact/tests/MavenTestSources/guice-4.0-test-sources/src/test/java/com/googlecode/guice/GuiceTck.java:[29,28] error: package org.atinject.tck.auto does not exist
[ERROR] /home/artefact/tests/MavenTestSources/guice-4.0-test-sources/src/test/java/com/googlecode/guice/GuiceTck.java:[30,28] error: package org.atinject.tck.auto does not exist
[ERROR] /home/artefact/tests/MavenTestSources/guice-4.0-test-sources/src/test/java/com/googlecode/guice/GuiceTck.java:[31,28] error: package org.atinject.tck.auto does not exist
[ERROR] /home/artefact/tests/MavenTestSources/guice-4.0-test-sources/src/test/java/com/googlecode/guice/GuiceTck.java:[32,28] error: package org.atinject.tck.auto does not exist
[ERROR] -> [Help 1]
[ERROR] 
[ERROR] To see the full stack trace of the errors, re-run Maven with the -e switch.
[ERROR] Re-run Maven using the -X switch to enable full debug logging.
[ERROR] 
[ERROR] For more information about the errors and possible solutions, please read the following articles:
[ERROR] [Help 1] http://cwiki.apache.org/confluence/display/MAVEN/MojoFailureException
