[INFO] Scanning for projects...
[INFO]                                                                         
[INFO] ------------------------------------------------------------------------
[INFO] Building elasticsearch 1.5.1
[INFO] ------------------------------------------------------------------------
Downloading: https://repo.maven.apache.org/maven2/de/thetaphi/forbiddenapis/1.7/forbiddenapis-1.7.pom
3/3 KB   3/3 KB            Downloaded: https://repo.maven.apache.org/maven2/de/thetaphi/forbiddenapis/1.7/forbiddenapis-1.7.pom (3 KB at 1.6 KB/sec)
Downloading: https://repo.maven.apache.org/maven2/de/thetaphi/forbiddenapis/1.7/forbiddenapis-1.7.jar
3/181 KB   5/181 KB   8/181 KB   11/181 KB   13/181 KB   16/181 KB   19/181 KB   21/181 KB   24/181 KB   27/181 KB   29/181 KB   32/181 KB   36/181 KB   40/181 KB   44/181 KB   48/181 KB   52/181 KB   56/181 KB   60/181 KB   64/181 KB   68/181 KB   72/181 KB   76/181 KB   80/181 KB   84/181 KB   88/181 KB   92/181 KB   96/181 KB   100/181 KB   104/181 KB   108/181 KB   112/181 KB   116/181 KB   120/181 KB   124/181 KB   128/181 KB   132/181 KB   136/181 KB   140/181 KB   144/181 KB   148/181 KB   152/181 KB   156/181 KB   160/181 KB   164/181 KB   168/181 KB   172/181 KB   176/181 KB   180/181 KB   181/181 KB                Downloaded: https://repo.maven.apache.org/maven2/de/thetaphi/forbiddenapis/1.7/forbiddenapis-1.7.jar (181 KB at 199.6 KB/sec)
[INFO] 
[INFO] --- maven-enforcer-plugin:1.3.1:enforce (enforce-maven) @ elasticsearch ---
[INFO] 
[INFO] --- maven-enforcer-plugin:1.3.1:enforce (enforce-versions) @ elasticsearch ---
[INFO] 
[INFO] --- maven-antrun-plugin:1.7:run (default) @ elasticsearch ---
[INFO] Executing tasks

main:
     [echo] Using OpenJDK Runtime Environment 1.8.0_121-8u121-b13-0ubuntu1.16.04.2-b13 Oracle Corporation
[INFO] Executed tasks
[INFO] 
[INFO] --- maven-antrun-plugin:1.7:run (set-permGen) @ elasticsearch ---
[INFO] Executing tasks

main:
[INFO] ------------------------------------------------------------------------
[INFO] BUILD FAILURE
[INFO] ------------------------------------------------------------------------
[INFO] Total time: 3.761 s
[INFO] Finished at: 2017-09-21T11:40:20+02:00
[INFO] Final Memory: 17M/175M
[INFO] ------------------------------------------------------------------------
[ERROR] Failed to execute goal org.apache.maven.plugins:maven-antrun-plugin:1.7:run (set-permGen) on project elasticsearch: An Ant BuildException has occured: The property attribute is required.
[ERROR] around Ant part ...<condition>... @ 4:14 in /home/artefact/tests/Maven Test Sources/elasticsearch-1.5.1-test-sources/target/antrun/build-main.xml
[ERROR] -> [Help 1]
[ERROR] 
[ERROR] To see the full stack trace of the errors, re-run Maven with the -e switch.
[ERROR] Re-run Maven using the -X switch to enable full debug logging.
[ERROR] 
[ERROR] For more information about the errors and possible solutions, please read the following articles:
[ERROR] [Help 1] http://cwiki.apache.org/confluence/display/MAVEN/MojoExecutionException
