[INFO] Scanning for projects...
[INFO]                                                                         
[INFO] ------------------------------------------------------------------------
[INFO] Building Google Guice - Core Library 4.0-beta5
[INFO] ------------------------------------------------------------------------
[INFO] 
[INFO] --- maven-remote-resources-plugin:1.1:process (default) @ guice ---
[INFO] Setting property: classpath.resource.loader.class => 'org.codehaus.plexus.velocity.ContextClassLoaderResourceLoader'.
[INFO] Setting property: velocimacro.messages.on => 'false'.
[INFO] Setting property: resource.loader => 'classpath'.
[INFO] Setting property: resource.manager.logwhenfound => 'false'.
[INFO] 
[INFO] --- maven-resources-plugin:2.6:resources (default-resources) @ guice ---
[INFO] Using 'UTF-8' encoding to copy filtered resources.
[INFO] Copying 8 resources
[INFO] Copying 3 resources
[INFO] 
[INFO] --- maven-compiler-plugin:2.3.2:compile (default-compile) @ guice ---
[INFO] Compiling 273 source files to /home/artefact/tests/MavenTestSources/guice-4.0-beta5-test-sources/target/classes
[INFO] -------------------------------------------------------------
[ERROR] COMPILATION ERROR : 
[INFO] -------------------------------------------------------------
[ERROR] /home/artefact/tests/MavenTestSources/guice-4.0-beta5-test-sources/src/test/java/com/google/inject/ReflectionTest.java:[23,22] error: package junit.framework does not exist
[ERROR] /home/artefact/tests/MavenTestSources/guice-4.0-beta5-test-sources/src/test/java/com/google/inject/ReflectionTest.java:[30,36] error: cannot find symbol
[ERROR]  class TestCase
/home/artefact/tests/MavenTestSources/guice-4.0-beta5-test-sources/src/test/java/com/google/inject/Asserts.java:[22,29] error: package junit.framework does not exist
[ERROR] /home/artefact/tests/MavenTestSources/guice-4.0-beta5-test-sources/src/test/java/com/google/inject/Asserts.java:[22,0] error: static import only from classes and interfaces
[ERROR] /home/artefact/tests/MavenTestSources/guice-4.0-beta5-test-sources/src/test/java/com/google/inject/Asserts.java:[23,29] error: package junit.framework does not exist
[ERROR] /home/artefact/tests/MavenTestSources/guice-4.0-beta5-test-sources/src/test/java/com/google/inject/Asserts.java:[23,0] error: static import only from classes and interfaces
[ERROR] /home/artefact/tests/MavenTestSources/guice-4.0-beta5-test-sources/src/test/java/com/google/inject/Asserts.java:[24,29] error: package junit.framework does not exist
[ERROR] /home/artefact/tests/MavenTestSources/guice-4.0-beta5-test-sources/src/test/java/com/google/inject/Asserts.java:[24,0] error: static import only from classes and interfaces
[ERROR] /home/artefact/tests/MavenTestSources/guice-4.0-beta5-test-sources/src/test/java/com/google/inject/Asserts.java:[31,22] error: package junit.framework does not exist
[ERROR] /home/artefact/tests/MavenTestSources/guice-4.0-beta5-test-sources/src/test/java/com/google/inject/KeyTest.java:[28,22] error: package junit.framework does not exist
[ERROR] /home/artefact/tests/MavenTestSources/guice-4.0-beta5-test-sources/src/test/java/com/google/inject/KeyTest.java:[44,29] error: cannot find symbol
[ERROR]  class TestCase
/home/artefact/tests/MavenTestSources/guice-4.0-beta5-test-sources/src/test/java/com/google/inject/internal/UniqueAnnotationsTest.java:[20,22] error: package junit.framework does not exist
[ERROR] /home/artefact/tests/MavenTestSources/guice-4.0-beta5-test-sources/src/test/java/com/google/inject/internal/UniqueAnnotationsTest.java:[27,43] error: cannot find symbol
[ERROR]  class TestCase
/home/artefact/tests/MavenTestSources/guice-4.0-beta5-test-sources/src/test/java/com/google/inject/spi/HasDependenciesTest.java:[28,22] error: package junit.framework does not exist
[ERROR] /home/artefact/tests/MavenTestSources/guice-4.0-beta5-test-sources/src/test/java/com/google/inject/spi/HasDependenciesTest.java:[35,41] error: cannot find symbol
[ERROR]  class TestCase
/home/artefact/tests/MavenTestSources/guice-4.0-beta5-test-sources/src/test/java/com/google/inject/ScopesTest.java:[33,22] error: package junit.framework does not exist
[ERROR] /home/artefact/tests/MavenTestSources/guice-4.0-beta5-test-sources/src/test/java/com/google/inject/ScopesTest.java:[48,32] error: cannot find symbol
[ERROR]  class TestCase
/home/artefact/tests/MavenTestSources/guice-4.0-beta5-test-sources/src/test/java/com/google/inject/ProviderInjectionTest.java:[23,22] error: package junit.framework does not exist
[ERROR] /home/artefact/tests/MavenTestSources/guice-4.0-beta5-test-sources/src/test/java/com/google/inject/ProviderInjectionTest.java:[31,43] error: cannot find symbol
[ERROR]  class TestCase
/home/artefact/tests/MavenTestSources/guice-4.0-beta5-test-sources/src/test/java/com/google/inject/MembersInjectorTest.java:[24,22] error: package junit.framework does not exist
[ERROR] /home/artefact/tests/MavenTestSources/guice-4.0-beta5-test-sources/src/test/java/com/google/inject/MembersInjectorTest.java:[25,22] error: package junit.framework does not exist
[ERROR] /home/artefact/tests/MavenTestSources/guice-4.0-beta5-test-sources/src/test/java/com/google/inject/MembersInjectorTest.java:[32,41] error: cannot find symbol
[ERROR]  class TestCase
/home/artefact/tests/MavenTestSources/guice-4.0-beta5-test-sources/src/test/java/com/google/inject/internal/util/LineNumbersTest.java:[28,22] error: package junit.framework does not exist
[ERROR] /home/artefact/tests/MavenTestSources/guice-4.0-beta5-test-sources/src/test/java/com/google/inject/internal/util/LineNumbersTest.java:[37,37] error: cannot find symbol
[ERROR]  class TestCase
/home/artefact/tests/MavenTestSources/guice-4.0-beta5-test-sources/src/test/java/com/google/inject/ProvisionExceptionsTest.java:[23,22] error: package junit.framework does not exist
[ERROR] /home/artefact/tests/MavenTestSources/guice-4.0-beta5-test-sources/src/test/java/com/google/inject/ProvisionExceptionsTest.java:[33,45] error: cannot find symbol
[ERROR]  class TestCase
/home/artefact/tests/MavenTestSources/guice-4.0-beta5-test-sources/src/test/java/com/google/inject/matcher/MatcherTest.java:[34,22] error: package junit.framework does not exist
[ERROR] /home/artefact/tests/MavenTestSources/guice-4.0-beta5-test-sources/src/test/java/com/google/inject/matcher/MatcherTest.java:[46,33] error: cannot find symbol
[ERROR]  class TestCase
/home/artefact/tests/MavenTestSources/guice-4.0-beta5-test-sources/src/test/java/com/google/inject/spi/ElementsTest.java:[51,22] error: package junit.framework does not exist
[ERROR] /home/artefact/tests/MavenTestSources/guice-4.0-beta5-test-sources/src/test/java/com/google/inject/spi/ElementsTest.java:[74,34] error: cannot find symbol
[ERROR]  class TestCase
/home/artefact/tests/MavenTestSources/guice-4.0-beta5-test-sources/src/test/java/com/google/inject/spi/FailingElementVisitor.java:[19,22] error: package junit.framework does not exist
[ERROR] /home/artefact/tests/MavenTestSources/guice-4.0-beta5-test-sources/src/test/java/com/google/inject/BindingAnnotationTest.java:[23,22] error: package junit.framework does not exist
[ERROR] /home/artefact/tests/MavenTestSources/guice-4.0-beta5-test-sources/src/test/java/com/google/inject/BindingAnnotationTest.java:[31,43] error: cannot find symbol
[ERROR]  class TestCase
/home/artefact/tests/MavenTestSources/guice-4.0-beta5-test-sources/src/test/java/com/googlecode/guice/Jsr330Test.java:[37,22] error: package junit.framework does not exist
[ERROR] /home/artefact/tests/MavenTestSources/guice-4.0-beta5-test-sources/src/test/java/com/googlecode/guice/Jsr330Test.java:[49,32] error: cannot find symbol
[ERROR]  class TestCase
/home/artefact/tests/MavenTestSources/guice-4.0-beta5-test-sources/src/test/java/com/google/inject/name/NamesTest.java:[29,22] error: package junit.framework does not exist
[ERROR] /home/artefact/tests/MavenTestSources/guice-4.0-beta5-test-sources/src/test/java/com/google/inject/name/NamesTest.java:[38,31] error: cannot find symbol
[ERROR]  class TestCase
/home/artefact/tests/MavenTestSources/guice-4.0-beta5-test-sources/src/test/java/com/google/inject/util/TypesTest.java:[29,22] error: package junit.framework does not exist
[ERROR] /home/artefact/tests/MavenTestSources/guice-4.0-beta5-test-sources/src/test/java/com/google/inject/util/TypesTest.java:[30,22] error: package junit.framework does not exist
[ERROR] /home/artefact/tests/MavenTestSources/guice-4.0-beta5-test-sources/src/test/java/com/google/inject/util/TypesTest.java:[44,31] error: cannot find symbol
[ERROR]  class TestCase
/home/artefact/tests/MavenTestSources/guice-4.0-beta5-test-sources/src/test/java/com/google/inject/BinderTestSuite.java:[32,22] error: package junit.framework does not exist
[ERROR] /home/artefact/tests/MavenTestSources/guice-4.0-beta5-test-sources/src/test/java/com/google/inject/BinderTestSuite.java:[33,22] error: package junit.framework does not exist
[ERROR] /home/artefact/tests/MavenTestSources/guice-4.0-beta5-test-sources/src/test/java/com/google/inject/BinderTestSuite.java:[34,22] error: package junit.framework does not exist
[ERROR] /home/artefact/tests/MavenTestSources/guice-4.0-beta5-test-sources/src/test/java/com/google/inject/BinderTestSuite.java:[45,37] error: cannot find symbol
[ERROR]  class TestCase
/home/artefact/tests/MavenTestSources/guice-4.0-beta5-test-sources/src/test/java/com/google/inject/BinderTestSuite.java:[47,16] error: cannot find symbol
[ERROR]  class BinderTestSuite
/home/artefact/tests/MavenTestSources/guice-4.0-beta5-test-sources/src/test/java/com/google/inject/BinderTestSuite.java:[362,27] error: cannot find symbol
[ERROR]  class Builder
/home/artefact/tests/MavenTestSources/guice-4.0-beta5-test-sources/src/test/java/com/google/inject/BinderTestSuite.java:[378,42] error: cannot find symbol
[ERROR]  class BinderTestSuite
/home/artefact/tests/MavenTestSources/guice-4.0-beta5-test-sources/src/test/java/com/google/inject/BinderTestSuite.java:[448,52] error: cannot find symbol
[ERROR]  class BinderTestSuite
/home/artefact/tests/MavenTestSources/guice-4.0-beta5-test-sources/src/test/java/com/google/inject/BinderTestSuite.java:[476,57] error: cannot find symbol
[ERROR]  class BinderTestSuite
/home/artefact/tests/MavenTestSources/guice-4.0-beta5-test-sources/src/test/java/com/google/inject/BinderTestSuite.java:[545,49] error: cannot find symbol
[ERROR]  class BinderTestSuite
/home/artefact/tests/MavenTestSources/guice-4.0-beta5-test-sources/src/test/java/com/google/inject/ProvisionListenerTest.java:[35,22] error: package junit.framework does not exist
[ERROR] /home/artefact/tests/MavenTestSources/guice-4.0-beta5-test-sources/src/test/java/com/google/inject/ProvisionListenerTest.java:[48,43] error: cannot find symbol
[ERROR]  class TestCase
/home/artefact/tests/MavenTestSources/guice-4.0-beta5-test-sources/src/test/java/com/google/inject/spi/InjectorSpiTest.java:[12,22] error: package junit.framework does not exist
[ERROR] /home/artefact/tests/MavenTestSources/guice-4.0-beta5-test-sources/src/test/java/com/google/inject/spi/InjectorSpiTest.java:[19,37] error: cannot find symbol
[ERROR]  class TestCase
/home/artefact/tests/MavenTestSources/guice-4.0-beta5-test-sources/src/test/java/com/google/inject/InjectorTest.java:[24,22] error: package junit.framework does not exist
[ERROR] /home/artefact/tests/MavenTestSources/guice-4.0-beta5-test-sources/src/test/java/com/google/inject/InjectorTest.java:[39,34] error: cannot find symbol
[ERROR]  class TestCase
/home/artefact/tests/MavenTestSources/guice-4.0-beta5-test-sources/src/test/java/com/google/inject/ProvisionExceptionTest.java:[28,22] error: package junit.framework does not exist
[ERROR] /home/artefact/tests/MavenTestSources/guice-4.0-beta5-test-sources/src/test/java/com/google/inject/ProvisionExceptionTest.java:[38,44] error: cannot find symbol
[ERROR]  class TestCase
/home/artefact/tests/MavenTestSources/guice-4.0-beta5-test-sources/src/test/java/com/google/inject/internal/WeakKeySetUtils.java:[17,29] error: package junit.framework does not exist
[ERROR] /home/artefact/tests/MavenTestSources/guice-4.0-beta5-test-sources/src/test/java/com/google/inject/internal/WeakKeySetUtils.java:[17,0] error: static import only from classes and interfaces
[ERROR] /home/artefact/tests/MavenTestSources/guice-4.0-beta5-test-sources/src/test/java/com/google/inject/internal/WeakKeySetUtils.java:[18,29] error: package junit.framework does not exist
[ERROR] /home/artefact/tests/MavenTestSources/guice-4.0-beta5-test-sources/src/test/java/com/google/inject/internal/WeakKeySetUtils.java:[18,0] error: static import only from classes and interfaces
[ERROR] /home/artefact/tests/MavenTestSources/guice-4.0-beta5-test-sources/src/test/java/com/google/inject/internal/WeakKeySetUtils.java:[19,29] error: package junit.framework does not exist
[ERROR] /home/artefact/tests/MavenTestSources/guice-4.0-beta5-test-sources/src/test/java/com/google/inject/internal/WeakKeySetUtils.java:[19,0] error: static import only from classes and interfaces
[ERROR] /home/artefact/tests/MavenTestSources/guice-4.0-beta5-test-sources/src/test/java/com/google/inject/internal/WeakKeySetUtils.java:[20,29] error: package junit.framework does not exist
[ERROR] /home/artefact/tests/MavenTestSources/guice-4.0-beta5-test-sources/src/test/java/com/google/inject/internal/WeakKeySetUtils.java:[20,0] error: static import only from classes and interfaces
[ERROR] /home/artefact/tests/MavenTestSources/guice-4.0-beta5-test-sources/src/test/java/com/google/inject/internal/WeakKeySetUtils.java:[21,29] error: package junit.framework does not exist
[ERROR] /home/artefact/tests/MavenTestSources/guice-4.0-beta5-test-sources/src/test/java/com/google/inject/internal/WeakKeySetUtils.java:[21,0] error: static import only from classes and interfaces
[ERROR] /home/artefact/tests/MavenTestSources/guice-4.0-beta5-test-sources/src/test/java/com/google/inject/internal/WeakKeySetUtils.java:[22,29] error: package junit.framework does not exist
[ERROR] /home/artefact/tests/MavenTestSources/guice-4.0-beta5-test-sources/src/test/java/com/google/inject/internal/WeakKeySetUtils.java:[22,0] error: static import only from classes and interfaces
[ERROR] /home/artefact/tests/MavenTestSources/guice-4.0-beta5-test-sources/src/test/java/com/google/inject/internal/WeakKeySetUtils.java:[24,32] error: package com.google.common.testing does not exist
[ERROR] /home/artefact/tests/MavenTestSources/guice-4.0-beta5-test-sources/src/test/java/com/google/inject/LoggerInjectionTest.java:[7,22] error: package junit.framework does not exist
[ERROR] /home/artefact/tests/MavenTestSources/guice-4.0-beta5-test-sources/src/test/java/com/google/inject/LoggerInjectionTest.java:[16,41] error: cannot find symbol
[ERROR]  class TestCase
/home/artefact/tests/MavenTestSources/guice-4.0-beta5-test-sources/src/test/java/com/google/inject/ModuleTest.java:[5,22] error: package junit.framework does not exist
[ERROR] /home/artefact/tests/MavenTestSources/guice-4.0-beta5-test-sources/src/test/java/com/google/inject/ModuleTest.java:[12,32] error: cannot find symbol
[ERROR]  class TestCase
/home/artefact/tests/MavenTestSources/guice-4.0-beta5-test-sources/src/test/java/com/google/inject/GenericInjectionTest.java:[23,22] error: package junit.framework does not exist
[ERROR] /home/artefact/tests/MavenTestSources/guice-4.0-beta5-test-sources/src/test/java/com/google/inject/GenericInjectionTest.java:[34,42] error: cannot find symbol
[ERROR]  class TestCase
/home/artefact/tests/MavenTestSources/guice-4.0-beta5-test-sources/src/test/java/com/google/inject/SuiteUtils.java:[19,22] error: package junit.framework does not exist
[ERROR] /home/artefact/tests/MavenTestSources/guice-4.0-beta5-test-sources/src/test/java/com/google/inject/SuiteUtils.java:[20,22] error: package junit.framework does not exist
[ERROR] /home/artefact/tests/MavenTestSources/guice-4.0-beta5-test-sources/src/test/java/com/google/inject/SuiteUtils.java:[27,48] error: cannot find symbol
[ERROR]  class SuiteUtils
/home/artefact/tests/MavenTestSources/guice-4.0-beta5-test-sources/src/test/java/com/google/inject/SuiteUtils.java:[27,16] error: cannot find symbol
[ERROR]  class SuiteUtils
/home/artefact/tests/MavenTestSources/guice-4.0-beta5-test-sources/src/test/java/com/google/inject/IntegrationTest.java:[21,22] error: package junit.framework does not exist
[ERROR] /home/artefact/tests/MavenTestSources/guice-4.0-beta5-test-sources/src/test/java/com/google/inject/IntegrationTest.java:[29,37] error: cannot find symbol
[ERROR]  class TestCase
/home/artefact/tests/MavenTestSources/guice-4.0-beta5-test-sources/src/test/java/com/google/inject/example/ClientServiceWithGuice.java:[19,29] error: package junit.framework does not exist
[ERROR] /home/artefact/tests/MavenTestSources/guice-4.0-beta5-test-sources/src/test/java/com/google/inject/example/ClientServiceWithGuice.java:[19,0] error: static import only from classes and interfaces
[ERROR] /home/artefact/tests/MavenTestSources/guice-4.0-beta5-test-sources/src/test/java/com/google/inject/TypeListenerTest.java:[35,22] error: package junit.framework does not exist
[ERROR] /home/artefact/tests/MavenTestSources/guice-4.0-beta5-test-sources/src/test/java/com/google/inject/TypeListenerTest.java:[44,38] error: cannot find symbol
[ERROR]  class TestCase
/home/artefact/tests/MavenTestSources/guice-4.0-beta5-test-sources/src/test/java/com/google/inject/BoundInstanceInjectionTest.java:[26,22] error: package junit.framework does not exist
[ERROR] /home/artefact/tests/MavenTestSources/guice-4.0-beta5-test-sources/src/test/java/com/google/inject/BoundInstanceInjectionTest.java:[34,48] error: cannot find symbol
[ERROR]  class TestCase
/home/artefact/tests/MavenTestSources/guice-4.0-beta5-test-sources/src/test/java/com/google/inject/NullableInjectionPointTest.java:[6,22] error: package junit.framework does not exist
[ERROR] /home/artefact/tests/MavenTestSources/guice-4.0-beta5-test-sources/src/test/java/com/google/inject/NullableInjectionPointTest.java:[17,48] error: cannot find symbol
[ERROR]  class TestCase
/home/artefact/tests/MavenTestSources/guice-4.0-beta5-test-sources/src/test/java/com/google/inject/MethodInterceptionTest.java:[29,22] error: package junit.framework does not exist
[ERROR] /home/artefact/tests/MavenTestSources/guice-4.0-beta5-test-sources/src/test/java/com/google/inject/MethodInterceptionTest.java:[44,44] error: cannot find symbol
[ERROR]  class TestCase
/home/artefact/tests/MavenTestSources/guice-4.0-beta5-test-sources/src/test/java/com/google/inject/TypeLiteralInjectionTest.java:[24,22] error: package junit.framework does not exist
[ERROR] /home/artefact/tests/MavenTestSources/guice-4.0-beta5-test-sources/src/test/java/com/google/inject/TypeLiteralInjectionTest.java:[33,46] error: cannot find symbol
[ERROR]  class TestCase
/home/artefact/tests/MavenTestSources/guice-4.0-beta5-test-sources/src/test/java/com/google/inject/SuperclassTest.java:[19,22] error: package junit.framework does not exist
[ERROR] /home/artefact/tests/MavenTestSources/guice-4.0-beta5-test-sources/src/test/java/com/google/inject/SuperclassTest.java:[24,36] error: cannot find symbol
[ERROR]  class TestCase
/home/artefact/tests/MavenTestSources/guice-4.0-beta5-test-sources/src/test/java/com/google/inject/OptionalBindingTest.java:[25,22] error: package junit.framework does not exist
[ERROR] /home/artefact/tests/MavenTestSources/guice-4.0-beta5-test-sources/src/test/java/com/google/inject/OptionalBindingTest.java:[35,41] error: cannot find symbol
[ERROR]  class TestCase
/home/artefact/tests/MavenTestSources/guice-4.0-beta5-test-sources/src/test/java/com/google/inject/example/ClientServiceWithFactories.java:[19,29] error: package junit.framework does not exist
[INFO] 100 errors 
[INFO] -------------------------------------------------------------
[INFO] ------------------------------------------------------------------------
[INFO] BUILD FAILURE
[INFO] ------------------------------------------------------------------------
[INFO] Total time: 5.140 s
[INFO] Finished at: 2017-09-21T21:52:56+02:00
[INFO] Final Memory: 19M/318M
[INFO] ------------------------------------------------------------------------
[ERROR] Failed to execute goal org.apache.maven.plugins:maven-compiler-plugin:2.3.2:compile (default-compile) on project guice: Compilation failure: Compilation failure:
[ERROR] /home/artefact/tests/MavenTestSources/guice-4.0-beta5-test-sources/src/test/java/com/google/inject/ReflectionTest.java:[23,22] error: package junit.framework does not exist
[ERROR] /home/artefact/tests/MavenTestSources/guice-4.0-beta5-test-sources/src/test/java/com/google/inject/ReflectionTest.java:[30,36] error: cannot find symbol
[ERROR] class TestCase
[ERROR] /home/artefact/tests/MavenTestSources/guice-4.0-beta5-test-sources/src/test/java/com/google/inject/Asserts.java:[22,29] error: package junit.framework does not exist
[ERROR] /home/artefact/tests/MavenTestSources/guice-4.0-beta5-test-sources/src/test/java/com/google/inject/Asserts.java:[22,0] error: static import only from classes and interfaces
[ERROR] /home/artefact/tests/MavenTestSources/guice-4.0-beta5-test-sources/src/test/java/com/google/inject/Asserts.java:[23,29] error: package junit.framework does not exist
[ERROR] /home/artefact/tests/MavenTestSources/guice-4.0-beta5-test-sources/src/test/java/com/google/inject/Asserts.java:[23,0] error: static import only from classes and interfaces
[ERROR] /home/artefact/tests/MavenTestSources/guice-4.0-beta5-test-sources/src/test/java/com/google/inject/Asserts.java:[24,29] error: package junit.framework does not exist
[ERROR] /home/artefact/tests/MavenTestSources/guice-4.0-beta5-test-sources/src/test/java/com/google/inject/Asserts.java:[24,0] error: static import only from classes and interfaces
[ERROR] /home/artefact/tests/MavenTestSources/guice-4.0-beta5-test-sources/src/test/java/com/google/inject/Asserts.java:[31,22] error: package junit.framework does not exist
[ERROR] /home/artefact/tests/MavenTestSources/guice-4.0-beta5-test-sources/src/test/java/com/google/inject/KeyTest.java:[28,22] error: package junit.framework does not exist
[ERROR] /home/artefact/tests/MavenTestSources/guice-4.0-beta5-test-sources/src/test/java/com/google/inject/KeyTest.java:[44,29] error: cannot find symbol
[ERROR] class TestCase
[ERROR] /home/artefact/tests/MavenTestSources/guice-4.0-beta5-test-sources/src/test/java/com/google/inject/internal/UniqueAnnotationsTest.java:[20,22] error: package junit.framework does not exist
[ERROR] /home/artefact/tests/MavenTestSources/guice-4.0-beta5-test-sources/src/test/java/com/google/inject/internal/UniqueAnnotationsTest.java:[27,43] error: cannot find symbol
[ERROR] class TestCase
[ERROR] /home/artefact/tests/MavenTestSources/guice-4.0-beta5-test-sources/src/test/java/com/google/inject/spi/HasDependenciesTest.java:[28,22] error: package junit.framework does not exist
[ERROR] /home/artefact/tests/MavenTestSources/guice-4.0-beta5-test-sources/src/test/java/com/google/inject/spi/HasDependenciesTest.java:[35,41] error: cannot find symbol
[ERROR] class TestCase
[ERROR] /home/artefact/tests/MavenTestSources/guice-4.0-beta5-test-sources/src/test/java/com/google/inject/ScopesTest.java:[33,22] error: package junit.framework does not exist
[ERROR] /home/artefact/tests/MavenTestSources/guice-4.0-beta5-test-sources/src/test/java/com/google/inject/ScopesTest.java:[48,32] error: cannot find symbol
[ERROR] class TestCase
[ERROR] /home/artefact/tests/MavenTestSources/guice-4.0-beta5-test-sources/src/test/java/com/google/inject/ProviderInjectionTest.java:[23,22] error: package junit.framework does not exist
[ERROR] /home/artefact/tests/MavenTestSources/guice-4.0-beta5-test-sources/src/test/java/com/google/inject/ProviderInjectionTest.java:[31,43] error: cannot find symbol
[ERROR] class TestCase
[ERROR] /home/artefact/tests/MavenTestSources/guice-4.0-beta5-test-sources/src/test/java/com/google/inject/MembersInjectorTest.java:[24,22] error: package junit.framework does not exist
[ERROR] /home/artefact/tests/MavenTestSources/guice-4.0-beta5-test-sources/src/test/java/com/google/inject/MembersInjectorTest.java:[25,22] error: package junit.framework does not exist
[ERROR] /home/artefact/tests/MavenTestSources/guice-4.0-beta5-test-sources/src/test/java/com/google/inject/MembersInjectorTest.java:[32,41] error: cannot find symbol
[ERROR] class TestCase
[ERROR] /home/artefact/tests/MavenTestSources/guice-4.0-beta5-test-sources/src/test/java/com/google/inject/internal/util/LineNumbersTest.java:[28,22] error: package junit.framework does not exist
[ERROR] /home/artefact/tests/MavenTestSources/guice-4.0-beta5-test-sources/src/test/java/com/google/inject/internal/util/LineNumbersTest.java:[37,37] error: cannot find symbol
[ERROR] class TestCase
[ERROR] /home/artefact/tests/MavenTestSources/guice-4.0-beta5-test-sources/src/test/java/com/google/inject/ProvisionExceptionsTest.java:[23,22] error: package junit.framework does not exist
[ERROR] /home/artefact/tests/MavenTestSources/guice-4.0-beta5-test-sources/src/test/java/com/google/inject/ProvisionExceptionsTest.java:[33,45] error: cannot find symbol
[ERROR] class TestCase
[ERROR] /home/artefact/tests/MavenTestSources/guice-4.0-beta5-test-sources/src/test/java/com/google/inject/matcher/MatcherTest.java:[34,22] error: package junit.framework does not exist
[ERROR] /home/artefact/tests/MavenTestSources/guice-4.0-beta5-test-sources/src/test/java/com/google/inject/matcher/MatcherTest.java:[46,33] error: cannot find symbol
[ERROR] class TestCase
[ERROR] /home/artefact/tests/MavenTestSources/guice-4.0-beta5-test-sources/src/test/java/com/google/inject/spi/ElementsTest.java:[51,22] error: package junit.framework does not exist
[ERROR] /home/artefact/tests/MavenTestSources/guice-4.0-beta5-test-sources/src/test/java/com/google/inject/spi/ElementsTest.java:[74,34] error: cannot find symbol
[ERROR] class TestCase
[ERROR] /home/artefact/tests/MavenTestSources/guice-4.0-beta5-test-sources/src/test/java/com/google/inject/spi/FailingElementVisitor.java:[19,22] error: package junit.framework does not exist
[ERROR] /home/artefact/tests/MavenTestSources/guice-4.0-beta5-test-sources/src/test/java/com/google/inject/BindingAnnotationTest.java:[23,22] error: package junit.framework does not exist
[ERROR] /home/artefact/tests/MavenTestSources/guice-4.0-beta5-test-sources/src/test/java/com/google/inject/BindingAnnotationTest.java:[31,43] error: cannot find symbol
[ERROR] class TestCase
[ERROR] /home/artefact/tests/MavenTestSources/guice-4.0-beta5-test-sources/src/test/java/com/googlecode/guice/Jsr330Test.java:[37,22] error: package junit.framework does not exist
[ERROR] /home/artefact/tests/MavenTestSources/guice-4.0-beta5-test-sources/src/test/java/com/googlecode/guice/Jsr330Test.java:[49,32] error: cannot find symbol
[ERROR] class TestCase
[ERROR] /home/artefact/tests/MavenTestSources/guice-4.0-beta5-test-sources/src/test/java/com/google/inject/name/NamesTest.java:[29,22] error: package junit.framework does not exist
[ERROR] /home/artefact/tests/MavenTestSources/guice-4.0-beta5-test-sources/src/test/java/com/google/inject/name/NamesTest.java:[38,31] error: cannot find symbol
[ERROR] class TestCase
[ERROR] /home/artefact/tests/MavenTestSources/guice-4.0-beta5-test-sources/src/test/java/com/google/inject/util/TypesTest.java:[29,22] error: package junit.framework does not exist
[ERROR] /home/artefact/tests/MavenTestSources/guice-4.0-beta5-test-sources/src/test/java/com/google/inject/util/TypesTest.java:[30,22] error: package junit.framework does not exist
[ERROR] /home/artefact/tests/MavenTestSources/guice-4.0-beta5-test-sources/src/test/java/com/google/inject/util/TypesTest.java:[44,31] error: cannot find symbol
[ERROR] class TestCase
[ERROR] /home/artefact/tests/MavenTestSources/guice-4.0-beta5-test-sources/src/test/java/com/google/inject/BinderTestSuite.java:[32,22] error: package junit.framework does not exist
[ERROR] /home/artefact/tests/MavenTestSources/guice-4.0-beta5-test-sources/src/test/java/com/google/inject/BinderTestSuite.java:[33,22] error: package junit.framework does not exist
[ERROR] /home/artefact/tests/MavenTestSources/guice-4.0-beta5-test-sources/src/test/java/com/google/inject/BinderTestSuite.java:[34,22] error: package junit.framework does not exist
[ERROR] /home/artefact/tests/MavenTestSources/guice-4.0-beta5-test-sources/src/test/java/com/google/inject/BinderTestSuite.java:[45,37] error: cannot find symbol
[ERROR] class TestCase
[ERROR] /home/artefact/tests/MavenTestSources/guice-4.0-beta5-test-sources/src/test/java/com/google/inject/BinderTestSuite.java:[47,16] error: cannot find symbol
[ERROR] class BinderTestSuite
[ERROR] /home/artefact/tests/MavenTestSources/guice-4.0-beta5-test-sources/src/test/java/com/google/inject/BinderTestSuite.java:[362,27] error: cannot find symbol
[ERROR] class Builder
[ERROR] /home/artefact/tests/MavenTestSources/guice-4.0-beta5-test-sources/src/test/java/com/google/inject/BinderTestSuite.java:[378,42] error: cannot find symbol
[ERROR] class BinderTestSuite
[ERROR] /home/artefact/tests/MavenTestSources/guice-4.0-beta5-test-sources/src/test/java/com/google/inject/BinderTestSuite.java:[448,52] error: cannot find symbol
[ERROR] class BinderTestSuite
[ERROR] /home/artefact/tests/MavenTestSources/guice-4.0-beta5-test-sources/src/test/java/com/google/inject/BinderTestSuite.java:[476,57] error: cannot find symbol
[ERROR] class BinderTestSuite
[ERROR] /home/artefact/tests/MavenTestSources/guice-4.0-beta5-test-sources/src/test/java/com/google/inject/BinderTestSuite.java:[545,49] error: cannot find symbol
[ERROR] class BinderTestSuite
[ERROR] /home/artefact/tests/MavenTestSources/guice-4.0-beta5-test-sources/src/test/java/com/google/inject/ProvisionListenerTest.java:[35,22] error: package junit.framework does not exist
[ERROR] /home/artefact/tests/MavenTestSources/guice-4.0-beta5-test-sources/src/test/java/com/google/inject/ProvisionListenerTest.java:[48,43] error: cannot find symbol
[ERROR] class TestCase
[ERROR] /home/artefact/tests/MavenTestSources/guice-4.0-beta5-test-sources/src/test/java/com/google/inject/spi/InjectorSpiTest.java:[12,22] error: package junit.framework does not exist
[ERROR] /home/artefact/tests/MavenTestSources/guice-4.0-beta5-test-sources/src/test/java/com/google/inject/spi/InjectorSpiTest.java:[19,37] error: cannot find symbol
[ERROR] class TestCase
[ERROR] /home/artefact/tests/MavenTestSources/guice-4.0-beta5-test-sources/src/test/java/com/google/inject/InjectorTest.java:[24,22] error: package junit.framework does not exist
[ERROR] /home/artefact/tests/MavenTestSources/guice-4.0-beta5-test-sources/src/test/java/com/google/inject/InjectorTest.java:[39,34] error: cannot find symbol
[ERROR] class TestCase
[ERROR] /home/artefact/tests/MavenTestSources/guice-4.0-beta5-test-sources/src/test/java/com/google/inject/ProvisionExceptionTest.java:[28,22] error: package junit.framework does not exist
[ERROR] /home/artefact/tests/MavenTestSources/guice-4.0-beta5-test-sources/src/test/java/com/google/inject/ProvisionExceptionTest.java:[38,44] error: cannot find symbol
[ERROR] class TestCase
[ERROR] /home/artefact/tests/MavenTestSources/guice-4.0-beta5-test-sources/src/test/java/com/google/inject/internal/WeakKeySetUtils.java:[17,29] error: package junit.framework does not exist
[ERROR] /home/artefact/tests/MavenTestSources/guice-4.0-beta5-test-sources/src/test/java/com/google/inject/internal/WeakKeySetUtils.java:[17,0] error: static import only from classes and interfaces
[ERROR] /home/artefact/tests/MavenTestSources/guice-4.0-beta5-test-sources/src/test/java/com/google/inject/internal/WeakKeySetUtils.java:[18,29] error: package junit.framework does not exist
[ERROR] /home/artefact/tests/MavenTestSources/guice-4.0-beta5-test-sources/src/test/java/com/google/inject/internal/WeakKeySetUtils.java:[18,0] error: static import only from classes and interfaces
[ERROR] /home/artefact/tests/MavenTestSources/guice-4.0-beta5-test-sources/src/test/java/com/google/inject/internal/WeakKeySetUtils.java:[19,29] error: package junit.framework does not exist
[ERROR] /home/artefact/tests/MavenTestSources/guice-4.0-beta5-test-sources/src/test/java/com/google/inject/internal/WeakKeySetUtils.java:[19,0] error: static import only from classes and interfaces
[ERROR] /home/artefact/tests/MavenTestSources/guice-4.0-beta5-test-sources/src/test/java/com/google/inject/internal/WeakKeySetUtils.java:[20,29] error: package junit.framework does not exist
[ERROR] /home/artefact/tests/MavenTestSources/guice-4.0-beta5-test-sources/src/test/java/com/google/inject/internal/WeakKeySetUtils.java:[20,0] error: static import only from classes and interfaces
[ERROR] /home/artefact/tests/MavenTestSources/guice-4.0-beta5-test-sources/src/test/java/com/google/inject/internal/WeakKeySetUtils.java:[21,29] error: package junit.framework does not exist
[ERROR] /home/artefact/tests/MavenTestSources/guice-4.0-beta5-test-sources/src/test/java/com/google/inject/internal/WeakKeySetUtils.java:[21,0] error: static import only from classes and interfaces
[ERROR] /home/artefact/tests/MavenTestSources/guice-4.0-beta5-test-sources/src/test/java/com/google/inject/internal/WeakKeySetUtils.java:[22,29] error: package junit.framework does not exist
[ERROR] /home/artefact/tests/MavenTestSources/guice-4.0-beta5-test-sources/src/test/java/com/google/inject/internal/WeakKeySetUtils.java:[22,0] error: static import only from classes and interfaces
[ERROR] /home/artefact/tests/MavenTestSources/guice-4.0-beta5-test-sources/src/test/java/com/google/inject/internal/WeakKeySetUtils.java:[24,32] error: package com.google.common.testing does not exist
[ERROR] /home/artefact/tests/MavenTestSources/guice-4.0-beta5-test-sources/src/test/java/com/google/inject/LoggerInjectionTest.java:[7,22] error: package junit.framework does not exist
[ERROR] /home/artefact/tests/MavenTestSources/guice-4.0-beta5-test-sources/src/test/java/com/google/inject/LoggerInjectionTest.java:[16,41] error: cannot find symbol
[ERROR] class TestCase
[ERROR] /home/artefact/tests/MavenTestSources/guice-4.0-beta5-test-sources/src/test/java/com/google/inject/ModuleTest.java:[5,22] error: package junit.framework does not exist
[ERROR] /home/artefact/tests/MavenTestSources/guice-4.0-beta5-test-sources/src/test/java/com/google/inject/ModuleTest.java:[12,32] error: cannot find symbol
[ERROR] class TestCase
[ERROR] /home/artefact/tests/MavenTestSources/guice-4.0-beta5-test-sources/src/test/java/com/google/inject/GenericInjectionTest.java:[23,22] error: package junit.framework does not exist
[ERROR] /home/artefact/tests/MavenTestSources/guice-4.0-beta5-test-sources/src/test/java/com/google/inject/GenericInjectionTest.java:[34,42] error: cannot find symbol
[ERROR] class TestCase
[ERROR] /home/artefact/tests/MavenTestSources/guice-4.0-beta5-test-sources/src/test/java/com/google/inject/SuiteUtils.java:[19,22] error: package junit.framework does not exist
[ERROR] /home/artefact/tests/MavenTestSources/guice-4.0-beta5-test-sources/src/test/java/com/google/inject/SuiteUtils.java:[20,22] error: package junit.framework does not exist
[ERROR] /home/artefact/tests/MavenTestSources/guice-4.0-beta5-test-sources/src/test/java/com/google/inject/SuiteUtils.java:[27,48] error: cannot find symbol
[ERROR] class SuiteUtils
[ERROR] /home/artefact/tests/MavenTestSources/guice-4.0-beta5-test-sources/src/test/java/com/google/inject/SuiteUtils.java:[27,16] error: cannot find symbol
[ERROR] class SuiteUtils
[ERROR] /home/artefact/tests/MavenTestSources/guice-4.0-beta5-test-sources/src/test/java/com/google/inject/IntegrationTest.java:[21,22] error: package junit.framework does not exist
[ERROR] /home/artefact/tests/MavenTestSources/guice-4.0-beta5-test-sources/src/test/java/com/google/inject/IntegrationTest.java:[29,37] error: cannot find symbol
[ERROR] class TestCase
[ERROR] /home/artefact/tests/MavenTestSources/guice-4.0-beta5-test-sources/src/test/java/com/google/inject/example/ClientServiceWithGuice.java:[19,29] error: package junit.framework does not exist
[ERROR] /home/artefact/tests/MavenTestSources/guice-4.0-beta5-test-sources/src/test/java/com/google/inject/example/ClientServiceWithGuice.java:[19,0] error: static import only from classes and interfaces
[ERROR] /home/artefact/tests/MavenTestSources/guice-4.0-beta5-test-sources/src/test/java/com/google/inject/TypeListenerTest.java:[35,22] error: package junit.framework does not exist
[ERROR] /home/artefact/tests/MavenTestSources/guice-4.0-beta5-test-sources/src/test/java/com/google/inject/TypeListenerTest.java:[44,38] error: cannot find symbol
[ERROR] class TestCase
[ERROR] /home/artefact/tests/MavenTestSources/guice-4.0-beta5-test-sources/src/test/java/com/google/inject/BoundInstanceInjectionTest.java:[26,22] error: package junit.framework does not exist
[ERROR] /home/artefact/tests/MavenTestSources/guice-4.0-beta5-test-sources/src/test/java/com/google/inject/BoundInstanceInjectionTest.java:[34,48] error: cannot find symbol
[ERROR] class TestCase
[ERROR] /home/artefact/tests/MavenTestSources/guice-4.0-beta5-test-sources/src/test/java/com/google/inject/NullableInjectionPointTest.java:[6,22] error: package junit.framework does not exist
[ERROR] /home/artefact/tests/MavenTestSources/guice-4.0-beta5-test-sources/src/test/java/com/google/inject/NullableInjectionPointTest.java:[17,48] error: cannot find symbol
[ERROR] class TestCase
[ERROR] /home/artefact/tests/MavenTestSources/guice-4.0-beta5-test-sources/src/test/java/com/google/inject/MethodInterceptionTest.java:[29,22] error: package junit.framework does not exist
[ERROR] /home/artefact/tests/MavenTestSources/guice-4.0-beta5-test-sources/src/test/java/com/google/inject/MethodInterceptionTest.java:[44,44] error: cannot find symbol
[ERROR] class TestCase
[ERROR] /home/artefact/tests/MavenTestSources/guice-4.0-beta5-test-sources/src/test/java/com/google/inject/TypeLiteralInjectionTest.java:[24,22] error: package junit.framework does not exist
[ERROR] /home/artefact/tests/MavenTestSources/guice-4.0-beta5-test-sources/src/test/java/com/google/inject/TypeLiteralInjectionTest.java:[33,46] error: cannot find symbol
[ERROR] class TestCase
[ERROR] /home/artefact/tests/MavenTestSources/guice-4.0-beta5-test-sources/src/test/java/com/google/inject/SuperclassTest.java:[19,22] error: package junit.framework does not exist
[ERROR] /home/artefact/tests/MavenTestSources/guice-4.0-beta5-test-sources/src/test/java/com/google/inject/SuperclassTest.java:[24,36] error: cannot find symbol
[ERROR] class TestCase
[ERROR] /home/artefact/tests/MavenTestSources/guice-4.0-beta5-test-sources/src/test/java/com/google/inject/OptionalBindingTest.java:[25,22] error: package junit.framework does not exist
[ERROR] /home/artefact/tests/MavenTestSources/guice-4.0-beta5-test-sources/src/test/java/com/google/inject/OptionalBindingTest.java:[35,41] error: cannot find symbol
[ERROR] class TestCase
[ERROR] /home/artefact/tests/MavenTestSources/guice-4.0-beta5-test-sources/src/test/java/com/google/inject/example/ClientServiceWithFactories.java:[19,29] error: package junit.framework does not exist
[ERROR] -> [Help 1]
[ERROR] 
[ERROR] To see the full stack trace of the errors, re-run Maven with the -e switch.
[ERROR] Re-run Maven using the -X switch to enable full debug logging.
[ERROR] 
[ERROR] For more information about the errors and possible solutions, please read the following articles:
[ERROR] [Help 1] http://cwiki.apache.org/confluence/display/MAVEN/MojoFailureException
