[INFO] Scanning for projects...
[INFO]                                                                         
[INFO] ------------------------------------------------------------------------
[INFO] Building Apache Commons Collections 3.2.2
[INFO] ------------------------------------------------------------------------
Downloading: https://repo.maven.apache.org/maven2/org/apache/maven/plugins/maven-surefire-plugin/2.18.1/maven-surefire-plugin-2.18.1.pom
3/6 KB   6/6 KB   6/6 KB            Downloaded: https://repo.maven.apache.org/maven2/org/apache/maven/plugins/maven-surefire-plugin/2.18.1/maven-surefire-plugin-2.18.1.pom (6 KB at 4.2 KB/sec)
Downloading: https://repo.maven.apache.org/maven2/org/apache/maven/surefire/surefire/2.18.1/surefire-2.18.1.pom
3/17 KB   6/17 KB   9/17 KB   11/17 KB   14/17 KB   16/17 KB   17/17 KB              Downloaded: https://repo.maven.apache.org/maven2/org/apache/maven/surefire/surefire/2.18.1/surefire-2.18.1.pom (17 KB at 46.6 KB/sec)
Downloading: https://repo.maven.apache.org/maven2/org/apache/maven/plugins/maven-surefire-plugin/2.18.1/maven-surefire-plugin-2.18.1.jar
3/37 KB    6/37 KB   9/37 KB   11/37 KB   14/37 KB   16/37 KB   19/37 KB   22/37 KB   25/37 KB   27/37 KB   30/37 KB   32/37 KB   35/37 KB   37/37 KB              Downloaded: https://repo.maven.apache.org/maven2/org/apache/maven/plugins/maven-surefire-plugin/2.18.1/maven-surefire-plugin-2.18.1.jar (37 KB at 97.2 KB/sec)
[INFO] 
[INFO] --- maven-enforcer-plugin:1.3.1:enforce (enforce-maven-3) @ commons-collections ---
[INFO] 
[INFO] --- build-helper-maven-plugin:1.9.1:parse-version (parse-version) @ commons-collections ---
[INFO] 
[INFO] --- maven-antrun-plugin:1.8:run (javadoc.resources) @ commons-collections ---
[INFO] Executing tasks

main:
[INFO] Executed tasks
[INFO] 
[INFO] --- maven-remote-resources-plugin:1.5:process (default) @ commons-collections ---
[INFO] 
[INFO] --- buildnumber-maven-plugin:1.3:create (default) @ commons-collections ---
[INFO] Executing: /bin/sh -c cd "/home/artefact/tests/Maven Test Sources/commons-collections-3.2.2-test-sources" && svn --non-interactive info
[INFO] Working directory: /home/artefact/tests/Maven Test Sources/commons-collections-3.2.2-test-sources
[INFO] Storing buildNumber: ?????? at timestamp: 1505985816973
[INFO] Executing: /bin/sh -c cd "/home/artefact/tests/Maven Test Sources/commons-collections-3.2.2-test-sources" && svn --non-interactive info
[INFO] Working directory: /home/artefact/tests/Maven Test Sources/commons-collections-3.2.2-test-sources
[INFO] Storing buildScmBranch: UNKNOWN_BRANCH
[INFO] 
[INFO] --- maven-resources-plugin:2.7:resources (default-resources) @ commons-collections ---
[INFO] Using 'iso-8859-1' encoding to copy filtered resources.
[INFO] skip non existing resourceDirectory /home/artefact/tests/Maven Test Sources/commons-collections-3.2.2-test-sources/src/main/resources
[INFO] Copying 0 resource to META-INF
[INFO] 
[INFO] --- maven-compiler-plugin:3.3:compile (default-compile) @ commons-collections ---
[INFO] No sources to compile
[INFO] 
[INFO] --- maven-bundle-plugin:2.5.3:manifest (bundle-manifest) @ commons-collections ---
[WARNING] Manifest commons-collections:commons-collections:jar:3.2.2 : Unused Export-Package instructions: [org.apache.commons.*] 
[INFO] 
[INFO] --- animal-sniffer-maven-plugin:1.14:check (checkAPIcompatibility) @ commons-collections ---
[INFO] Checking unresolved references to org.codehaus.mojo.signature:java13:1.0
Downloading: https://repo.maven.apache.org/maven2/org/codehaus/mojo/signature/java13/1.0/java13-1.0.signature
           [INFO] ------------------------------------------------------------------------
[INFO] BUILD FAILURE
[INFO] ------------------------------------------------------------------------
[INFO] Total time: 5.526 s
[INFO] Finished at: 2017-09-21T11:23:38+02:00
[INFO] Final Memory: 20M/217M
[INFO] ------------------------------------------------------------------------
[ERROR] Failed to execute goal org.codehaus.mojo:animal-sniffer-maven-plugin:1.14:check (checkAPIcompatibility) on project commons-collections: Failed to obtain signature: org.codehaus.mojo.signature:java13:1.0: Could not find artifact org.codehaus.mojo.signature:java13:signature:1.0 in central (https://repo.maven.apache.org/maven2)
[ERROR] 
[ERROR] Try downloading the file manually from the project website.
[ERROR] 
[ERROR] Then, install it using the command:
[ERROR] mvn install:install-file -DgroupId=org.codehaus.mojo.signature -DartifactId=java13 -Dversion=1.0 -Dpackaging=signature -Dfile=/path/to/file
[ERROR] 
[ERROR] Alternatively, if you host your own repository you can deploy the file there:
[ERROR] mvn deploy:deploy-file -DgroupId=org.codehaus.mojo.signature -DartifactId=java13 -Dversion=1.0 -Dpackaging=signature -Dfile=/path/to/file -Durl=[url] -DrepositoryId=[id]
[ERROR] 
[ERROR] 
[ERROR] org.codehaus.mojo.signature:java13:signature:1.0
[ERROR] 
[ERROR] from the specified remote repositories:
[ERROR] apache.snapshots (http://repository.apache.org/snapshots, releases=false, snapshots=true),
[ERROR] central (https://repo.maven.apache.org/maven2, releases=true, snapshots=false)
[ERROR] -> [Help 1]
[ERROR] 
[ERROR] To see the full stack trace of the errors, re-run Maven with the -e switch.
[ERROR] Re-run Maven using the -X switch to enable full debug logging.
[ERROR] 
[ERROR] For more information about the errors and possible solutions, please read the following articles:
[ERROR] [Help 1] http://cwiki.apache.org/confluence/display/MAVEN/MojoExecutionException
