[INFO] Scanning for projects...
[INFO]                                                                         
[INFO] ------------------------------------------------------------------------
[INFO] Building Google Guice - Core Library 4.0-beta4
[INFO] ------------------------------------------------------------------------
[INFO] 
[INFO] --- maven-remote-resources-plugin:1.1:process (default) @ guice ---
[INFO] Setting property: classpath.resource.loader.class => 'org.codehaus.plexus.velocity.ContextClassLoaderResourceLoader'.
[INFO] Setting property: velocimacro.messages.on => 'false'.
[INFO] Setting property: resource.loader => 'classpath'.
[INFO] Setting property: resource.manager.logwhenfound => 'false'.
[INFO] 
[INFO] --- maven-resources-plugin:2.6:resources (default-resources) @ guice ---
[INFO] Using 'UTF-8' encoding to copy filtered resources.
[INFO] Copying 8 resources
[INFO] Copying 3 resources
[INFO] 
[INFO] --- maven-compiler-plugin:2.3.2:compile (default-compile) @ guice ---
[INFO] Compiling 273 source files to /home/artefact/tests/Maven Test Sources/guice-4.0-beta4-test-sources/target/classes
[INFO] -------------------------------------------------------------
[ERROR] COMPILATION ERROR : 
[INFO] -------------------------------------------------------------
[ERROR] /home/artefact/tests/Maven Test Sources/guice-4.0-beta4-test-sources/src/test/java/com/google/inject/GenericInjectionTest.java:[23,22] error: package junit.framework does not exist
[ERROR] /home/artefact/tests/Maven Test Sources/guice-4.0-beta4-test-sources/src/test/java/com/google/inject/GenericInjectionTest.java:[34,42] error: cannot find symbol
[ERROR]  class TestCase
/home/artefact/tests/Maven Test Sources/guice-4.0-beta4-test-sources/src/test/java/com/google/inject/Asserts.java:[22,29] error: package junit.framework does not exist
[ERROR] /home/artefact/tests/Maven Test Sources/guice-4.0-beta4-test-sources/src/test/java/com/google/inject/Asserts.java:[22,0] error: static import only from classes and interfaces
[ERROR] /home/artefact/tests/Maven Test Sources/guice-4.0-beta4-test-sources/src/test/java/com/google/inject/Asserts.java:[23,29] error: package junit.framework does not exist
[ERROR] /home/artefact/tests/Maven Test Sources/guice-4.0-beta4-test-sources/src/test/java/com/google/inject/Asserts.java:[23,0] error: static import only from classes and interfaces
[ERROR] /home/artefact/tests/Maven Test Sources/guice-4.0-beta4-test-sources/src/test/java/com/google/inject/Asserts.java:[24,29] error: package junit.framework does not exist
[ERROR] /home/artefact/tests/Maven Test Sources/guice-4.0-beta4-test-sources/src/test/java/com/google/inject/Asserts.java:[24,0] error: static import only from classes and interfaces
[ERROR] /home/artefact/tests/Maven Test Sources/guice-4.0-beta4-test-sources/src/test/java/com/google/inject/Asserts.java:[31,22] error: package junit.framework does not exist
[ERROR] /home/artefact/tests/Maven Test Sources/guice-4.0-beta4-test-sources/src/test/java/com/google/inject/LoggerInjectionTest.java:[7,22] error: package junit.framework does not exist
[ERROR] /home/artefact/tests/Maven Test Sources/guice-4.0-beta4-test-sources/src/test/java/com/google/inject/LoggerInjectionTest.java:[16,41] error: cannot find symbol
[ERROR]  class TestCase
/home/artefact/tests/Maven Test Sources/guice-4.0-beta4-test-sources/src/test/java/com/googlecode/guice/BytecodeGenTest.java:[28,22] error: package junit.framework does not exist
[ERROR] /home/artefact/tests/Maven Test Sources/guice-4.0-beta4-test-sources/src/test/java/com/googlecode/guice/BytecodeGenTest.java:[49,37] error: cannot find symbol
[ERROR]  class TestCase
/home/artefact/tests/Maven Test Sources/guice-4.0-beta4-test-sources/src/test/java/com/google/inject/MethodInterceptionTest.java:[29,22] error: package junit.framework does not exist
[ERROR] /home/artefact/tests/Maven Test Sources/guice-4.0-beta4-test-sources/src/test/java/com/google/inject/MethodInterceptionTest.java:[44,44] error: cannot find symbol
[ERROR]  class TestCase
/home/artefact/tests/Maven Test Sources/guice-4.0-beta4-test-sources/src/test/java/com/google/inject/spi/InjectorSpiTest.java:[12,22] error: package junit.framework does not exist
[ERROR] /home/artefact/tests/Maven Test Sources/guice-4.0-beta4-test-sources/src/test/java/com/google/inject/spi/InjectorSpiTest.java:[19,37] error: cannot find symbol
[ERROR]  class TestCase
/home/artefact/tests/Maven Test Sources/guice-4.0-beta4-test-sources/src/test/java/com/google/inject/internal/util/LineNumbersTest.java:[29,22] error: package junit.framework does not exist
[ERROR] /home/artefact/tests/Maven Test Sources/guice-4.0-beta4-test-sources/src/test/java/com/google/inject/internal/util/LineNumbersTest.java:[36,37] error: cannot find symbol
[ERROR]  class TestCase
/home/artefact/tests/Maven Test Sources/guice-4.0-beta4-test-sources/src/test/java/com/google/inject/spi/SpiBindingsTest.java:[39,22] error: package junit.framework does not exist
[ERROR] /home/artefact/tests/Maven Test Sources/guice-4.0-beta4-test-sources/src/test/java/com/google/inject/spi/SpiBindingsTest.java:[40,22] error: package junit.framework does not exist
[ERROR] /home/artefact/tests/Maven Test Sources/guice-4.0-beta4-test-sources/src/test/java/com/google/inject/spi/SpiBindingsTest.java:[53,37] error: cannot find symbol
[ERROR]  class TestCase
/home/artefact/tests/Maven Test Sources/guice-4.0-beta4-test-sources/src/test/java/com/google/inject/spi/ElementsTest.java:[51,22] error: package junit.framework does not exist
[ERROR] /home/artefact/tests/Maven Test Sources/guice-4.0-beta4-test-sources/src/test/java/com/google/inject/spi/ElementsTest.java:[74,34] error: cannot find symbol
[ERROR]  class TestCase
/home/artefact/tests/Maven Test Sources/guice-4.0-beta4-test-sources/src/test/java/com/google/inject/spi/ElementSourceTest.java:[12,22] error: package junit.framework does not exist
[ERROR] /home/artefact/tests/Maven Test Sources/guice-4.0-beta4-test-sources/src/test/java/com/google/inject/spi/ElementSourceTest.java:[23,39] error: cannot find symbol
[ERROR]  class TestCase
/home/artefact/tests/Maven Test Sources/guice-4.0-beta4-test-sources/src/test/java/com/google/inject/SerializationTest.java:[22,22] error: package junit.framework does not exist
[ERROR] /home/artefact/tests/Maven Test Sources/guice-4.0-beta4-test-sources/src/test/java/com/google/inject/SerializationTest.java:[23,22] error: package junit.framework does not exist
[ERROR] /home/artefact/tests/Maven Test Sources/guice-4.0-beta4-test-sources/src/test/java/com/google/inject/SerializationTest.java:[32,39] error: cannot find symbol
[ERROR]  class TestCase
/home/artefact/tests/Maven Test Sources/guice-4.0-beta4-test-sources/src/test/java/com/google/inject/name/NamedEquivalanceTest.java:[31,22] error: package junit.framework does not exist
[ERROR] /home/artefact/tests/Maven Test Sources/guice-4.0-beta4-test-sources/src/test/java/com/google/inject/name/NamedEquivalanceTest.java:[43,42] error: cannot find symbol
[ERROR]  class TestCase
/home/artefact/tests/Maven Test Sources/guice-4.0-beta4-test-sources/src/test/java/com/google/inject/matcher/MatcherTest.java:[34,22] error: package junit.framework does not exist
[ERROR] /home/artefact/tests/Maven Test Sources/guice-4.0-beta4-test-sources/src/test/java/com/google/inject/matcher/MatcherTest.java:[46,33] error: cannot find symbol
[ERROR]  class TestCase
/home/artefact/tests/Maven Test Sources/guice-4.0-beta4-test-sources/src/test/java/com/google/inject/example/ClientServiceWithDependencyInjection.java:[19,29] error: package junit.framework does not exist
[ERROR] /home/artefact/tests/Maven Test Sources/guice-4.0-beta4-test-sources/src/test/java/com/google/inject/example/ClientServiceWithDependencyInjection.java:[19,0] error: static import only from classes and interfaces
[ERROR] /home/artefact/tests/Maven Test Sources/guice-4.0-beta4-test-sources/src/test/java/com/google/inject/ProvisionExceptionsTest.java:[23,22] error: package junit.framework does not exist
[ERROR] /home/artefact/tests/Maven Test Sources/guice-4.0-beta4-test-sources/src/test/java/com/google/inject/ProvisionExceptionsTest.java:[33,45] error: cannot find symbol
[ERROR]  class TestCase
/home/artefact/tests/Maven Test Sources/guice-4.0-beta4-test-sources/src/test/java/com/google/inject/BinderTest.java:[32,22] error: package junit.framework does not exist
[ERROR] /home/artefact/tests/Maven Test Sources/guice-4.0-beta4-test-sources/src/test/java/com/google/inject/BinderTest.java:[46,32] error: cannot find symbol
[ERROR]  class TestCase
/home/artefact/tests/Maven Test Sources/guice-4.0-beta4-test-sources/src/test/java/com/googlecode/guice/Jsr330Test.java:[37,22] error: package junit.framework does not exist
[ERROR] /home/artefact/tests/Maven Test Sources/guice-4.0-beta4-test-sources/src/test/java/com/googlecode/guice/Jsr330Test.java:[49,32] error: cannot find symbol
[ERROR]  class TestCase
/home/artefact/tests/Maven Test Sources/guice-4.0-beta4-test-sources/src/test/java/com/google/inject/util/ProvidersTest.java:[21,22] error: package junit.framework does not exist
[ERROR] /home/artefact/tests/Maven Test Sources/guice-4.0-beta4-test-sources/src/test/java/com/google/inject/util/ProvidersTest.java:[28,35] error: cannot find symbol
[ERROR]  class TestCase
/home/artefact/tests/Maven Test Sources/guice-4.0-beta4-test-sources/src/test/java/com/google/inject/spi/InjectionPointTest.java:[35,22] error: package junit.framework does not exist
[ERROR] /home/artefact/tests/Maven Test Sources/guice-4.0-beta4-test-sources/src/test/java/com/google/inject/spi/InjectionPointTest.java:[36,22] error: package junit.framework does not exist
[ERROR] /home/artefact/tests/Maven Test Sources/guice-4.0-beta4-test-sources/src/test/java/com/google/inject/spi/InjectionPointTest.java:[50,40] error: cannot find symbol
[ERROR]  class TestCase
/home/artefact/tests/Maven Test Sources/guice-4.0-beta4-test-sources/src/test/java/com/google/inject/internal/UniqueAnnotationsTest.java:[20,22] error: package junit.framework does not exist
[ERROR] /home/artefact/tests/Maven Test Sources/guice-4.0-beta4-test-sources/src/test/java/com/google/inject/internal/UniqueAnnotationsTest.java:[27,43] error: cannot find symbol
[ERROR]  class TestCase
/home/artefact/tests/Maven Test Sources/guice-4.0-beta4-test-sources/src/test/java/com/google/inject/spi/FailingElementVisitor.java:[19,22] error: package junit.framework does not exist
[ERROR] /home/artefact/tests/Maven Test Sources/guice-4.0-beta4-test-sources/src/test/java/com/google/inject/DuplicateBindingsTest.java:[29,22] error: package junit.framework does not exist
[ERROR] /home/artefact/tests/Maven Test Sources/guice-4.0-beta4-test-sources/src/test/java/com/google/inject/DuplicateBindingsTest.java:[44,43] error: cannot find symbol
[ERROR]  class TestCase
/home/artefact/tests/Maven Test Sources/guice-4.0-beta4-test-sources/src/test/java/com/google/inject/ProviderInjectionTest.java:[23,22] error: package junit.framework does not exist
[ERROR] /home/artefact/tests/Maven Test Sources/guice-4.0-beta4-test-sources/src/test/java/com/google/inject/ProviderInjectionTest.java:[31,43] error: cannot find symbol
[ERROR]  class TestCase
/home/artefact/tests/Maven Test Sources/guice-4.0-beta4-test-sources/src/test/java/com/googlecode/guice/GuiceTck.java:[23,22] error: package junit.framework does not exist
[ERROR] /home/artefact/tests/Maven Test Sources/guice-4.0-beta4-test-sources/src/test/java/com/googlecode/guice/GuiceTck.java:[24,22] error: package junit.framework does not exist
[ERROR] /home/artefact/tests/Maven Test Sources/guice-4.0-beta4-test-sources/src/test/java/com/googlecode/guice/GuiceTck.java:[26,23] error: package org.atinject.tck does not exist
[ERROR] /home/artefact/tests/Maven Test Sources/guice-4.0-beta4-test-sources/src/test/java/com/googlecode/guice/GuiceTck.java:[27,28] error: package org.atinject.tck.auto does not exist
[ERROR] /home/artefact/tests/Maven Test Sources/guice-4.0-beta4-test-sources/src/test/java/com/googlecode/guice/GuiceTck.java:[28,28] error: package org.atinject.tck.auto does not exist
[ERROR] /home/artefact/tests/Maven Test Sources/guice-4.0-beta4-test-sources/src/test/java/com/googlecode/guice/GuiceTck.java:[29,28] error: package org.atinject.tck.auto does not exist
[ERROR] /home/artefact/tests/Maven Test Sources/guice-4.0-beta4-test-sources/src/test/java/com/googlecode/guice/GuiceTck.java:[30,28] error: package org.atinject.tck.auto does not exist
[ERROR] /home/artefact/tests/Maven Test Sources/guice-4.0-beta4-test-sources/src/test/java/com/googlecode/guice/GuiceTck.java:[31,28] error: package org.atinject.tck.auto does not exist
[ERROR] /home/artefact/tests/Maven Test Sources/guice-4.0-beta4-test-sources/src/test/java/com/googlecode/guice/GuiceTck.java:[32,28] error: package org.atinject.tck.auto does not exist
[ERROR] /home/artefact/tests/Maven Test Sources/guice-4.0-beta4-test-sources/src/test/java/com/googlecode/guice/GuiceTck.java:[33,28] error: package org.atinject.tck.auto does not exist
[ERROR] /home/artefact/tests/Maven Test Sources/guice-4.0-beta4-test-sources/src/test/java/com/googlecode/guice/GuiceTck.java:[34,28] error: package org.atinject.tck.auto does not exist
[ERROR] /home/artefact/tests/Maven Test Sources/guice-4.0-beta4-test-sources/src/test/java/com/googlecode/guice/GuiceTck.java:[35,28] error: package org.atinject.tck.auto does not exist
[ERROR] /home/artefact/tests/Maven Test Sources/guice-4.0-beta4-test-sources/src/test/java/com/googlecode/guice/GuiceTck.java:[36,40] error: package org.atinject.tck.auto.accessories does not exist
[ERROR] /home/artefact/tests/Maven Test Sources/guice-4.0-beta4-test-sources/src/test/java/com/googlecode/guice/GuiceTck.java:[37,40] error: package org.atinject.tck.auto.accessories does not exist
[ERROR] /home/artefact/tests/Maven Test Sources/guice-4.0-beta4-test-sources/src/test/java/com/googlecode/guice/GuiceTck.java:[41,30] error: cannot find symbol
[ERROR]  class TestCase
/home/artefact/tests/Maven Test Sources/guice-4.0-beta4-test-sources/src/test/java/com/googlecode/guice/GuiceTck.java:[43,16] error: cannot find symbol
[ERROR]  class GuiceTck
/home/artefact/tests/Maven Test Sources/guice-4.0-beta4-test-sources/src/test/java/com/google/inject/ProvisionExceptionTest.java:[28,22] error: package junit.framework does not exist
[ERROR] /home/artefact/tests/Maven Test Sources/guice-4.0-beta4-test-sources/src/test/java/com/google/inject/ProvisionExceptionTest.java:[38,44] error: cannot find symbol
[ERROR]  class TestCase
/home/artefact/tests/Maven Test Sources/guice-4.0-beta4-test-sources/src/test/java/com/google/inject/ReflectionTest.java:[23,22] error: package junit.framework does not exist
[ERROR] /home/artefact/tests/Maven Test Sources/guice-4.0-beta4-test-sources/src/test/java/com/google/inject/ReflectionTest.java:[30,36] error: cannot find symbol
[ERROR]  class TestCase
/home/artefact/tests/Maven Test Sources/guice-4.0-beta4-test-sources/src/test/java/com/google/inject/TypeLiteralTest.java:[25,22] error: package junit.framework does not exist
[ERROR] /home/artefact/tests/Maven Test Sources/guice-4.0-beta4-test-sources/src/test/java/com/google/inject/TypeLiteralTest.java:[35,37] error: cannot find symbol
[ERROR]  class TestCase
/home/artefact/tests/Maven Test Sources/guice-4.0-beta4-test-sources/src/test/java/com/google/inject/BinderTestSuite.java:[32,22] error: package junit.framework does not exist
[ERROR] /home/artefact/tests/Maven Test Sources/guice-4.0-beta4-test-sources/src/test/java/com/google/inject/BinderTestSuite.java:[33,22] error: package junit.framework does not exist
[ERROR] /home/artefact/tests/Maven Test Sources/guice-4.0-beta4-test-sources/src/test/java/com/google/inject/BinderTestSuite.java:[34,22] error: package junit.framework does not exist
[ERROR] /home/artefact/tests/Maven Test Sources/guice-4.0-beta4-test-sources/src/test/java/com/google/inject/BinderTestSuite.java:[45,37] error: cannot find symbol
[ERROR]  class TestCase
/home/artefact/tests/Maven Test Sources/guice-4.0-beta4-test-sources/src/test/java/com/google/inject/BinderTestSuite.java:[47,16] error: cannot find symbol
[ERROR]  class BinderTestSuite
/home/artefact/tests/Maven Test Sources/guice-4.0-beta4-test-sources/src/test/java/com/google/inject/BinderTestSuite.java:[362,27] error: cannot find symbol
[ERROR]  class Builder
/home/artefact/tests/Maven Test Sources/guice-4.0-beta4-test-sources/src/test/java/com/google/inject/BinderTestSuite.java:[378,42] error: cannot find symbol
[ERROR]  class BinderTestSuite
/home/artefact/tests/Maven Test Sources/guice-4.0-beta4-test-sources/src/test/java/com/google/inject/BinderTestSuite.java:[448,52] error: cannot find symbol
[ERROR]  class BinderTestSuite
/home/artefact/tests/Maven Test Sources/guice-4.0-beta4-test-sources/src/test/java/com/google/inject/BinderTestSuite.java:[476,57] error: cannot find symbol
[ERROR]  class BinderTestSuite
/home/artefact/tests/Maven Test Sources/guice-4.0-beta4-test-sources/src/test/java/com/google/inject/BinderTestSuite.java:[545,49] error: cannot find symbol
[ERROR]  class BinderTestSuite
/home/artefact/tests/Maven Test Sources/guice-4.0-beta4-test-sources/src/test/java/com/google/inject/ImplicitBindingTest.java:[24,22] error: package junit.framework does not exist
[ERROR] /home/artefact/tests/Maven Test Sources/guice-4.0-beta4-test-sources/src/test/java/com/google/inject/ImplicitBindingTest.java:[31,41] error: cannot find symbol
[ERROR]  class TestCase
/home/artefact/tests/Maven Test Sources/guice-4.0-beta4-test-sources/src/test/java/com/google/inject/PrivateModuleTest.java:[32,22] error: package junit.framework does not exist
[ERROR] /home/artefact/tests/Maven Test Sources/guice-4.0-beta4-test-sources/src/test/java/com/google/inject/PrivateModuleTest.java:[41,39] error: cannot find symbol
[ERROR]  class TestCase
/home/artefact/tests/Maven Test Sources/guice-4.0-beta4-test-sources/src/test/java/com/google/inject/example/ClientServiceWithGuiceDefaults.java:[26,22] error: package junit.framework does not exist
[ERROR] /home/artefact/tests/Maven Test Sources/guice-4.0-beta4-test-sources/src/test/java/com/google/inject/IntegrationTest.java:[21,22] error: package junit.framework does not exist
[ERROR] /home/artefact/tests/Maven Test Sources/guice-4.0-beta4-test-sources/src/test/java/com/google/inject/IntegrationTest.java:[29,37] error: cannot find symbol
[ERROR]  class TestCase
/home/artefact/tests/Maven Test Sources/guice-4.0-beta4-test-sources/src/test/java/com/google/inject/util/OverrideModuleTest.java:[44,22] error: package junit.framework does not exist
[ERROR] /home/artefact/tests/Maven Test Sources/guice-4.0-beta4-test-sources/src/test/java/com/google/inject/util/OverrideModuleTest.java:[54,40] error: cannot find symbol
[ERROR]  class TestCase
/home/artefact/tests/Maven Test Sources/guice-4.0-beta4-test-sources/src/test/java/com/google/inject/name/NamesTest.java:[29,22] error: package junit.framework does not exist
[ERROR] /home/artefact/tests/Maven Test Sources/guice-4.0-beta4-test-sources/src/test/java/com/google/inject/name/NamesTest.java:[38,31] error: cannot find symbol
[ERROR]  class TestCase
/home/artefact/tests/Maven Test Sources/guice-4.0-beta4-test-sources/src/test/java/com/googlecode/guice/OSGiContainerTest.java:[20,21] error: package aQute.bnd.main does not exist
[ERROR] /home/artefact/tests/Maven Test Sources/guice-4.0-beta4-test-sources/src/test/java/com/googlecode/guice/OSGiContainerTest.java:[24,22] error: package junit.framework does not exist
[ERROR] /home/artefact/tests/Maven Test Sources/guice-4.0-beta4-test-sources/src/test/java/com/googlecode/guice/OSGiContainerTest.java:[26,25] error: package org.osgi.framework does not exist
[ERROR] /home/artefact/tests/Maven Test Sources/guice-4.0-beta4-test-sources/src/test/java/com/googlecode/guice/OSGiContainerTest.java:[27,32] error: package org.osgi.framework.launch does not exist
[INFO] 100 errors 
[INFO] -------------------------------------------------------------
[INFO] ------------------------------------------------------------------------
[INFO] BUILD FAILURE
[INFO] ------------------------------------------------------------------------
[INFO] Total time: 5.031 s
[INFO] Finished at: 2017-09-21T13:40:50+02:00
[INFO] Final Memory: 19M/293M
[INFO] ------------------------------------------------------------------------
[ERROR] Failed to execute goal org.apache.maven.plugins:maven-compiler-plugin:2.3.2:compile (default-compile) on project guice: Compilation failure: Compilation failure:
[ERROR] /home/artefact/tests/Maven Test Sources/guice-4.0-beta4-test-sources/src/test/java/com/google/inject/GenericInjectionTest.java:[23,22] error: package junit.framework does not exist
[ERROR] /home/artefact/tests/Maven Test Sources/guice-4.0-beta4-test-sources/src/test/java/com/google/inject/GenericInjectionTest.java:[34,42] error: cannot find symbol
[ERROR] class TestCase
[ERROR] /home/artefact/tests/Maven Test Sources/guice-4.0-beta4-test-sources/src/test/java/com/google/inject/Asserts.java:[22,29] error: package junit.framework does not exist
[ERROR] /home/artefact/tests/Maven Test Sources/guice-4.0-beta4-test-sources/src/test/java/com/google/inject/Asserts.java:[22,0] error: static import only from classes and interfaces
[ERROR] /home/artefact/tests/Maven Test Sources/guice-4.0-beta4-test-sources/src/test/java/com/google/inject/Asserts.java:[23,29] error: package junit.framework does not exist
[ERROR] /home/artefact/tests/Maven Test Sources/guice-4.0-beta4-test-sources/src/test/java/com/google/inject/Asserts.java:[23,0] error: static import only from classes and interfaces
[ERROR] /home/artefact/tests/Maven Test Sources/guice-4.0-beta4-test-sources/src/test/java/com/google/inject/Asserts.java:[24,29] error: package junit.framework does not exist
[ERROR] /home/artefact/tests/Maven Test Sources/guice-4.0-beta4-test-sources/src/test/java/com/google/inject/Asserts.java:[24,0] error: static import only from classes and interfaces
[ERROR] /home/artefact/tests/Maven Test Sources/guice-4.0-beta4-test-sources/src/test/java/com/google/inject/Asserts.java:[31,22] error: package junit.framework does not exist
[ERROR] /home/artefact/tests/Maven Test Sources/guice-4.0-beta4-test-sources/src/test/java/com/google/inject/LoggerInjectionTest.java:[7,22] error: package junit.framework does not exist
[ERROR] /home/artefact/tests/Maven Test Sources/guice-4.0-beta4-test-sources/src/test/java/com/google/inject/LoggerInjectionTest.java:[16,41] error: cannot find symbol
[ERROR] class TestCase
[ERROR] /home/artefact/tests/Maven Test Sources/guice-4.0-beta4-test-sources/src/test/java/com/googlecode/guice/BytecodeGenTest.java:[28,22] error: package junit.framework does not exist
[ERROR] /home/artefact/tests/Maven Test Sources/guice-4.0-beta4-test-sources/src/test/java/com/googlecode/guice/BytecodeGenTest.java:[49,37] error: cannot find symbol
[ERROR] class TestCase
[ERROR] /home/artefact/tests/Maven Test Sources/guice-4.0-beta4-test-sources/src/test/java/com/google/inject/MethodInterceptionTest.java:[29,22] error: package junit.framework does not exist
[ERROR] /home/artefact/tests/Maven Test Sources/guice-4.0-beta4-test-sources/src/test/java/com/google/inject/MethodInterceptionTest.java:[44,44] error: cannot find symbol
[ERROR] class TestCase
[ERROR] /home/artefact/tests/Maven Test Sources/guice-4.0-beta4-test-sources/src/test/java/com/google/inject/spi/InjectorSpiTest.java:[12,22] error: package junit.framework does not exist
[ERROR] /home/artefact/tests/Maven Test Sources/guice-4.0-beta4-test-sources/src/test/java/com/google/inject/spi/InjectorSpiTest.java:[19,37] error: cannot find symbol
[ERROR] class TestCase
[ERROR] /home/artefact/tests/Maven Test Sources/guice-4.0-beta4-test-sources/src/test/java/com/google/inject/internal/util/LineNumbersTest.java:[29,22] error: package junit.framework does not exist
[ERROR] /home/artefact/tests/Maven Test Sources/guice-4.0-beta4-test-sources/src/test/java/com/google/inject/internal/util/LineNumbersTest.java:[36,37] error: cannot find symbol
[ERROR] class TestCase
[ERROR] /home/artefact/tests/Maven Test Sources/guice-4.0-beta4-test-sources/src/test/java/com/google/inject/spi/SpiBindingsTest.java:[39,22] error: package junit.framework does not exist
[ERROR] /home/artefact/tests/Maven Test Sources/guice-4.0-beta4-test-sources/src/test/java/com/google/inject/spi/SpiBindingsTest.java:[40,22] error: package junit.framework does not exist
[ERROR] /home/artefact/tests/Maven Test Sources/guice-4.0-beta4-test-sources/src/test/java/com/google/inject/spi/SpiBindingsTest.java:[53,37] error: cannot find symbol
[ERROR] class TestCase
[ERROR] /home/artefact/tests/Maven Test Sources/guice-4.0-beta4-test-sources/src/test/java/com/google/inject/spi/ElementsTest.java:[51,22] error: package junit.framework does not exist
[ERROR] /home/artefact/tests/Maven Test Sources/guice-4.0-beta4-test-sources/src/test/java/com/google/inject/spi/ElementsTest.java:[74,34] error: cannot find symbol
[ERROR] class TestCase
[ERROR] /home/artefact/tests/Maven Test Sources/guice-4.0-beta4-test-sources/src/test/java/com/google/inject/spi/ElementSourceTest.java:[12,22] error: package junit.framework does not exist
[ERROR] /home/artefact/tests/Maven Test Sources/guice-4.0-beta4-test-sources/src/test/java/com/google/inject/spi/ElementSourceTest.java:[23,39] error: cannot find symbol
[ERROR] class TestCase
[ERROR] /home/artefact/tests/Maven Test Sources/guice-4.0-beta4-test-sources/src/test/java/com/google/inject/SerializationTest.java:[22,22] error: package junit.framework does not exist
[ERROR] /home/artefact/tests/Maven Test Sources/guice-4.0-beta4-test-sources/src/test/java/com/google/inject/SerializationTest.java:[23,22] error: package junit.framework does not exist
[ERROR] /home/artefact/tests/Maven Test Sources/guice-4.0-beta4-test-sources/src/test/java/com/google/inject/SerializationTest.java:[32,39] error: cannot find symbol
[ERROR] class TestCase
[ERROR] /home/artefact/tests/Maven Test Sources/guice-4.0-beta4-test-sources/src/test/java/com/google/inject/name/NamedEquivalanceTest.java:[31,22] error: package junit.framework does not exist
[ERROR] /home/artefact/tests/Maven Test Sources/guice-4.0-beta4-test-sources/src/test/java/com/google/inject/name/NamedEquivalanceTest.java:[43,42] error: cannot find symbol
[ERROR] class TestCase
[ERROR] /home/artefact/tests/Maven Test Sources/guice-4.0-beta4-test-sources/src/test/java/com/google/inject/matcher/MatcherTest.java:[34,22] error: package junit.framework does not exist
[ERROR] /home/artefact/tests/Maven Test Sources/guice-4.0-beta4-test-sources/src/test/java/com/google/inject/matcher/MatcherTest.java:[46,33] error: cannot find symbol
[ERROR] class TestCase
[ERROR] /home/artefact/tests/Maven Test Sources/guice-4.0-beta4-test-sources/src/test/java/com/google/inject/example/ClientServiceWithDependencyInjection.java:[19,29] error: package junit.framework does not exist
[ERROR] /home/artefact/tests/Maven Test Sources/guice-4.0-beta4-test-sources/src/test/java/com/google/inject/example/ClientServiceWithDependencyInjection.java:[19,0] error: static import only from classes and interfaces
[ERROR] /home/artefact/tests/Maven Test Sources/guice-4.0-beta4-test-sources/src/test/java/com/google/inject/ProvisionExceptionsTest.java:[23,22] error: package junit.framework does not exist
[ERROR] /home/artefact/tests/Maven Test Sources/guice-4.0-beta4-test-sources/src/test/java/com/google/inject/ProvisionExceptionsTest.java:[33,45] error: cannot find symbol
[ERROR] class TestCase
[ERROR] /home/artefact/tests/Maven Test Sources/guice-4.0-beta4-test-sources/src/test/java/com/google/inject/BinderTest.java:[32,22] error: package junit.framework does not exist
[ERROR] /home/artefact/tests/Maven Test Sources/guice-4.0-beta4-test-sources/src/test/java/com/google/inject/BinderTest.java:[46,32] error: cannot find symbol
[ERROR] class TestCase
[ERROR] /home/artefact/tests/Maven Test Sources/guice-4.0-beta4-test-sources/src/test/java/com/googlecode/guice/Jsr330Test.java:[37,22] error: package junit.framework does not exist
[ERROR] /home/artefact/tests/Maven Test Sources/guice-4.0-beta4-test-sources/src/test/java/com/googlecode/guice/Jsr330Test.java:[49,32] error: cannot find symbol
[ERROR] class TestCase
[ERROR] /home/artefact/tests/Maven Test Sources/guice-4.0-beta4-test-sources/src/test/java/com/google/inject/util/ProvidersTest.java:[21,22] error: package junit.framework does not exist
[ERROR] /home/artefact/tests/Maven Test Sources/guice-4.0-beta4-test-sources/src/test/java/com/google/inject/util/ProvidersTest.java:[28,35] error: cannot find symbol
[ERROR] class TestCase
[ERROR] /home/artefact/tests/Maven Test Sources/guice-4.0-beta4-test-sources/src/test/java/com/google/inject/spi/InjectionPointTest.java:[35,22] error: package junit.framework does not exist
[ERROR] /home/artefact/tests/Maven Test Sources/guice-4.0-beta4-test-sources/src/test/java/com/google/inject/spi/InjectionPointTest.java:[36,22] error: package junit.framework does not exist
[ERROR] /home/artefact/tests/Maven Test Sources/guice-4.0-beta4-test-sources/src/test/java/com/google/inject/spi/InjectionPointTest.java:[50,40] error: cannot find symbol
[ERROR] class TestCase
[ERROR] /home/artefact/tests/Maven Test Sources/guice-4.0-beta4-test-sources/src/test/java/com/google/inject/internal/UniqueAnnotationsTest.java:[20,22] error: package junit.framework does not exist
[ERROR] /home/artefact/tests/Maven Test Sources/guice-4.0-beta4-test-sources/src/test/java/com/google/inject/internal/UniqueAnnotationsTest.java:[27,43] error: cannot find symbol
[ERROR] class TestCase
[ERROR] /home/artefact/tests/Maven Test Sources/guice-4.0-beta4-test-sources/src/test/java/com/google/inject/spi/FailingElementVisitor.java:[19,22] error: package junit.framework does not exist
[ERROR] /home/artefact/tests/Maven Test Sources/guice-4.0-beta4-test-sources/src/test/java/com/google/inject/DuplicateBindingsTest.java:[29,22] error: package junit.framework does not exist
[ERROR] /home/artefact/tests/Maven Test Sources/guice-4.0-beta4-test-sources/src/test/java/com/google/inject/DuplicateBindingsTest.java:[44,43] error: cannot find symbol
[ERROR] class TestCase
[ERROR] /home/artefact/tests/Maven Test Sources/guice-4.0-beta4-test-sources/src/test/java/com/google/inject/ProviderInjectionTest.java:[23,22] error: package junit.framework does not exist
[ERROR] /home/artefact/tests/Maven Test Sources/guice-4.0-beta4-test-sources/src/test/java/com/google/inject/ProviderInjectionTest.java:[31,43] error: cannot find symbol
[ERROR] class TestCase
[ERROR] /home/artefact/tests/Maven Test Sources/guice-4.0-beta4-test-sources/src/test/java/com/googlecode/guice/GuiceTck.java:[23,22] error: package junit.framework does not exist
[ERROR] /home/artefact/tests/Maven Test Sources/guice-4.0-beta4-test-sources/src/test/java/com/googlecode/guice/GuiceTck.java:[24,22] error: package junit.framework does not exist
[ERROR] /home/artefact/tests/Maven Test Sources/guice-4.0-beta4-test-sources/src/test/java/com/googlecode/guice/GuiceTck.java:[26,23] error: package org.atinject.tck does not exist
[ERROR] /home/artefact/tests/Maven Test Sources/guice-4.0-beta4-test-sources/src/test/java/com/googlecode/guice/GuiceTck.java:[27,28] error: package org.atinject.tck.auto does not exist
[ERROR] /home/artefact/tests/Maven Test Sources/guice-4.0-beta4-test-sources/src/test/java/com/googlecode/guice/GuiceTck.java:[28,28] error: package org.atinject.tck.auto does not exist
[ERROR] /home/artefact/tests/Maven Test Sources/guice-4.0-beta4-test-sources/src/test/java/com/googlecode/guice/GuiceTck.java:[29,28] error: package org.atinject.tck.auto does not exist
[ERROR] /home/artefact/tests/Maven Test Sources/guice-4.0-beta4-test-sources/src/test/java/com/googlecode/guice/GuiceTck.java:[30,28] error: package org.atinject.tck.auto does not exist
[ERROR] /home/artefact/tests/Maven Test Sources/guice-4.0-beta4-test-sources/src/test/java/com/googlecode/guice/GuiceTck.java:[31,28] error: package org.atinject.tck.auto does not exist
[ERROR] /home/artefact/tests/Maven Test Sources/guice-4.0-beta4-test-sources/src/test/java/com/googlecode/guice/GuiceTck.java:[32,28] error: package org.atinject.tck.auto does not exist
[ERROR] /home/artefact/tests/Maven Test Sources/guice-4.0-beta4-test-sources/src/test/java/com/googlecode/guice/GuiceTck.java:[33,28] error: package org.atinject.tck.auto does not exist
[ERROR] /home/artefact/tests/Maven Test Sources/guice-4.0-beta4-test-sources/src/test/java/com/googlecode/guice/GuiceTck.java:[34,28] error: package org.atinject.tck.auto does not exist
[ERROR] /home/artefact/tests/Maven Test Sources/guice-4.0-beta4-test-sources/src/test/java/com/googlecode/guice/GuiceTck.java:[35,28] error: package org.atinject.tck.auto does not exist
[ERROR] /home/artefact/tests/Maven Test Sources/guice-4.0-beta4-test-sources/src/test/java/com/googlecode/guice/GuiceTck.java:[36,40] error: package org.atinject.tck.auto.accessories does not exist
[ERROR] /home/artefact/tests/Maven Test Sources/guice-4.0-beta4-test-sources/src/test/java/com/googlecode/guice/GuiceTck.java:[37,40] error: package org.atinject.tck.auto.accessories does not exist
[ERROR] /home/artefact/tests/Maven Test Sources/guice-4.0-beta4-test-sources/src/test/java/com/googlecode/guice/GuiceTck.java:[41,30] error: cannot find symbol
[ERROR] class TestCase
[ERROR] /home/artefact/tests/Maven Test Sources/guice-4.0-beta4-test-sources/src/test/java/com/googlecode/guice/GuiceTck.java:[43,16] error: cannot find symbol
[ERROR] class GuiceTck
[ERROR] /home/artefact/tests/Maven Test Sources/guice-4.0-beta4-test-sources/src/test/java/com/google/inject/ProvisionExceptionTest.java:[28,22] error: package junit.framework does not exist
[ERROR] /home/artefact/tests/Maven Test Sources/guice-4.0-beta4-test-sources/src/test/java/com/google/inject/ProvisionExceptionTest.java:[38,44] error: cannot find symbol
[ERROR] class TestCase
[ERROR] /home/artefact/tests/Maven Test Sources/guice-4.0-beta4-test-sources/src/test/java/com/google/inject/ReflectionTest.java:[23,22] error: package junit.framework does not exist
[ERROR] /home/artefact/tests/Maven Test Sources/guice-4.0-beta4-test-sources/src/test/java/com/google/inject/ReflectionTest.java:[30,36] error: cannot find symbol
[ERROR] class TestCase
[ERROR] /home/artefact/tests/Maven Test Sources/guice-4.0-beta4-test-sources/src/test/java/com/google/inject/TypeLiteralTest.java:[25,22] error: package junit.framework does not exist
[ERROR] /home/artefact/tests/Maven Test Sources/guice-4.0-beta4-test-sources/src/test/java/com/google/inject/TypeLiteralTest.java:[35,37] error: cannot find symbol
[ERROR] class TestCase
[ERROR] /home/artefact/tests/Maven Test Sources/guice-4.0-beta4-test-sources/src/test/java/com/google/inject/BinderTestSuite.java:[32,22] error: package junit.framework does not exist
[ERROR] /home/artefact/tests/Maven Test Sources/guice-4.0-beta4-test-sources/src/test/java/com/google/inject/BinderTestSuite.java:[33,22] error: package junit.framework does not exist
[ERROR] /home/artefact/tests/Maven Test Sources/guice-4.0-beta4-test-sources/src/test/java/com/google/inject/BinderTestSuite.java:[34,22] error: package junit.framework does not exist
[ERROR] /home/artefact/tests/Maven Test Sources/guice-4.0-beta4-test-sources/src/test/java/com/google/inject/BinderTestSuite.java:[45,37] error: cannot find symbol
[ERROR] class TestCase
[ERROR] /home/artefact/tests/Maven Test Sources/guice-4.0-beta4-test-sources/src/test/java/com/google/inject/BinderTestSuite.java:[47,16] error: cannot find symbol
[ERROR] class BinderTestSuite
[ERROR] /home/artefact/tests/Maven Test Sources/guice-4.0-beta4-test-sources/src/test/java/com/google/inject/BinderTestSuite.java:[362,27] error: cannot find symbol
[ERROR] class Builder
[ERROR] /home/artefact/tests/Maven Test Sources/guice-4.0-beta4-test-sources/src/test/java/com/google/inject/BinderTestSuite.java:[378,42] error: cannot find symbol
[ERROR] class BinderTestSuite
[ERROR] /home/artefact/tests/Maven Test Sources/guice-4.0-beta4-test-sources/src/test/java/com/google/inject/BinderTestSuite.java:[448,52] error: cannot find symbol
[ERROR] class BinderTestSuite
[ERROR] /home/artefact/tests/Maven Test Sources/guice-4.0-beta4-test-sources/src/test/java/com/google/inject/BinderTestSuite.java:[476,57] error: cannot find symbol
[ERROR] class BinderTestSuite
[ERROR] /home/artefact/tests/Maven Test Sources/guice-4.0-beta4-test-sources/src/test/java/com/google/inject/BinderTestSuite.java:[545,49] error: cannot find symbol
[ERROR] class BinderTestSuite
[ERROR] /home/artefact/tests/Maven Test Sources/guice-4.0-beta4-test-sources/src/test/java/com/google/inject/ImplicitBindingTest.java:[24,22] error: package junit.framework does not exist
[ERROR] /home/artefact/tests/Maven Test Sources/guice-4.0-beta4-test-sources/src/test/java/com/google/inject/ImplicitBindingTest.java:[31,41] error: cannot find symbol
[ERROR] class TestCase
[ERROR] /home/artefact/tests/Maven Test Sources/guice-4.0-beta4-test-sources/src/test/java/com/google/inject/PrivateModuleTest.java:[32,22] error: package junit.framework does not exist
[ERROR] /home/artefact/tests/Maven Test Sources/guice-4.0-beta4-test-sources/src/test/java/com/google/inject/PrivateModuleTest.java:[41,39] error: cannot find symbol
[ERROR] class TestCase
[ERROR] /home/artefact/tests/Maven Test Sources/guice-4.0-beta4-test-sources/src/test/java/com/google/inject/example/ClientServiceWithGuiceDefaults.java:[26,22] error: package junit.framework does not exist
[ERROR] /home/artefact/tests/Maven Test Sources/guice-4.0-beta4-test-sources/src/test/java/com/google/inject/IntegrationTest.java:[21,22] error: package junit.framework does not exist
[ERROR] /home/artefact/tests/Maven Test Sources/guice-4.0-beta4-test-sources/src/test/java/com/google/inject/IntegrationTest.java:[29,37] error: cannot find symbol
[ERROR] class TestCase
[ERROR] /home/artefact/tests/Maven Test Sources/guice-4.0-beta4-test-sources/src/test/java/com/google/inject/util/OverrideModuleTest.java:[44,22] error: package junit.framework does not exist
[ERROR] /home/artefact/tests/Maven Test Sources/guice-4.0-beta4-test-sources/src/test/java/com/google/inject/util/OverrideModuleTest.java:[54,40] error: cannot find symbol
[ERROR] class TestCase
[ERROR] /home/artefact/tests/Maven Test Sources/guice-4.0-beta4-test-sources/src/test/java/com/google/inject/name/NamesTest.java:[29,22] error: package junit.framework does not exist
[ERROR] /home/artefact/tests/Maven Test Sources/guice-4.0-beta4-test-sources/src/test/java/com/google/inject/name/NamesTest.java:[38,31] error: cannot find symbol
[ERROR] class TestCase
[ERROR] /home/artefact/tests/Maven Test Sources/guice-4.0-beta4-test-sources/src/test/java/com/googlecode/guice/OSGiContainerTest.java:[20,21] error: package aQute.bnd.main does not exist
[ERROR] /home/artefact/tests/Maven Test Sources/guice-4.0-beta4-test-sources/src/test/java/com/googlecode/guice/OSGiContainerTest.java:[24,22] error: package junit.framework does not exist
[ERROR] /home/artefact/tests/Maven Test Sources/guice-4.0-beta4-test-sources/src/test/java/com/googlecode/guice/OSGiContainerTest.java:[26,25] error: package org.osgi.framework does not exist
[ERROR] /home/artefact/tests/Maven Test Sources/guice-4.0-beta4-test-sources/src/test/java/com/googlecode/guice/OSGiContainerTest.java:[27,32] error: package org.osgi.framework.launch does not exist
[ERROR] -> [Help 1]
[ERROR] 
[ERROR] To see the full stack trace of the errors, re-run Maven with the -e switch.
[ERROR] Re-run Maven using the -X switch to enable full debug logging.
[ERROR] 
[ERROR] For more information about the errors and possible solutions, please read the following articles:
[ERROR] [Help 1] http://cwiki.apache.org/confluence/display/MAVEN/MojoFailureException
