[INFO] Scanning for projects...
[INFO]                                                                         
[INFO] ------------------------------------------------------------------------
[INFO] Building Google Guice - Core Library 4.0-beta
[INFO] ------------------------------------------------------------------------
[INFO] 
[INFO] --- maven-remote-resources-plugin:1.1:process (default) @ guice ---
[INFO] Setting property: classpath.resource.loader.class => 'org.codehaus.plexus.velocity.ContextClassLoaderResourceLoader'.
[INFO] Setting property: velocimacro.messages.on => 'false'.
[INFO] Setting property: resource.loader => 'classpath'.
[INFO] Setting property: resource.manager.logwhenfound => 'false'.
[INFO] 
[INFO] --- maven-resources-plugin:2.6:resources (default-resources) @ guice ---
[INFO] Using 'UTF-8' encoding to copy filtered resources.
[INFO] Copying 8 resources
[INFO] Copying 3 resources
[INFO] 
[INFO] --- maven-compiler-plugin:2.3.2:compile (default-compile) @ guice ---
[INFO] Compiling 264 source files to /home/artefact/tests/MavenTestSources/guice-4.0-beta-test-sources/target/classes
[INFO] -------------------------------------------------------------
[ERROR] COMPILATION ERROR : 
[INFO] -------------------------------------------------------------
[ERROR] /home/artefact/tests/MavenTestSources/guice-4.0-beta-test-sources/src/test/java/com/googlecode/guice/BytecodeGenTest.java:[28,22] error: package junit.framework does not exist
[ERROR] /home/artefact/tests/MavenTestSources/guice-4.0-beta-test-sources/src/test/java/com/googlecode/guice/BytecodeGenTest.java:[48,37] error: cannot find symbol
[ERROR]  class TestCase
/home/artefact/tests/MavenTestSources/guice-4.0-beta-test-sources/src/test/java/com/google/inject/spi/FailingBindingScopingVisitor.java:[21,22] error: package junit.framework does not exist
[ERROR] /home/artefact/tests/MavenTestSources/guice-4.0-beta-test-sources/src/test/java/com/google/inject/Asserts.java:[20,29] error: package junit.framework does not exist
[ERROR] /home/artefact/tests/MavenTestSources/guice-4.0-beta-test-sources/src/test/java/com/google/inject/Asserts.java:[20,0] error: static import only from classes and interfaces
[ERROR] /home/artefact/tests/MavenTestSources/guice-4.0-beta-test-sources/src/test/java/com/google/inject/Asserts.java:[21,29] error: package junit.framework does not exist
[ERROR] /home/artefact/tests/MavenTestSources/guice-4.0-beta-test-sources/src/test/java/com/google/inject/Asserts.java:[21,0] error: static import only from classes and interfaces
[ERROR] /home/artefact/tests/MavenTestSources/guice-4.0-beta-test-sources/src/test/java/com/google/inject/Asserts.java:[22,29] error: package junit.framework does not exist
[ERROR] /home/artefact/tests/MavenTestSources/guice-4.0-beta-test-sources/src/test/java/com/google/inject/Asserts.java:[22,0] error: static import only from classes and interfaces
[ERROR] /home/artefact/tests/MavenTestSources/guice-4.0-beta-test-sources/src/test/java/com/google/inject/Asserts.java:[24,22] error: package junit.framework does not exist
[ERROR] /home/artefact/tests/MavenTestSources/guice-4.0-beta-test-sources/src/test/java/com/google/inject/NullableInjectionPointTest.java:[5,22] error: package junit.framework does not exist
[ERROR] /home/artefact/tests/MavenTestSources/guice-4.0-beta-test-sources/src/test/java/com/google/inject/NullableInjectionPointTest.java:[16,48] error: cannot find symbol
[ERROR]  class TestCase
/home/artefact/tests/MavenTestSources/guice-4.0-beta-test-sources/src/test/java/com/googlecode/guice/GuiceTck.java:[23,22] error: package junit.framework does not exist
[ERROR] /home/artefact/tests/MavenTestSources/guice-4.0-beta-test-sources/src/test/java/com/googlecode/guice/GuiceTck.java:[24,22] error: package junit.framework does not exist
[ERROR] /home/artefact/tests/MavenTestSources/guice-4.0-beta-test-sources/src/test/java/com/googlecode/guice/GuiceTck.java:[26,23] error: package org.atinject.tck does not exist
[ERROR] /home/artefact/tests/MavenTestSources/guice-4.0-beta-test-sources/src/test/java/com/googlecode/guice/GuiceTck.java:[27,28] error: package org.atinject.tck.auto does not exist
[ERROR] /home/artefact/tests/MavenTestSources/guice-4.0-beta-test-sources/src/test/java/com/googlecode/guice/GuiceTck.java:[28,28] error: package org.atinject.tck.auto does not exist
[ERROR] /home/artefact/tests/MavenTestSources/guice-4.0-beta-test-sources/src/test/java/com/googlecode/guice/GuiceTck.java:[29,28] error: package org.atinject.tck.auto does not exist
[ERROR] /home/artefact/tests/MavenTestSources/guice-4.0-beta-test-sources/src/test/java/com/googlecode/guice/GuiceTck.java:[30,28] error: package org.atinject.tck.auto does not exist
[ERROR] /home/artefact/tests/MavenTestSources/guice-4.0-beta-test-sources/src/test/java/com/googlecode/guice/GuiceTck.java:[31,28] error: package org.atinject.tck.auto does not exist
[ERROR] /home/artefact/tests/MavenTestSources/guice-4.0-beta-test-sources/src/test/java/com/googlecode/guice/GuiceTck.java:[32,28] error: package org.atinject.tck.auto does not exist
[ERROR] /home/artefact/tests/MavenTestSources/guice-4.0-beta-test-sources/src/test/java/com/googlecode/guice/GuiceTck.java:[33,28] error: package org.atinject.tck.auto does not exist
[ERROR] /home/artefact/tests/MavenTestSources/guice-4.0-beta-test-sources/src/test/java/com/googlecode/guice/GuiceTck.java:[34,28] error: package org.atinject.tck.auto does not exist
[ERROR] /home/artefact/tests/MavenTestSources/guice-4.0-beta-test-sources/src/test/java/com/googlecode/guice/GuiceTck.java:[35,28] error: package org.atinject.tck.auto does not exist
[ERROR] /home/artefact/tests/MavenTestSources/guice-4.0-beta-test-sources/src/test/java/com/googlecode/guice/GuiceTck.java:[36,40] error: package org.atinject.tck.auto.accessories does not exist
[ERROR] /home/artefact/tests/MavenTestSources/guice-4.0-beta-test-sources/src/test/java/com/googlecode/guice/GuiceTck.java:[37,40] error: package org.atinject.tck.auto.accessories does not exist
[ERROR] /home/artefact/tests/MavenTestSources/guice-4.0-beta-test-sources/src/test/java/com/googlecode/guice/GuiceTck.java:[41,30] error: cannot find symbol
[ERROR]  class TestCase
/home/artefact/tests/MavenTestSources/guice-4.0-beta-test-sources/src/test/java/com/googlecode/guice/GuiceTck.java:[43,16] error: cannot find symbol
[ERROR]  class GuiceTck
/home/artefact/tests/MavenTestSources/guice-4.0-beta-test-sources/src/test/java/com/google/inject/spi/SpiBindingsTest.java:[37,22] error: package junit.framework does not exist
[ERROR] /home/artefact/tests/MavenTestSources/guice-4.0-beta-test-sources/src/test/java/com/google/inject/spi/SpiBindingsTest.java:[38,22] error: package junit.framework does not exist
[ERROR] /home/artefact/tests/MavenTestSources/guice-4.0-beta-test-sources/src/test/java/com/google/inject/spi/SpiBindingsTest.java:[51,37] error: cannot find symbol
[ERROR]  class TestCase
/home/artefact/tests/MavenTestSources/guice-4.0-beta-test-sources/src/test/java/com/google/inject/BinderTestSuite.java:[32,22] error: package junit.framework does not exist
[ERROR] /home/artefact/tests/MavenTestSources/guice-4.0-beta-test-sources/src/test/java/com/google/inject/BinderTestSuite.java:[33,22] error: package junit.framework does not exist
[ERROR] /home/artefact/tests/MavenTestSources/guice-4.0-beta-test-sources/src/test/java/com/google/inject/BinderTestSuite.java:[34,22] error: package junit.framework does not exist
[ERROR] /home/artefact/tests/MavenTestSources/guice-4.0-beta-test-sources/src/test/java/com/google/inject/BinderTestSuite.java:[45,37] error: cannot find symbol
[ERROR]  class TestCase
/home/artefact/tests/MavenTestSources/guice-4.0-beta-test-sources/src/test/java/com/google/inject/BinderTestSuite.java:[47,16] error: cannot find symbol
[ERROR]  class BinderTestSuite
/home/artefact/tests/MavenTestSources/guice-4.0-beta-test-sources/src/test/java/com/google/inject/BinderTestSuite.java:[362,27] error: cannot find symbol
[ERROR]  class Builder
/home/artefact/tests/MavenTestSources/guice-4.0-beta-test-sources/src/test/java/com/google/inject/BinderTestSuite.java:[378,42] error: cannot find symbol
[ERROR]  class BinderTestSuite
/home/artefact/tests/MavenTestSources/guice-4.0-beta-test-sources/src/test/java/com/google/inject/BinderTestSuite.java:[448,52] error: cannot find symbol
[ERROR]  class BinderTestSuite
/home/artefact/tests/MavenTestSources/guice-4.0-beta-test-sources/src/test/java/com/google/inject/BinderTestSuite.java:[476,57] error: cannot find symbol
[ERROR]  class BinderTestSuite
/home/artefact/tests/MavenTestSources/guice-4.0-beta-test-sources/src/test/java/com/google/inject/BinderTestSuite.java:[545,49] error: cannot find symbol
[ERROR]  class BinderTestSuite
/home/artefact/tests/MavenTestSources/guice-4.0-beta-test-sources/src/test/java/com/google/inject/internal/util/LineNumbersTest.java:[28,22] error: package junit.framework does not exist
[ERROR] /home/artefact/tests/MavenTestSources/guice-4.0-beta-test-sources/src/test/java/com/google/inject/internal/util/LineNumbersTest.java:[35,37] error: cannot find symbol
[ERROR]  class TestCase
/home/artefact/tests/MavenTestSources/guice-4.0-beta-test-sources/src/test/java/com/google/inject/BoundInstanceInjectionTest.java:[26,22] error: package junit.framework does not exist
[ERROR] /home/artefact/tests/MavenTestSources/guice-4.0-beta-test-sources/src/test/java/com/google/inject/BoundInstanceInjectionTest.java:[34,48] error: cannot find symbol
[ERROR]  class TestCase
/home/artefact/tests/MavenTestSources/guice-4.0-beta-test-sources/src/test/java/com/google/inject/LoggerInjectionTest.java:[7,22] error: package junit.framework does not exist
[ERROR] /home/artefact/tests/MavenTestSources/guice-4.0-beta-test-sources/src/test/java/com/google/inject/LoggerInjectionTest.java:[16,41] error: cannot find symbol
[ERROR]  class TestCase
/home/artefact/tests/MavenTestSources/guice-4.0-beta-test-sources/src/test/java/com/google/inject/PrivateModuleTest.java:[30,22] error: package junit.framework does not exist
[ERROR] /home/artefact/tests/MavenTestSources/guice-4.0-beta-test-sources/src/test/java/com/google/inject/PrivateModuleTest.java:[39,39] error: cannot find symbol
[ERROR]  class TestCase
/home/artefact/tests/MavenTestSources/guice-4.0-beta-test-sources/src/test/java/com/google/inject/ScopesTest.java:[31,22] error: package junit.framework does not exist
[ERROR] /home/artefact/tests/MavenTestSources/guice-4.0-beta-test-sources/src/test/java/com/google/inject/ScopesTest.java:[46,32] error: cannot find symbol
[ERROR]  class TestCase
/home/artefact/tests/MavenTestSources/guice-4.0-beta-test-sources/src/test/java/com/google/inject/ProviderInjectionTest.java:[23,22] error: package junit.framework does not exist
[ERROR] /home/artefact/tests/MavenTestSources/guice-4.0-beta-test-sources/src/test/java/com/google/inject/ProviderInjectionTest.java:[31,43] error: cannot find symbol
[ERROR]  class TestCase
/home/artefact/tests/MavenTestSources/guice-4.0-beta-test-sources/src/test/java/com/google/inject/spi/ProviderMethodsTest.java:[42,22] error: package junit.framework does not exist
[ERROR] /home/artefact/tests/MavenTestSources/guice-4.0-beta-test-sources/src/test/java/com/google/inject/spi/ProviderMethodsTest.java:[55,41] error: cannot find symbol
[ERROR]  class TestCase
/home/artefact/tests/MavenTestSources/guice-4.0-beta-test-sources/src/test/java/com/google/inject/KeyTest.java:[28,22] error: package junit.framework does not exist
[ERROR] /home/artefact/tests/MavenTestSources/guice-4.0-beta-test-sources/src/test/java/com/google/inject/KeyTest.java:[44,29] error: cannot find symbol
[ERROR]  class TestCase
/home/artefact/tests/MavenTestSources/guice-4.0-beta-test-sources/src/test/java/com/google/inject/spi/FailingTargetVisitor.java:[21,22] error: package junit.framework does not exist
[ERROR] /home/artefact/tests/MavenTestSources/guice-4.0-beta-test-sources/src/test/java/com/google/inject/internal/MoreTypesTest.java:[21,22] error: package junit.framework does not exist
[ERROR] /home/artefact/tests/MavenTestSources/guice-4.0-beta-test-sources/src/test/java/com/google/inject/internal/MoreTypesTest.java:[30,35] error: cannot find symbol
[ERROR]  class TestCase
/home/artefact/tests/MavenTestSources/guice-4.0-beta-test-sources/src/test/java/com/google/inject/RequestInjectionTest.java:[26,22] error: package junit.framework does not exist
[ERROR] /home/artefact/tests/MavenTestSources/guice-4.0-beta-test-sources/src/test/java/com/google/inject/RequestInjectionTest.java:[33,42] error: cannot find symbol
[ERROR]  class TestCase
/home/artefact/tests/MavenTestSources/guice-4.0-beta-test-sources/src/test/java/com/google/inject/TypeLiteralInjectionTest.java:[24,22] error: package junit.framework does not exist
[ERROR] /home/artefact/tests/MavenTestSources/guice-4.0-beta-test-sources/src/test/java/com/google/inject/TypeLiteralInjectionTest.java:[33,46] error: cannot find symbol
[ERROR]  class TestCase
/home/artefact/tests/MavenTestSources/guice-4.0-beta-test-sources/src/test/java/com/google/inject/util/ProvidersTest.java:[21,22] error: package junit.framework does not exist
[ERROR] /home/artefact/tests/MavenTestSources/guice-4.0-beta-test-sources/src/test/java/com/google/inject/util/ProvidersTest.java:[28,35] error: cannot find symbol
[ERROR]  class TestCase
/home/artefact/tests/MavenTestSources/guice-4.0-beta-test-sources/src/test/java/com/google/inject/BoundProviderTest.java:[19,22] error: package junit.framework does not exist
[ERROR] /home/artefact/tests/MavenTestSources/guice-4.0-beta-test-sources/src/test/java/com/google/inject/BoundProviderTest.java:[24,39] error: cannot find symbol
[ERROR]  class TestCase
/home/artefact/tests/MavenTestSources/guice-4.0-beta-test-sources/src/test/java/com/google/inject/ProvisionExceptionsTest.java:[23,22] error: package junit.framework does not exist
[ERROR] /home/artefact/tests/MavenTestSources/guice-4.0-beta-test-sources/src/test/java/com/google/inject/ProvisionExceptionsTest.java:[33,45] error: cannot find symbol
[ERROR]  class TestCase
/home/artefact/tests/MavenTestSources/guice-4.0-beta-test-sources/src/test/java/com/google/inject/spi/FailingElementVisitor.java:[19,22] error: package junit.framework does not exist
[ERROR] /home/artefact/tests/MavenTestSources/guice-4.0-beta-test-sources/src/test/java/com/google/inject/AllTests.java:[43,22] error: package junit.framework does not exist
[ERROR] /home/artefact/tests/MavenTestSources/guice-4.0-beta-test-sources/src/test/java/com/google/inject/AllTests.java:[44,22] error: package junit.framework does not exist
[ERROR] /home/artefact/tests/MavenTestSources/guice-4.0-beta-test-sources/src/test/java/com/google/inject/AllTests.java:[58,16] error: cannot find symbol
[ERROR]  class AllTests
/home/artefact/tests/MavenTestSources/guice-4.0-beta-test-sources/src/test/java/com/google/inject/spi/ToolStageInjectorTest.java:[14,22] error: package junit.framework does not exist
[ERROR] /home/artefact/tests/MavenTestSources/guice-4.0-beta-test-sources/src/test/java/com/google/inject/spi/ToolStageInjectorTest.java:[21,43] error: cannot find symbol
[ERROR]  class TestCase
/home/artefact/tests/MavenTestSources/guice-4.0-beta-test-sources/src/test/java/com/google/inject/MembersInjectorTest.java:[24,22] error: package junit.framework does not exist
[ERROR] /home/artefact/tests/MavenTestSources/guice-4.0-beta-test-sources/src/test/java/com/google/inject/MembersInjectorTest.java:[25,22] error: package junit.framework does not exist
[ERROR] /home/artefact/tests/MavenTestSources/guice-4.0-beta-test-sources/src/test/java/com/google/inject/MembersInjectorTest.java:[32,41] error: cannot find symbol
[ERROR]  class TestCase
/home/artefact/tests/MavenTestSources/guice-4.0-beta-test-sources/src/test/java/com/google/inject/internal/ProxyFactoryTest.java:[28,22] error: package junit.framework does not exist
[ERROR] /home/artefact/tests/MavenTestSources/guice-4.0-beta-test-sources/src/test/java/com/google/inject/internal/ProxyFactoryTest.java:[41,38] error: cannot find symbol
[ERROR]  class TestCase
/home/artefact/tests/MavenTestSources/guice-4.0-beta-test-sources/src/test/java/com/googlecode/guice/Jsr330Test.java:[37,22] error: package junit.framework does not exist
[ERROR] /home/artefact/tests/MavenTestSources/guice-4.0-beta-test-sources/src/test/java/com/googlecode/guice/Jsr330Test.java:[49,32] error: cannot find symbol
[ERROR]  class TestCase
/home/artefact/tests/MavenTestSources/guice-4.0-beta-test-sources/src/test/java/com/google/inject/spi/HasDependenciesTest.java:[28,22] error: package junit.framework does not exist
[ERROR] /home/artefact/tests/MavenTestSources/guice-4.0-beta-test-sources/src/test/java/com/google/inject/spi/HasDependenciesTest.java:[35,41] error: cannot find symbol
[ERROR]  class TestCase
/home/artefact/tests/MavenTestSources/guice-4.0-beta-test-sources/src/test/java/com/google/inject/ProvisionExceptionTest.java:[27,22] error: package junit.framework does not exist
[ERROR] /home/artefact/tests/MavenTestSources/guice-4.0-beta-test-sources/src/test/java/com/google/inject/ProvisionExceptionTest.java:[37,44] error: cannot find symbol
[ERROR]  class TestCase
/home/artefact/tests/MavenTestSources/guice-4.0-beta-test-sources/src/test/java/com/google/inject/GenericInjectionTest.java:[23,22] error: package junit.framework does not exist
[ERROR] /home/artefact/tests/MavenTestSources/guice-4.0-beta-test-sources/src/test/java/com/google/inject/GenericInjectionTest.java:[34,42] error: cannot find symbol
[ERROR]  class TestCase
/home/artefact/tests/MavenTestSources/guice-4.0-beta-test-sources/src/test/java/com/google/inject/matcher/MatcherTest.java:[34,22] error: package junit.framework does not exist
[ERROR] /home/artefact/tests/MavenTestSources/guice-4.0-beta-test-sources/src/test/java/com/google/inject/matcher/MatcherTest.java:[46,33] error: cannot find symbol
[ERROR]  class TestCase
/home/artefact/tests/MavenTestSources/guice-4.0-beta-test-sources/src/test/java/com/google/inject/name/NamedEquivalanceTest.java:[31,22] error: package junit.framework does not exist
[ERROR] /home/artefact/tests/MavenTestSources/guice-4.0-beta-test-sources/src/test/java/com/google/inject/name/NamedEquivalanceTest.java:[43,42] error: cannot find symbol
[ERROR]  class TestCase
/home/artefact/tests/MavenTestSources/guice-4.0-beta-test-sources/src/test/java/com/google/inject/ParentInjectorTest.java:[29,22] error: package junit.framework does not exist
[ERROR] /home/artefact/tests/MavenTestSources/guice-4.0-beta-test-sources/src/test/java/com/google/inject/ParentInjectorTest.java:[38,40] error: cannot find symbol
[ERROR]  class TestCase
/home/artefact/tests/MavenTestSources/guice-4.0-beta-test-sources/src/test/java/com/googlecode/guice/bundle/OSGiTestActivator.java:[28,25] error: package org.osgi.framework does not exist
[ERROR] /home/artefact/tests/MavenTestSources/guice-4.0-beta-test-sources/src/test/java/com/googlecode/guice/bundle/OSGiTestActivator.java:[29,25] error: package org.osgi.framework does not exist
[ERROR] /home/artefact/tests/MavenTestSources/guice-4.0-beta-test-sources/src/test/java/com/googlecode/guice/bundle/OSGiTestActivator.java:[30,25] error: package org.osgi.framework does not exist
[ERROR] /home/artefact/tests/MavenTestSources/guice-4.0-beta-test-sources/src/test/java/com/googlecode/guice/bundle/OSGiTestActivator.java:[31,25] error: package org.osgi.framework does not exist
[ERROR] /home/artefact/tests/MavenTestSources/guice-4.0-beta-test-sources/src/test/java/com/googlecode/guice/bundle/OSGiTestActivator.java:[43,15] error: cannot find symbol
[INFO] 100 errors 
[INFO] -------------------------------------------------------------
[INFO] ------------------------------------------------------------------------
[INFO] BUILD FAILURE
[INFO] ------------------------------------------------------------------------
[INFO] Total time: 4.461 s
[INFO] Finished at: 2017-09-21T21:53:23+02:00
[INFO] Final Memory: 17M/232M
[INFO] ------------------------------------------------------------------------
[ERROR] Failed to execute goal org.apache.maven.plugins:maven-compiler-plugin:2.3.2:compile (default-compile) on project guice: Compilation failure: Compilation failure:
[ERROR] /home/artefact/tests/MavenTestSources/guice-4.0-beta-test-sources/src/test/java/com/googlecode/guice/BytecodeGenTest.java:[28,22] error: package junit.framework does not exist
[ERROR] /home/artefact/tests/MavenTestSources/guice-4.0-beta-test-sources/src/test/java/com/googlecode/guice/BytecodeGenTest.java:[48,37] error: cannot find symbol
[ERROR] class TestCase
[ERROR] /home/artefact/tests/MavenTestSources/guice-4.0-beta-test-sources/src/test/java/com/google/inject/spi/FailingBindingScopingVisitor.java:[21,22] error: package junit.framework does not exist
[ERROR] /home/artefact/tests/MavenTestSources/guice-4.0-beta-test-sources/src/test/java/com/google/inject/Asserts.java:[20,29] error: package junit.framework does not exist
[ERROR] /home/artefact/tests/MavenTestSources/guice-4.0-beta-test-sources/src/test/java/com/google/inject/Asserts.java:[20,0] error: static import only from classes and interfaces
[ERROR] /home/artefact/tests/MavenTestSources/guice-4.0-beta-test-sources/src/test/java/com/google/inject/Asserts.java:[21,29] error: package junit.framework does not exist
[ERROR] /home/artefact/tests/MavenTestSources/guice-4.0-beta-test-sources/src/test/java/com/google/inject/Asserts.java:[21,0] error: static import only from classes and interfaces
[ERROR] /home/artefact/tests/MavenTestSources/guice-4.0-beta-test-sources/src/test/java/com/google/inject/Asserts.java:[22,29] error: package junit.framework does not exist
[ERROR] /home/artefact/tests/MavenTestSources/guice-4.0-beta-test-sources/src/test/java/com/google/inject/Asserts.java:[22,0] error: static import only from classes and interfaces
[ERROR] /home/artefact/tests/MavenTestSources/guice-4.0-beta-test-sources/src/test/java/com/google/inject/Asserts.java:[24,22] error: package junit.framework does not exist
[ERROR] /home/artefact/tests/MavenTestSources/guice-4.0-beta-test-sources/src/test/java/com/google/inject/NullableInjectionPointTest.java:[5,22] error: package junit.framework does not exist
[ERROR] /home/artefact/tests/MavenTestSources/guice-4.0-beta-test-sources/src/test/java/com/google/inject/NullableInjectionPointTest.java:[16,48] error: cannot find symbol
[ERROR] class TestCase
[ERROR] /home/artefact/tests/MavenTestSources/guice-4.0-beta-test-sources/src/test/java/com/googlecode/guice/GuiceTck.java:[23,22] error: package junit.framework does not exist
[ERROR] /home/artefact/tests/MavenTestSources/guice-4.0-beta-test-sources/src/test/java/com/googlecode/guice/GuiceTck.java:[24,22] error: package junit.framework does not exist
[ERROR] /home/artefact/tests/MavenTestSources/guice-4.0-beta-test-sources/src/test/java/com/googlecode/guice/GuiceTck.java:[26,23] error: package org.atinject.tck does not exist
[ERROR] /home/artefact/tests/MavenTestSources/guice-4.0-beta-test-sources/src/test/java/com/googlecode/guice/GuiceTck.java:[27,28] error: package org.atinject.tck.auto does not exist
[ERROR] /home/artefact/tests/MavenTestSources/guice-4.0-beta-test-sources/src/test/java/com/googlecode/guice/GuiceTck.java:[28,28] error: package org.atinject.tck.auto does not exist
[ERROR] /home/artefact/tests/MavenTestSources/guice-4.0-beta-test-sources/src/test/java/com/googlecode/guice/GuiceTck.java:[29,28] error: package org.atinject.tck.auto does not exist
[ERROR] /home/artefact/tests/MavenTestSources/guice-4.0-beta-test-sources/src/test/java/com/googlecode/guice/GuiceTck.java:[30,28] error: package org.atinject.tck.auto does not exist
[ERROR] /home/artefact/tests/MavenTestSources/guice-4.0-beta-test-sources/src/test/java/com/googlecode/guice/GuiceTck.java:[31,28] error: package org.atinject.tck.auto does not exist
[ERROR] /home/artefact/tests/MavenTestSources/guice-4.0-beta-test-sources/src/test/java/com/googlecode/guice/GuiceTck.java:[32,28] error: package org.atinject.tck.auto does not exist
[ERROR] /home/artefact/tests/MavenTestSources/guice-4.0-beta-test-sources/src/test/java/com/googlecode/guice/GuiceTck.java:[33,28] error: package org.atinject.tck.auto does not exist
[ERROR] /home/artefact/tests/MavenTestSources/guice-4.0-beta-test-sources/src/test/java/com/googlecode/guice/GuiceTck.java:[34,28] error: package org.atinject.tck.auto does not exist
[ERROR] /home/artefact/tests/MavenTestSources/guice-4.0-beta-test-sources/src/test/java/com/googlecode/guice/GuiceTck.java:[35,28] error: package org.atinject.tck.auto does not exist
[ERROR] /home/artefact/tests/MavenTestSources/guice-4.0-beta-test-sources/src/test/java/com/googlecode/guice/GuiceTck.java:[36,40] error: package org.atinject.tck.auto.accessories does not exist
[ERROR] /home/artefact/tests/MavenTestSources/guice-4.0-beta-test-sources/src/test/java/com/googlecode/guice/GuiceTck.java:[37,40] error: package org.atinject.tck.auto.accessories does not exist
[ERROR] /home/artefact/tests/MavenTestSources/guice-4.0-beta-test-sources/src/test/java/com/googlecode/guice/GuiceTck.java:[41,30] error: cannot find symbol
[ERROR] class TestCase
[ERROR] /home/artefact/tests/MavenTestSources/guice-4.0-beta-test-sources/src/test/java/com/googlecode/guice/GuiceTck.java:[43,16] error: cannot find symbol
[ERROR] class GuiceTck
[ERROR] /home/artefact/tests/MavenTestSources/guice-4.0-beta-test-sources/src/test/java/com/google/inject/spi/SpiBindingsTest.java:[37,22] error: package junit.framework does not exist
[ERROR] /home/artefact/tests/MavenTestSources/guice-4.0-beta-test-sources/src/test/java/com/google/inject/spi/SpiBindingsTest.java:[38,22] error: package junit.framework does not exist
[ERROR] /home/artefact/tests/MavenTestSources/guice-4.0-beta-test-sources/src/test/java/com/google/inject/spi/SpiBindingsTest.java:[51,37] error: cannot find symbol
[ERROR] class TestCase
[ERROR] /home/artefact/tests/MavenTestSources/guice-4.0-beta-test-sources/src/test/java/com/google/inject/BinderTestSuite.java:[32,22] error: package junit.framework does not exist
[ERROR] /home/artefact/tests/MavenTestSources/guice-4.0-beta-test-sources/src/test/java/com/google/inject/BinderTestSuite.java:[33,22] error: package junit.framework does not exist
[ERROR] /home/artefact/tests/MavenTestSources/guice-4.0-beta-test-sources/src/test/java/com/google/inject/BinderTestSuite.java:[34,22] error: package junit.framework does not exist
[ERROR] /home/artefact/tests/MavenTestSources/guice-4.0-beta-test-sources/src/test/java/com/google/inject/BinderTestSuite.java:[45,37] error: cannot find symbol
[ERROR] class TestCase
[ERROR] /home/artefact/tests/MavenTestSources/guice-4.0-beta-test-sources/src/test/java/com/google/inject/BinderTestSuite.java:[47,16] error: cannot find symbol
[ERROR] class BinderTestSuite
[ERROR] /home/artefact/tests/MavenTestSources/guice-4.0-beta-test-sources/src/test/java/com/google/inject/BinderTestSuite.java:[362,27] error: cannot find symbol
[ERROR] class Builder
[ERROR] /home/artefact/tests/MavenTestSources/guice-4.0-beta-test-sources/src/test/java/com/google/inject/BinderTestSuite.java:[378,42] error: cannot find symbol
[ERROR] class BinderTestSuite
[ERROR] /home/artefact/tests/MavenTestSources/guice-4.0-beta-test-sources/src/test/java/com/google/inject/BinderTestSuite.java:[448,52] error: cannot find symbol
[ERROR] class BinderTestSuite
[ERROR] /home/artefact/tests/MavenTestSources/guice-4.0-beta-test-sources/src/test/java/com/google/inject/BinderTestSuite.java:[476,57] error: cannot find symbol
[ERROR] class BinderTestSuite
[ERROR] /home/artefact/tests/MavenTestSources/guice-4.0-beta-test-sources/src/test/java/com/google/inject/BinderTestSuite.java:[545,49] error: cannot find symbol
[ERROR] class BinderTestSuite
[ERROR] /home/artefact/tests/MavenTestSources/guice-4.0-beta-test-sources/src/test/java/com/google/inject/internal/util/LineNumbersTest.java:[28,22] error: package junit.framework does not exist
[ERROR] /home/artefact/tests/MavenTestSources/guice-4.0-beta-test-sources/src/test/java/com/google/inject/internal/util/LineNumbersTest.java:[35,37] error: cannot find symbol
[ERROR] class TestCase
[ERROR] /home/artefact/tests/MavenTestSources/guice-4.0-beta-test-sources/src/test/java/com/google/inject/BoundInstanceInjectionTest.java:[26,22] error: package junit.framework does not exist
[ERROR] /home/artefact/tests/MavenTestSources/guice-4.0-beta-test-sources/src/test/java/com/google/inject/BoundInstanceInjectionTest.java:[34,48] error: cannot find symbol
[ERROR] class TestCase
[ERROR] /home/artefact/tests/MavenTestSources/guice-4.0-beta-test-sources/src/test/java/com/google/inject/LoggerInjectionTest.java:[7,22] error: package junit.framework does not exist
[ERROR] /home/artefact/tests/MavenTestSources/guice-4.0-beta-test-sources/src/test/java/com/google/inject/LoggerInjectionTest.java:[16,41] error: cannot find symbol
[ERROR] class TestCase
[ERROR] /home/artefact/tests/MavenTestSources/guice-4.0-beta-test-sources/src/test/java/com/google/inject/PrivateModuleTest.java:[30,22] error: package junit.framework does not exist
[ERROR] /home/artefact/tests/MavenTestSources/guice-4.0-beta-test-sources/src/test/java/com/google/inject/PrivateModuleTest.java:[39,39] error: cannot find symbol
[ERROR] class TestCase
[ERROR] /home/artefact/tests/MavenTestSources/guice-4.0-beta-test-sources/src/test/java/com/google/inject/ScopesTest.java:[31,22] error: package junit.framework does not exist
[ERROR] /home/artefact/tests/MavenTestSources/guice-4.0-beta-test-sources/src/test/java/com/google/inject/ScopesTest.java:[46,32] error: cannot find symbol
[ERROR] class TestCase
[ERROR] /home/artefact/tests/MavenTestSources/guice-4.0-beta-test-sources/src/test/java/com/google/inject/ProviderInjectionTest.java:[23,22] error: package junit.framework does not exist
[ERROR] /home/artefact/tests/MavenTestSources/guice-4.0-beta-test-sources/src/test/java/com/google/inject/ProviderInjectionTest.java:[31,43] error: cannot find symbol
[ERROR] class TestCase
[ERROR] /home/artefact/tests/MavenTestSources/guice-4.0-beta-test-sources/src/test/java/com/google/inject/spi/ProviderMethodsTest.java:[42,22] error: package junit.framework does not exist
[ERROR] /home/artefact/tests/MavenTestSources/guice-4.0-beta-test-sources/src/test/java/com/google/inject/spi/ProviderMethodsTest.java:[55,41] error: cannot find symbol
[ERROR] class TestCase
[ERROR] /home/artefact/tests/MavenTestSources/guice-4.0-beta-test-sources/src/test/java/com/google/inject/KeyTest.java:[28,22] error: package junit.framework does not exist
[ERROR] /home/artefact/tests/MavenTestSources/guice-4.0-beta-test-sources/src/test/java/com/google/inject/KeyTest.java:[44,29] error: cannot find symbol
[ERROR] class TestCase
[ERROR] /home/artefact/tests/MavenTestSources/guice-4.0-beta-test-sources/src/test/java/com/google/inject/spi/FailingTargetVisitor.java:[21,22] error: package junit.framework does not exist
[ERROR] /home/artefact/tests/MavenTestSources/guice-4.0-beta-test-sources/src/test/java/com/google/inject/internal/MoreTypesTest.java:[21,22] error: package junit.framework does not exist
[ERROR] /home/artefact/tests/MavenTestSources/guice-4.0-beta-test-sources/src/test/java/com/google/inject/internal/MoreTypesTest.java:[30,35] error: cannot find symbol
[ERROR] class TestCase
[ERROR] /home/artefact/tests/MavenTestSources/guice-4.0-beta-test-sources/src/test/java/com/google/inject/RequestInjectionTest.java:[26,22] error: package junit.framework does not exist
[ERROR] /home/artefact/tests/MavenTestSources/guice-4.0-beta-test-sources/src/test/java/com/google/inject/RequestInjectionTest.java:[33,42] error: cannot find symbol
[ERROR] class TestCase
[ERROR] /home/artefact/tests/MavenTestSources/guice-4.0-beta-test-sources/src/test/java/com/google/inject/TypeLiteralInjectionTest.java:[24,22] error: package junit.framework does not exist
[ERROR] /home/artefact/tests/MavenTestSources/guice-4.0-beta-test-sources/src/test/java/com/google/inject/TypeLiteralInjectionTest.java:[33,46] error: cannot find symbol
[ERROR] class TestCase
[ERROR] /home/artefact/tests/MavenTestSources/guice-4.0-beta-test-sources/src/test/java/com/google/inject/util/ProvidersTest.java:[21,22] error: package junit.framework does not exist
[ERROR] /home/artefact/tests/MavenTestSources/guice-4.0-beta-test-sources/src/test/java/com/google/inject/util/ProvidersTest.java:[28,35] error: cannot find symbol
[ERROR] class TestCase
[ERROR] /home/artefact/tests/MavenTestSources/guice-4.0-beta-test-sources/src/test/java/com/google/inject/BoundProviderTest.java:[19,22] error: package junit.framework does not exist
[ERROR] /home/artefact/tests/MavenTestSources/guice-4.0-beta-test-sources/src/test/java/com/google/inject/BoundProviderTest.java:[24,39] error: cannot find symbol
[ERROR] class TestCase
[ERROR] /home/artefact/tests/MavenTestSources/guice-4.0-beta-test-sources/src/test/java/com/google/inject/ProvisionExceptionsTest.java:[23,22] error: package junit.framework does not exist
[ERROR] /home/artefact/tests/MavenTestSources/guice-4.0-beta-test-sources/src/test/java/com/google/inject/ProvisionExceptionsTest.java:[33,45] error: cannot find symbol
[ERROR] class TestCase
[ERROR] /home/artefact/tests/MavenTestSources/guice-4.0-beta-test-sources/src/test/java/com/google/inject/spi/FailingElementVisitor.java:[19,22] error: package junit.framework does not exist
[ERROR] /home/artefact/tests/MavenTestSources/guice-4.0-beta-test-sources/src/test/java/com/google/inject/AllTests.java:[43,22] error: package junit.framework does not exist
[ERROR] /home/artefact/tests/MavenTestSources/guice-4.0-beta-test-sources/src/test/java/com/google/inject/AllTests.java:[44,22] error: package junit.framework does not exist
[ERROR] /home/artefact/tests/MavenTestSources/guice-4.0-beta-test-sources/src/test/java/com/google/inject/AllTests.java:[58,16] error: cannot find symbol
[ERROR] class AllTests
[ERROR] /home/artefact/tests/MavenTestSources/guice-4.0-beta-test-sources/src/test/java/com/google/inject/spi/ToolStageInjectorTest.java:[14,22] error: package junit.framework does not exist
[ERROR] /home/artefact/tests/MavenTestSources/guice-4.0-beta-test-sources/src/test/java/com/google/inject/spi/ToolStageInjectorTest.java:[21,43] error: cannot find symbol
[ERROR] class TestCase
[ERROR] /home/artefact/tests/MavenTestSources/guice-4.0-beta-test-sources/src/test/java/com/google/inject/MembersInjectorTest.java:[24,22] error: package junit.framework does not exist
[ERROR] /home/artefact/tests/MavenTestSources/guice-4.0-beta-test-sources/src/test/java/com/google/inject/MembersInjectorTest.java:[25,22] error: package junit.framework does not exist
[ERROR] /home/artefact/tests/MavenTestSources/guice-4.0-beta-test-sources/src/test/java/com/google/inject/MembersInjectorTest.java:[32,41] error: cannot find symbol
[ERROR] class TestCase
[ERROR] /home/artefact/tests/MavenTestSources/guice-4.0-beta-test-sources/src/test/java/com/google/inject/internal/ProxyFactoryTest.java:[28,22] error: package junit.framework does not exist
[ERROR] /home/artefact/tests/MavenTestSources/guice-4.0-beta-test-sources/src/test/java/com/google/inject/internal/ProxyFactoryTest.java:[41,38] error: cannot find symbol
[ERROR] class TestCase
[ERROR] /home/artefact/tests/MavenTestSources/guice-4.0-beta-test-sources/src/test/java/com/googlecode/guice/Jsr330Test.java:[37,22] error: package junit.framework does not exist
[ERROR] /home/artefact/tests/MavenTestSources/guice-4.0-beta-test-sources/src/test/java/com/googlecode/guice/Jsr330Test.java:[49,32] error: cannot find symbol
[ERROR] class TestCase
[ERROR] /home/artefact/tests/MavenTestSources/guice-4.0-beta-test-sources/src/test/java/com/google/inject/spi/HasDependenciesTest.java:[28,22] error: package junit.framework does not exist
[ERROR] /home/artefact/tests/MavenTestSources/guice-4.0-beta-test-sources/src/test/java/com/google/inject/spi/HasDependenciesTest.java:[35,41] error: cannot find symbol
[ERROR] class TestCase
[ERROR] /home/artefact/tests/MavenTestSources/guice-4.0-beta-test-sources/src/test/java/com/google/inject/ProvisionExceptionTest.java:[27,22] error: package junit.framework does not exist
[ERROR] /home/artefact/tests/MavenTestSources/guice-4.0-beta-test-sources/src/test/java/com/google/inject/ProvisionExceptionTest.java:[37,44] error: cannot find symbol
[ERROR] class TestCase
[ERROR] /home/artefact/tests/MavenTestSources/guice-4.0-beta-test-sources/src/test/java/com/google/inject/GenericInjectionTest.java:[23,22] error: package junit.framework does not exist
[ERROR] /home/artefact/tests/MavenTestSources/guice-4.0-beta-test-sources/src/test/java/com/google/inject/GenericInjectionTest.java:[34,42] error: cannot find symbol
[ERROR] class TestCase
[ERROR] /home/artefact/tests/MavenTestSources/guice-4.0-beta-test-sources/src/test/java/com/google/inject/matcher/MatcherTest.java:[34,22] error: package junit.framework does not exist
[ERROR] /home/artefact/tests/MavenTestSources/guice-4.0-beta-test-sources/src/test/java/com/google/inject/matcher/MatcherTest.java:[46,33] error: cannot find symbol
[ERROR] class TestCase
[ERROR] /home/artefact/tests/MavenTestSources/guice-4.0-beta-test-sources/src/test/java/com/google/inject/name/NamedEquivalanceTest.java:[31,22] error: package junit.framework does not exist
[ERROR] /home/artefact/tests/MavenTestSources/guice-4.0-beta-test-sources/src/test/java/com/google/inject/name/NamedEquivalanceTest.java:[43,42] error: cannot find symbol
[ERROR] class TestCase
[ERROR] /home/artefact/tests/MavenTestSources/guice-4.0-beta-test-sources/src/test/java/com/google/inject/ParentInjectorTest.java:[29,22] error: package junit.framework does not exist
[ERROR] /home/artefact/tests/MavenTestSources/guice-4.0-beta-test-sources/src/test/java/com/google/inject/ParentInjectorTest.java:[38,40] error: cannot find symbol
[ERROR] class TestCase
[ERROR] /home/artefact/tests/MavenTestSources/guice-4.0-beta-test-sources/src/test/java/com/googlecode/guice/bundle/OSGiTestActivator.java:[28,25] error: package org.osgi.framework does not exist
[ERROR] /home/artefact/tests/MavenTestSources/guice-4.0-beta-test-sources/src/test/java/com/googlecode/guice/bundle/OSGiTestActivator.java:[29,25] error: package org.osgi.framework does not exist
[ERROR] /home/artefact/tests/MavenTestSources/guice-4.0-beta-test-sources/src/test/java/com/googlecode/guice/bundle/OSGiTestActivator.java:[30,25] error: package org.osgi.framework does not exist
[ERROR] /home/artefact/tests/MavenTestSources/guice-4.0-beta-test-sources/src/test/java/com/googlecode/guice/bundle/OSGiTestActivator.java:[31,25] error: package org.osgi.framework does not exist
[ERROR] /home/artefact/tests/MavenTestSources/guice-4.0-beta-test-sources/src/test/java/com/googlecode/guice/bundle/OSGiTestActivator.java:[43,15] error: cannot find symbol
[ERROR] -> [Help 1]
[ERROR] 
[ERROR] To see the full stack trace of the errors, re-run Maven with the -e switch.
[ERROR] Re-run Maven using the -X switch to enable full debug logging.
[ERROR] 
[ERROR] For more information about the errors and possible solutions, please read the following articles:
[ERROR] [Help 1] http://cwiki.apache.org/confluence/display/MAVEN/MojoFailureException
