[INFO] Scanning for projects...
[INFO]                                                                         
[INFO] ------------------------------------------------------------------------
[INFO] Building Google Guice - Core Library 4.1.0
[INFO] ------------------------------------------------------------------------
[INFO] 
[INFO] --- maven-remote-resources-plugin:1.1:process (default) @ guice ---
[INFO] Setting property: classpath.resource.loader.class => 'org.codehaus.plexus.velocity.ContextClassLoaderResourceLoader'.
[INFO] Setting property: velocimacro.messages.on => 'false'.
[INFO] Setting property: resource.loader => 'classpath'.
[INFO] Setting property: resource.manager.logwhenfound => 'false'.
[INFO] 
[INFO] --- maven-resources-plugin:2.6:resources (default-resources) @ guice ---
[INFO] Using 'UTF-8' encoding to copy filtered resources.
[INFO] Copying 8 resources
[INFO] Copying 3 resources
[INFO] 
[INFO] --- maven-compiler-plugin:2.3.2:compile (default-compile) @ guice ---
[INFO] Compiling 281 source files to /home/artefact/tests/Maven Test Sources/guice-4.1.0-test-sources/target/classes
[INFO] -------------------------------------------------------------
[ERROR] COMPILATION ERROR : 
[INFO] -------------------------------------------------------------
[ERROR] /home/artefact/tests/Maven Test Sources/guice-4.1.0-test-sources/src/test/java/com/google/inject/Asserts.java:[22,29] error: package junit.framework does not exist
[ERROR] /home/artefact/tests/Maven Test Sources/guice-4.1.0-test-sources/src/test/java/com/google/inject/Asserts.java:[22,0] error: static import only from classes and interfaces
[ERROR] /home/artefact/tests/Maven Test Sources/guice-4.1.0-test-sources/src/test/java/com/google/inject/Asserts.java:[23,29] error: package junit.framework does not exist
[ERROR] /home/artefact/tests/Maven Test Sources/guice-4.1.0-test-sources/src/test/java/com/google/inject/Asserts.java:[23,0] error: static import only from classes and interfaces
[ERROR] /home/artefact/tests/Maven Test Sources/guice-4.1.0-test-sources/src/test/java/com/google/inject/Asserts.java:[24,29] error: package junit.framework does not exist
[ERROR] /home/artefact/tests/Maven Test Sources/guice-4.1.0-test-sources/src/test/java/com/google/inject/Asserts.java:[24,0] error: static import only from classes and interfaces
[ERROR] /home/artefact/tests/Maven Test Sources/guice-4.1.0-test-sources/src/test/java/com/google/inject/Asserts.java:[25,29] error: package junit.framework does not exist
[ERROR] /home/artefact/tests/Maven Test Sources/guice-4.1.0-test-sources/src/test/java/com/google/inject/Asserts.java:[25,0] error: static import only from classes and interfaces
[ERROR] /home/artefact/tests/Maven Test Sources/guice-4.1.0-test-sources/src/test/java/com/google/inject/Asserts.java:[31,32] error: package com.google.common.testing does not exist
[ERROR] /home/artefact/tests/Maven Test Sources/guice-4.1.0-test-sources/src/test/java/com/google/inject/Asserts.java:[33,22] error: package junit.framework does not exist
[ERROR] /home/artefact/tests/Maven Test Sources/guice-4.1.0-test-sources/src/test/java/com/google/inject/spi/ElementsTest.java:[51,22] error: package junit.framework does not exist
[ERROR] /home/artefact/tests/Maven Test Sources/guice-4.1.0-test-sources/src/test/java/com/google/inject/spi/ElementsTest.java:[74,34] error: cannot find symbol
[ERROR]  class TestCase
/home/artefact/tests/Maven Test Sources/guice-4.1.0-test-sources/src/test/java/com/google/inject/CircularDependencyTest.java:[25,22] error: package junit.framework does not exist
[ERROR] /home/artefact/tests/Maven Test Sources/guice-4.1.0-test-sources/src/test/java/com/google/inject/CircularDependencyTest.java:[38,44] error: cannot find symbol
[ERROR]  class TestCase
/home/artefact/tests/Maven Test Sources/guice-4.1.0-test-sources/src/test/java/com/google/inject/NullableInjectionPointTest.java:[6,22] error: package junit.framework does not exist
[ERROR] /home/artefact/tests/Maven Test Sources/guice-4.1.0-test-sources/src/test/java/com/google/inject/NullableInjectionPointTest.java:[17,48] error: cannot find symbol
[ERROR]  class TestCase
/home/artefact/tests/Maven Test Sources/guice-4.1.0-test-sources/src/test/java/com/google/inject/SuiteUtils.java:[19,22] error: package junit.framework does not exist
[ERROR] /home/artefact/tests/Maven Test Sources/guice-4.1.0-test-sources/src/test/java/com/google/inject/SuiteUtils.java:[20,22] error: package junit.framework does not exist
[ERROR] /home/artefact/tests/Maven Test Sources/guice-4.1.0-test-sources/src/test/java/com/google/inject/SuiteUtils.java:[27,48] error: cannot find symbol
[ERROR]  class SuiteUtils
/home/artefact/tests/Maven Test Sources/guice-4.1.0-test-sources/src/test/java/com/google/inject/SuiteUtils.java:[27,16] error: cannot find symbol
[ERROR]  class SuiteUtils
/home/artefact/tests/Maven Test Sources/guice-4.1.0-test-sources/src/test/java/com/google/inject/ReflectionTest.java:[23,22] error: package junit.framework does not exist
[ERROR] /home/artefact/tests/Maven Test Sources/guice-4.1.0-test-sources/src/test/java/com/google/inject/ReflectionTest.java:[30,36] error: cannot find symbol
[ERROR]  class TestCase
/home/artefact/tests/Maven Test Sources/guice-4.1.0-test-sources/src/test/java/com/google/inject/PrivateModuleTest.java:[32,22] error: package junit.framework does not exist
[ERROR] /home/artefact/tests/Maven Test Sources/guice-4.1.0-test-sources/src/test/java/com/google/inject/PrivateModuleTest.java:[41,39] error: cannot find symbol
[ERROR]  class TestCase
/home/artefact/tests/Maven Test Sources/guice-4.1.0-test-sources/src/test/java/com/googlecode/guice/OSGiContainerTest.java:[20,21] error: package aQute.bnd.main does not exist
[ERROR] /home/artefact/tests/Maven Test Sources/guice-4.1.0-test-sources/src/test/java/com/googlecode/guice/OSGiContainerTest.java:[24,22] error: package junit.framework does not exist
[ERROR] /home/artefact/tests/Maven Test Sources/guice-4.1.0-test-sources/src/test/java/com/googlecode/guice/OSGiContainerTest.java:[26,25] error: package org.osgi.framework does not exist
[ERROR] /home/artefact/tests/Maven Test Sources/guice-4.1.0-test-sources/src/test/java/com/googlecode/guice/OSGiContainerTest.java:[27,32] error: package org.osgi.framework.launch does not exist
[ERROR] /home/artefact/tests/Maven Test Sources/guice-4.1.0-test-sources/src/test/java/com/googlecode/guice/OSGiContainerTest.java:[28,32] error: package org.osgi.framework.launch does not exist
[ERROR] /home/artefact/tests/Maven Test Sources/guice-4.1.0-test-sources/src/test/java/com/googlecode/guice/OSGiContainerTest.java:[46,12] error: cannot find symbol
[ERROR]  class TestCase
/home/artefact/tests/Maven Test Sources/guice-4.1.0-test-sources/src/test/java/com/google/inject/ImplicitBindingTest.java:[24,22] error: package junit.framework does not exist
[ERROR] /home/artefact/tests/Maven Test Sources/guice-4.1.0-test-sources/src/test/java/com/google/inject/ImplicitBindingTest.java:[31,41] error: cannot find symbol
[ERROR]  class TestCase
/home/artefact/tests/Maven Test Sources/guice-4.1.0-test-sources/src/test/java/com/google/inject/BoundInstanceInjectionTest.java:[26,22] error: package junit.framework does not exist
[ERROR] /home/artefact/tests/Maven Test Sources/guice-4.1.0-test-sources/src/test/java/com/google/inject/BoundInstanceInjectionTest.java:[34,48] error: cannot find symbol
[ERROR]  class TestCase
/home/artefact/tests/Maven Test Sources/guice-4.1.0-test-sources/src/test/java/com/google/inject/util/TypesTest.java:[29,22] error: package junit.framework does not exist
[ERROR] /home/artefact/tests/Maven Test Sources/guice-4.1.0-test-sources/src/test/java/com/google/inject/util/TypesTest.java:[30,22] error: package junit.framework does not exist
[ERROR] /home/artefact/tests/Maven Test Sources/guice-4.1.0-test-sources/src/test/java/com/google/inject/util/TypesTest.java:[44,31] error: cannot find symbol
[ERROR]  class TestCase
/home/artefact/tests/Maven Test Sources/guice-4.1.0-test-sources/src/test/java/com/google/inject/spi/HasDependenciesTest.java:[28,22] error: package junit.framework does not exist
[ERROR] /home/artefact/tests/Maven Test Sources/guice-4.1.0-test-sources/src/test/java/com/google/inject/spi/HasDependenciesTest.java:[35,41] error: cannot find symbol
[ERROR]  class TestCase
/home/artefact/tests/Maven Test Sources/guice-4.1.0-test-sources/src/test/java/com/google/inject/util/ProvidersTest.java:[20,32] error: package com.google.common.testing does not exist
[ERROR] /home/artefact/tests/Maven Test Sources/guice-4.1.0-test-sources/src/test/java/com/google/inject/util/ProvidersTest.java:[23,22] error: package junit.framework does not exist
[ERROR] /home/artefact/tests/Maven Test Sources/guice-4.1.0-test-sources/src/test/java/com/google/inject/util/ProvidersTest.java:[32,35] error: cannot find symbol
[ERROR]  class TestCase
/home/artefact/tests/Maven Test Sources/guice-4.1.0-test-sources/src/test/java/com/google/inject/spi/ModuleRewriterTest.java:[31,22] error: package junit.framework does not exist
[ERROR] /home/artefact/tests/Maven Test Sources/guice-4.1.0-test-sources/src/test/java/com/google/inject/spi/ModuleRewriterTest.java:[38,40] error: cannot find symbol
[ERROR]  class TestCase
/home/artefact/tests/Maven Test Sources/guice-4.1.0-test-sources/src/test/java/com/google/inject/internal/UniqueAnnotationsTest.java:[20,22] error: package junit.framework does not exist
[ERROR] /home/artefact/tests/Maven Test Sources/guice-4.1.0-test-sources/src/test/java/com/google/inject/internal/UniqueAnnotationsTest.java:[27,43] error: cannot find symbol
[ERROR]  class TestCase
/home/artefact/tests/Maven Test Sources/guice-4.1.0-test-sources/src/test/java/com/google/inject/MethodInterceptionTest.java:[29,22] error: package junit.framework does not exist
[ERROR] /home/artefact/tests/Maven Test Sources/guice-4.1.0-test-sources/src/test/java/com/google/inject/MethodInterceptionTest.java:[44,44] error: cannot find symbol
[ERROR]  class TestCase
/home/artefact/tests/Maven Test Sources/guice-4.1.0-test-sources/src/test/java/com/google/inject/TypeLiteralTest.java:[25,22] error: package junit.framework does not exist
[ERROR] /home/artefact/tests/Maven Test Sources/guice-4.1.0-test-sources/src/test/java/com/google/inject/TypeLiteralTest.java:[35,37] error: cannot find symbol
[ERROR]  class TestCase
/home/artefact/tests/Maven Test Sources/guice-4.1.0-test-sources/src/test/java/com/google/inject/SuperclassTest.java:[19,22] error: package junit.framework does not exist
[ERROR] /home/artefact/tests/Maven Test Sources/guice-4.1.0-test-sources/src/test/java/com/google/inject/SuperclassTest.java:[24,36] error: cannot find symbol
[ERROR]  class TestCase
/home/artefact/tests/Maven Test Sources/guice-4.1.0-test-sources/src/test/java/com/google/inject/BindingAnnotationTest.java:[23,22] error: package junit.framework does not exist
[ERROR] /home/artefact/tests/Maven Test Sources/guice-4.1.0-test-sources/src/test/java/com/google/inject/BindingAnnotationTest.java:[31,43] error: cannot find symbol
[ERROR]  class TestCase
/home/artefact/tests/Maven Test Sources/guice-4.1.0-test-sources/src/test/java/com/google/inject/KeyTest.java:[30,22] error: package junit.framework does not exist
[ERROR] /home/artefact/tests/Maven Test Sources/guice-4.1.0-test-sources/src/test/java/com/google/inject/KeyTest.java:[49,29] error: cannot find symbol
[ERROR]  class TestCase
/home/artefact/tests/Maven Test Sources/guice-4.1.0-test-sources/src/test/java/com/google/inject/TypeLiteralTypeResolutionTest.java:[30,22] error: package junit.framework does not exist
[ERROR] /home/artefact/tests/Maven Test Sources/guice-4.1.0-test-sources/src/test/java/com/google/inject/TypeLiteralTypeResolutionTest.java:[52,51] error: cannot find symbol
[ERROR]  class TestCase
/home/artefact/tests/Maven Test Sources/guice-4.1.0-test-sources/src/test/java/com/google/inject/spi/ModuleSourceTest.java:[7,22] error: package junit.framework does not exist
[ERROR] /home/artefact/tests/Maven Test Sources/guice-4.1.0-test-sources/src/test/java/com/google/inject/spi/ModuleSourceTest.java:[12,38] error: cannot find symbol
[ERROR]  class TestCase
/home/artefact/tests/Maven Test Sources/guice-4.1.0-test-sources/src/test/java/com/google/inject/spi/FailingBindingScopingVisitor.java:[21,22] error: package junit.framework does not exist
[ERROR] /home/artefact/tests/Maven Test Sources/guice-4.1.0-test-sources/src/test/java/com/google/inject/PerformanceComparison.java:[20,29] error: package junit.framework does not exist
[ERROR] /home/artefact/tests/Maven Test Sources/guice-4.1.0-test-sources/src/test/java/com/google/inject/PerformanceComparison.java:[20,0] error: static import only from classes and interfaces
[ERROR] /home/artefact/tests/Maven Test Sources/guice-4.1.0-test-sources/src/test/java/com/google/inject/PerformanceComparison.java:[21,29] error: package junit.framework does not exist
[ERROR] /home/artefact/tests/Maven Test Sources/guice-4.1.0-test-sources/src/test/java/com/google/inject/PerformanceComparison.java:[21,0] error: static import only from classes and interfaces
[ERROR] /home/artefact/tests/Maven Test Sources/guice-4.1.0-test-sources/src/test/java/com/google/inject/PerformanceComparison.java:[23,32] error: package org.springframework.beans does not exist
[ERROR] /home/artefact/tests/Maven Test Sources/guice-4.1.0-test-sources/src/test/java/com/google/inject/PerformanceComparison.java:[24,47] error: package org.springframework.beans.factory.config does not exist
[ERROR] /home/artefact/tests/Maven Test Sources/guice-4.1.0-test-sources/src/test/java/com/google/inject/PerformanceComparison.java:[25,47] error: package org.springframework.beans.factory.config does not exist
[ERROR] /home/artefact/tests/Maven Test Sources/guice-4.1.0-test-sources/src/test/java/com/google/inject/PerformanceComparison.java:[26,48] error: package org.springframework.beans.factory.support does not exist
[ERROR] /home/artefact/tests/Maven Test Sources/guice-4.1.0-test-sources/src/test/java/com/google/inject/PerformanceComparison.java:[27,48] error: package org.springframework.beans.factory.support does not exist
[ERROR] /home/artefact/tests/Maven Test Sources/guice-4.1.0-test-sources/src/test/java/com/googlecode/guice/GuiceTck.java:[23,22] error: package junit.framework does not exist
[ERROR] /home/artefact/tests/Maven Test Sources/guice-4.1.0-test-sources/src/test/java/com/googlecode/guice/GuiceTck.java:[24,22] error: package junit.framework does not exist
[ERROR] /home/artefact/tests/Maven Test Sources/guice-4.1.0-test-sources/src/test/java/com/googlecode/guice/GuiceTck.java:[26,23] error: package org.atinject.tck does not exist
[ERROR] /home/artefact/tests/Maven Test Sources/guice-4.1.0-test-sources/src/test/java/com/googlecode/guice/GuiceTck.java:[27,28] error: package org.atinject.tck.auto does not exist
[ERROR] /home/artefact/tests/Maven Test Sources/guice-4.1.0-test-sources/src/test/java/com/googlecode/guice/GuiceTck.java:[28,28] error: package org.atinject.tck.auto does not exist
[ERROR] /home/artefact/tests/Maven Test Sources/guice-4.1.0-test-sources/src/test/java/com/googlecode/guice/GuiceTck.java:[29,28] error: package org.atinject.tck.auto does not exist
[ERROR] /home/artefact/tests/Maven Test Sources/guice-4.1.0-test-sources/src/test/java/com/googlecode/guice/GuiceTck.java:[30,28] error: package org.atinject.tck.auto does not exist
[ERROR] /home/artefact/tests/Maven Test Sources/guice-4.1.0-test-sources/src/test/java/com/googlecode/guice/GuiceTck.java:[31,28] error: package org.atinject.tck.auto does not exist
[ERROR] /home/artefact/tests/Maven Test Sources/guice-4.1.0-test-sources/src/test/java/com/googlecode/guice/GuiceTck.java:[32,28] error: package org.atinject.tck.auto does not exist
[ERROR] /home/artefact/tests/Maven Test Sources/guice-4.1.0-test-sources/src/test/java/com/googlecode/guice/GuiceTck.java:[33,28] error: package org.atinject.tck.auto does not exist
[ERROR] /home/artefact/tests/Maven Test Sources/guice-4.1.0-test-sources/src/test/java/com/googlecode/guice/GuiceTck.java:[34,28] error: package org.atinject.tck.auto does not exist
[ERROR] /home/artefact/tests/Maven Test Sources/guice-4.1.0-test-sources/src/test/java/com/googlecode/guice/GuiceTck.java:[35,28] error: package org.atinject.tck.auto does not exist
[ERROR] /home/artefact/tests/Maven Test Sources/guice-4.1.0-test-sources/src/test/java/com/googlecode/guice/GuiceTck.java:[36,40] error: package org.atinject.tck.auto.accessories does not exist
[ERROR] /home/artefact/tests/Maven Test Sources/guice-4.1.0-test-sources/src/test/java/com/googlecode/guice/GuiceTck.java:[37,40] error: package org.atinject.tck.auto.accessories does not exist
[ERROR] /home/artefact/tests/Maven Test Sources/guice-4.1.0-test-sources/src/test/java/com/googlecode/guice/GuiceTck.java:[41,30] error: cannot find symbol
[ERROR]  class TestCase
/home/artefact/tests/Maven Test Sources/guice-4.1.0-test-sources/src/test/java/com/googlecode/guice/GuiceTck.java:[43,16] error: cannot find symbol
[ERROR]  class GuiceTck
/home/artefact/tests/Maven Test Sources/guice-4.1.0-test-sources/src/test/java/com/google/inject/ProvisionListenerTest.java:[35,22] error: package junit.framework does not exist
[ERROR] /home/artefact/tests/Maven Test Sources/guice-4.1.0-test-sources/src/test/java/com/google/inject/ProvisionListenerTest.java:[49,43] error: cannot find symbol
[ERROR]  class TestCase
/home/artefact/tests/Maven Test Sources/guice-4.1.0-test-sources/src/test/java/com/google/inject/spi/ElementSourceTest.java:[12,22] error: package junit.framework does not exist
[ERROR] /home/artefact/tests/Maven Test Sources/guice-4.1.0-test-sources/src/test/java/com/google/inject/spi/ElementSourceTest.java:[23,39] error: cannot find symbol
[ERROR]  class TestCase
/home/artefact/tests/Maven Test Sources/guice-4.1.0-test-sources/src/test/java/com/google/inject/OptionalBindingTest.java:[25,22] error: package junit.framework does not exist
[ERROR] /home/artefact/tests/Maven Test Sources/guice-4.1.0-test-sources/src/test/java/com/google/inject/OptionalBindingTest.java:[35,41] error: cannot find symbol
[ERROR]  class TestCase
/home/artefact/tests/Maven Test Sources/guice-4.1.0-test-sources/src/test/java/com/google/inject/EagerSingletonTest.java:[19,22] error: package junit.framework does not exist
[ERROR] /home/artefact/tests/Maven Test Sources/guice-4.1.0-test-sources/src/test/java/com/google/inject/EagerSingletonTest.java:[24,40] error: cannot find symbol
[ERROR]  class TestCase
/home/artefact/tests/Maven Test Sources/guice-4.1.0-test-sources/src/test/java/com/google/inject/JitBindingsTest.java:[24,22] error: package junit.framework does not exist
[ERROR] /home/artefact/tests/Maven Test Sources/guice-4.1.0-test-sources/src/test/java/com/google/inject/JitBindingsTest.java:[33,37] error: cannot find symbol
[ERROR]  class TestCase
/home/artefact/tests/Maven Test Sources/guice-4.1.0-test-sources/src/test/java/com/google/inject/spi/FailingElementVisitor.java:[19,22] error: package junit.framework does not exist
[ERROR] /home/artefact/tests/Maven Test Sources/guice-4.1.0-test-sources/src/test/java/com/google/inject/spi/MessageTest.java:[4,22] error: package junit.framework does not exist
[ERROR] /home/artefact/tests/Maven Test Sources/guice-4.1.0-test-sources/src/test/java/com/google/inject/spi/MessageTest.java:[11,33] error: cannot find symbol
[ERROR]  class TestCase
/home/artefact/tests/Maven Test Sources/guice-4.1.0-test-sources/src/test/java/com/google/inject/SerializationTest.java:[22,22] error: package junit.framework does not exist
[INFO] 100 errors 
[INFO] -------------------------------------------------------------
[INFO] ------------------------------------------------------------------------
[INFO] BUILD FAILURE
[INFO] ------------------------------------------------------------------------
[INFO] Total time: 5.136 s
[INFO] Finished at: 2017-09-21T13:40:57+02:00
[INFO] Final Memory: 19M/298M
[INFO] ------------------------------------------------------------------------
[ERROR] Failed to execute goal org.apache.maven.plugins:maven-compiler-plugin:2.3.2:compile (default-compile) on project guice: Compilation failure: Compilation failure:
[ERROR] /home/artefact/tests/Maven Test Sources/guice-4.1.0-test-sources/src/test/java/com/google/inject/Asserts.java:[22,29] error: package junit.framework does not exist
[ERROR] /home/artefact/tests/Maven Test Sources/guice-4.1.0-test-sources/src/test/java/com/google/inject/Asserts.java:[22,0] error: static import only from classes and interfaces
[ERROR] /home/artefact/tests/Maven Test Sources/guice-4.1.0-test-sources/src/test/java/com/google/inject/Asserts.java:[23,29] error: package junit.framework does not exist
[ERROR] /home/artefact/tests/Maven Test Sources/guice-4.1.0-test-sources/src/test/java/com/google/inject/Asserts.java:[23,0] error: static import only from classes and interfaces
[ERROR] /home/artefact/tests/Maven Test Sources/guice-4.1.0-test-sources/src/test/java/com/google/inject/Asserts.java:[24,29] error: package junit.framework does not exist
[ERROR] /home/artefact/tests/Maven Test Sources/guice-4.1.0-test-sources/src/test/java/com/google/inject/Asserts.java:[24,0] error: static import only from classes and interfaces
[ERROR] /home/artefact/tests/Maven Test Sources/guice-4.1.0-test-sources/src/test/java/com/google/inject/Asserts.java:[25,29] error: package junit.framework does not exist
[ERROR] /home/artefact/tests/Maven Test Sources/guice-4.1.0-test-sources/src/test/java/com/google/inject/Asserts.java:[25,0] error: static import only from classes and interfaces
[ERROR] /home/artefact/tests/Maven Test Sources/guice-4.1.0-test-sources/src/test/java/com/google/inject/Asserts.java:[31,32] error: package com.google.common.testing does not exist
[ERROR] /home/artefact/tests/Maven Test Sources/guice-4.1.0-test-sources/src/test/java/com/google/inject/Asserts.java:[33,22] error: package junit.framework does not exist
[ERROR] /home/artefact/tests/Maven Test Sources/guice-4.1.0-test-sources/src/test/java/com/google/inject/spi/ElementsTest.java:[51,22] error: package junit.framework does not exist
[ERROR] /home/artefact/tests/Maven Test Sources/guice-4.1.0-test-sources/src/test/java/com/google/inject/spi/ElementsTest.java:[74,34] error: cannot find symbol
[ERROR] class TestCase
[ERROR] /home/artefact/tests/Maven Test Sources/guice-4.1.0-test-sources/src/test/java/com/google/inject/CircularDependencyTest.java:[25,22] error: package junit.framework does not exist
[ERROR] /home/artefact/tests/Maven Test Sources/guice-4.1.0-test-sources/src/test/java/com/google/inject/CircularDependencyTest.java:[38,44] error: cannot find symbol
[ERROR] class TestCase
[ERROR] /home/artefact/tests/Maven Test Sources/guice-4.1.0-test-sources/src/test/java/com/google/inject/NullableInjectionPointTest.java:[6,22] error: package junit.framework does not exist
[ERROR] /home/artefact/tests/Maven Test Sources/guice-4.1.0-test-sources/src/test/java/com/google/inject/NullableInjectionPointTest.java:[17,48] error: cannot find symbol
[ERROR] class TestCase
[ERROR] /home/artefact/tests/Maven Test Sources/guice-4.1.0-test-sources/src/test/java/com/google/inject/SuiteUtils.java:[19,22] error: package junit.framework does not exist
[ERROR] /home/artefact/tests/Maven Test Sources/guice-4.1.0-test-sources/src/test/java/com/google/inject/SuiteUtils.java:[20,22] error: package junit.framework does not exist
[ERROR] /home/artefact/tests/Maven Test Sources/guice-4.1.0-test-sources/src/test/java/com/google/inject/SuiteUtils.java:[27,48] error: cannot find symbol
[ERROR] class SuiteUtils
[ERROR] /home/artefact/tests/Maven Test Sources/guice-4.1.0-test-sources/src/test/java/com/google/inject/SuiteUtils.java:[27,16] error: cannot find symbol
[ERROR] class SuiteUtils
[ERROR] /home/artefact/tests/Maven Test Sources/guice-4.1.0-test-sources/src/test/java/com/google/inject/ReflectionTest.java:[23,22] error: package junit.framework does not exist
[ERROR] /home/artefact/tests/Maven Test Sources/guice-4.1.0-test-sources/src/test/java/com/google/inject/ReflectionTest.java:[30,36] error: cannot find symbol
[ERROR] class TestCase
[ERROR] /home/artefact/tests/Maven Test Sources/guice-4.1.0-test-sources/src/test/java/com/google/inject/PrivateModuleTest.java:[32,22] error: package junit.framework does not exist
[ERROR] /home/artefact/tests/Maven Test Sources/guice-4.1.0-test-sources/src/test/java/com/google/inject/PrivateModuleTest.java:[41,39] error: cannot find symbol
[ERROR] class TestCase
[ERROR] /home/artefact/tests/Maven Test Sources/guice-4.1.0-test-sources/src/test/java/com/googlecode/guice/OSGiContainerTest.java:[20,21] error: package aQute.bnd.main does not exist
[ERROR] /home/artefact/tests/Maven Test Sources/guice-4.1.0-test-sources/src/test/java/com/googlecode/guice/OSGiContainerTest.java:[24,22] error: package junit.framework does not exist
[ERROR] /home/artefact/tests/Maven Test Sources/guice-4.1.0-test-sources/src/test/java/com/googlecode/guice/OSGiContainerTest.java:[26,25] error: package org.osgi.framework does not exist
[ERROR] /home/artefact/tests/Maven Test Sources/guice-4.1.0-test-sources/src/test/java/com/googlecode/guice/OSGiContainerTest.java:[27,32] error: package org.osgi.framework.launch does not exist
[ERROR] /home/artefact/tests/Maven Test Sources/guice-4.1.0-test-sources/src/test/java/com/googlecode/guice/OSGiContainerTest.java:[28,32] error: package org.osgi.framework.launch does not exist
[ERROR] /home/artefact/tests/Maven Test Sources/guice-4.1.0-test-sources/src/test/java/com/googlecode/guice/OSGiContainerTest.java:[46,12] error: cannot find symbol
[ERROR] class TestCase
[ERROR] /home/artefact/tests/Maven Test Sources/guice-4.1.0-test-sources/src/test/java/com/google/inject/ImplicitBindingTest.java:[24,22] error: package junit.framework does not exist
[ERROR] /home/artefact/tests/Maven Test Sources/guice-4.1.0-test-sources/src/test/java/com/google/inject/ImplicitBindingTest.java:[31,41] error: cannot find symbol
[ERROR] class TestCase
[ERROR] /home/artefact/tests/Maven Test Sources/guice-4.1.0-test-sources/src/test/java/com/google/inject/BoundInstanceInjectionTest.java:[26,22] error: package junit.framework does not exist
[ERROR] /home/artefact/tests/Maven Test Sources/guice-4.1.0-test-sources/src/test/java/com/google/inject/BoundInstanceInjectionTest.java:[34,48] error: cannot find symbol
[ERROR] class TestCase
[ERROR] /home/artefact/tests/Maven Test Sources/guice-4.1.0-test-sources/src/test/java/com/google/inject/util/TypesTest.java:[29,22] error: package junit.framework does not exist
[ERROR] /home/artefact/tests/Maven Test Sources/guice-4.1.0-test-sources/src/test/java/com/google/inject/util/TypesTest.java:[30,22] error: package junit.framework does not exist
[ERROR] /home/artefact/tests/Maven Test Sources/guice-4.1.0-test-sources/src/test/java/com/google/inject/util/TypesTest.java:[44,31] error: cannot find symbol
[ERROR] class TestCase
[ERROR] /home/artefact/tests/Maven Test Sources/guice-4.1.0-test-sources/src/test/java/com/google/inject/spi/HasDependenciesTest.java:[28,22] error: package junit.framework does not exist
[ERROR] /home/artefact/tests/Maven Test Sources/guice-4.1.0-test-sources/src/test/java/com/google/inject/spi/HasDependenciesTest.java:[35,41] error: cannot find symbol
[ERROR] class TestCase
[ERROR] /home/artefact/tests/Maven Test Sources/guice-4.1.0-test-sources/src/test/java/com/google/inject/util/ProvidersTest.java:[20,32] error: package com.google.common.testing does not exist
[ERROR] /home/artefact/tests/Maven Test Sources/guice-4.1.0-test-sources/src/test/java/com/google/inject/util/ProvidersTest.java:[23,22] error: package junit.framework does not exist
[ERROR] /home/artefact/tests/Maven Test Sources/guice-4.1.0-test-sources/src/test/java/com/google/inject/util/ProvidersTest.java:[32,35] error: cannot find symbol
[ERROR] class TestCase
[ERROR] /home/artefact/tests/Maven Test Sources/guice-4.1.0-test-sources/src/test/java/com/google/inject/spi/ModuleRewriterTest.java:[31,22] error: package junit.framework does not exist
[ERROR] /home/artefact/tests/Maven Test Sources/guice-4.1.0-test-sources/src/test/java/com/google/inject/spi/ModuleRewriterTest.java:[38,40] error: cannot find symbol
[ERROR] class TestCase
[ERROR] /home/artefact/tests/Maven Test Sources/guice-4.1.0-test-sources/src/test/java/com/google/inject/internal/UniqueAnnotationsTest.java:[20,22] error: package junit.framework does not exist
[ERROR] /home/artefact/tests/Maven Test Sources/guice-4.1.0-test-sources/src/test/java/com/google/inject/internal/UniqueAnnotationsTest.java:[27,43] error: cannot find symbol
[ERROR] class TestCase
[ERROR] /home/artefact/tests/Maven Test Sources/guice-4.1.0-test-sources/src/test/java/com/google/inject/MethodInterceptionTest.java:[29,22] error: package junit.framework does not exist
[ERROR] /home/artefact/tests/Maven Test Sources/guice-4.1.0-test-sources/src/test/java/com/google/inject/MethodInterceptionTest.java:[44,44] error: cannot find symbol
[ERROR] class TestCase
[ERROR] /home/artefact/tests/Maven Test Sources/guice-4.1.0-test-sources/src/test/java/com/google/inject/TypeLiteralTest.java:[25,22] error: package junit.framework does not exist
[ERROR] /home/artefact/tests/Maven Test Sources/guice-4.1.0-test-sources/src/test/java/com/google/inject/TypeLiteralTest.java:[35,37] error: cannot find symbol
[ERROR] class TestCase
[ERROR] /home/artefact/tests/Maven Test Sources/guice-4.1.0-test-sources/src/test/java/com/google/inject/SuperclassTest.java:[19,22] error: package junit.framework does not exist
[ERROR] /home/artefact/tests/Maven Test Sources/guice-4.1.0-test-sources/src/test/java/com/google/inject/SuperclassTest.java:[24,36] error: cannot find symbol
[ERROR] class TestCase
[ERROR] /home/artefact/tests/Maven Test Sources/guice-4.1.0-test-sources/src/test/java/com/google/inject/BindingAnnotationTest.java:[23,22] error: package junit.framework does not exist
[ERROR] /home/artefact/tests/Maven Test Sources/guice-4.1.0-test-sources/src/test/java/com/google/inject/BindingAnnotationTest.java:[31,43] error: cannot find symbol
[ERROR] class TestCase
[ERROR] /home/artefact/tests/Maven Test Sources/guice-4.1.0-test-sources/src/test/java/com/google/inject/KeyTest.java:[30,22] error: package junit.framework does not exist
[ERROR] /home/artefact/tests/Maven Test Sources/guice-4.1.0-test-sources/src/test/java/com/google/inject/KeyTest.java:[49,29] error: cannot find symbol
[ERROR] class TestCase
[ERROR] /home/artefact/tests/Maven Test Sources/guice-4.1.0-test-sources/src/test/java/com/google/inject/TypeLiteralTypeResolutionTest.java:[30,22] error: package junit.framework does not exist
[ERROR] /home/artefact/tests/Maven Test Sources/guice-4.1.0-test-sources/src/test/java/com/google/inject/TypeLiteralTypeResolutionTest.java:[52,51] error: cannot find symbol
[ERROR] class TestCase
[ERROR] /home/artefact/tests/Maven Test Sources/guice-4.1.0-test-sources/src/test/java/com/google/inject/spi/ModuleSourceTest.java:[7,22] error: package junit.framework does not exist
[ERROR] /home/artefact/tests/Maven Test Sources/guice-4.1.0-test-sources/src/test/java/com/google/inject/spi/ModuleSourceTest.java:[12,38] error: cannot find symbol
[ERROR] class TestCase
[ERROR] /home/artefact/tests/Maven Test Sources/guice-4.1.0-test-sources/src/test/java/com/google/inject/spi/FailingBindingScopingVisitor.java:[21,22] error: package junit.framework does not exist
[ERROR] /home/artefact/tests/Maven Test Sources/guice-4.1.0-test-sources/src/test/java/com/google/inject/PerformanceComparison.java:[20,29] error: package junit.framework does not exist
[ERROR] /home/artefact/tests/Maven Test Sources/guice-4.1.0-test-sources/src/test/java/com/google/inject/PerformanceComparison.java:[20,0] error: static import only from classes and interfaces
[ERROR] /home/artefact/tests/Maven Test Sources/guice-4.1.0-test-sources/src/test/java/com/google/inject/PerformanceComparison.java:[21,29] error: package junit.framework does not exist
[ERROR] /home/artefact/tests/Maven Test Sources/guice-4.1.0-test-sources/src/test/java/com/google/inject/PerformanceComparison.java:[21,0] error: static import only from classes and interfaces
[ERROR] /home/artefact/tests/Maven Test Sources/guice-4.1.0-test-sources/src/test/java/com/google/inject/PerformanceComparison.java:[23,32] error: package org.springframework.beans does not exist
[ERROR] /home/artefact/tests/Maven Test Sources/guice-4.1.0-test-sources/src/test/java/com/google/inject/PerformanceComparison.java:[24,47] error: package org.springframework.beans.factory.config does not exist
[ERROR] /home/artefact/tests/Maven Test Sources/guice-4.1.0-test-sources/src/test/java/com/google/inject/PerformanceComparison.java:[25,47] error: package org.springframework.beans.factory.config does not exist
[ERROR] /home/artefact/tests/Maven Test Sources/guice-4.1.0-test-sources/src/test/java/com/google/inject/PerformanceComparison.java:[26,48] error: package org.springframework.beans.factory.support does not exist
[ERROR] /home/artefact/tests/Maven Test Sources/guice-4.1.0-test-sources/src/test/java/com/google/inject/PerformanceComparison.java:[27,48] error: package org.springframework.beans.factory.support does not exist
[ERROR] /home/artefact/tests/Maven Test Sources/guice-4.1.0-test-sources/src/test/java/com/googlecode/guice/GuiceTck.java:[23,22] error: package junit.framework does not exist
[ERROR] /home/artefact/tests/Maven Test Sources/guice-4.1.0-test-sources/src/test/java/com/googlecode/guice/GuiceTck.java:[24,22] error: package junit.framework does not exist
[ERROR] /home/artefact/tests/Maven Test Sources/guice-4.1.0-test-sources/src/test/java/com/googlecode/guice/GuiceTck.java:[26,23] error: package org.atinject.tck does not exist
[ERROR] /home/artefact/tests/Maven Test Sources/guice-4.1.0-test-sources/src/test/java/com/googlecode/guice/GuiceTck.java:[27,28] error: package org.atinject.tck.auto does not exist
[ERROR] /home/artefact/tests/Maven Test Sources/guice-4.1.0-test-sources/src/test/java/com/googlecode/guice/GuiceTck.java:[28,28] error: package org.atinject.tck.auto does not exist
[ERROR] /home/artefact/tests/Maven Test Sources/guice-4.1.0-test-sources/src/test/java/com/googlecode/guice/GuiceTck.java:[29,28] error: package org.atinject.tck.auto does not exist
[ERROR] /home/artefact/tests/Maven Test Sources/guice-4.1.0-test-sources/src/test/java/com/googlecode/guice/GuiceTck.java:[30,28] error: package org.atinject.tck.auto does not exist
[ERROR] /home/artefact/tests/Maven Test Sources/guice-4.1.0-test-sources/src/test/java/com/googlecode/guice/GuiceTck.java:[31,28] error: package org.atinject.tck.auto does not exist
[ERROR] /home/artefact/tests/Maven Test Sources/guice-4.1.0-test-sources/src/test/java/com/googlecode/guice/GuiceTck.java:[32,28] error: package org.atinject.tck.auto does not exist
[ERROR] /home/artefact/tests/Maven Test Sources/guice-4.1.0-test-sources/src/test/java/com/googlecode/guice/GuiceTck.java:[33,28] error: package org.atinject.tck.auto does not exist
[ERROR] /home/artefact/tests/Maven Test Sources/guice-4.1.0-test-sources/src/test/java/com/googlecode/guice/GuiceTck.java:[34,28] error: package org.atinject.tck.auto does not exist
[ERROR] /home/artefact/tests/Maven Test Sources/guice-4.1.0-test-sources/src/test/java/com/googlecode/guice/GuiceTck.java:[35,28] error: package org.atinject.tck.auto does not exist
[ERROR] /home/artefact/tests/Maven Test Sources/guice-4.1.0-test-sources/src/test/java/com/googlecode/guice/GuiceTck.java:[36,40] error: package org.atinject.tck.auto.accessories does not exist
[ERROR] /home/artefact/tests/Maven Test Sources/guice-4.1.0-test-sources/src/test/java/com/googlecode/guice/GuiceTck.java:[37,40] error: package org.atinject.tck.auto.accessories does not exist
[ERROR] /home/artefact/tests/Maven Test Sources/guice-4.1.0-test-sources/src/test/java/com/googlecode/guice/GuiceTck.java:[41,30] error: cannot find symbol
[ERROR] class TestCase
[ERROR] /home/artefact/tests/Maven Test Sources/guice-4.1.0-test-sources/src/test/java/com/googlecode/guice/GuiceTck.java:[43,16] error: cannot find symbol
[ERROR] class GuiceTck
[ERROR] /home/artefact/tests/Maven Test Sources/guice-4.1.0-test-sources/src/test/java/com/google/inject/ProvisionListenerTest.java:[35,22] error: package junit.framework does not exist
[ERROR] /home/artefact/tests/Maven Test Sources/guice-4.1.0-test-sources/src/test/java/com/google/inject/ProvisionListenerTest.java:[49,43] error: cannot find symbol
[ERROR] class TestCase
[ERROR] /home/artefact/tests/Maven Test Sources/guice-4.1.0-test-sources/src/test/java/com/google/inject/spi/ElementSourceTest.java:[12,22] error: package junit.framework does not exist
[ERROR] /home/artefact/tests/Maven Test Sources/guice-4.1.0-test-sources/src/test/java/com/google/inject/spi/ElementSourceTest.java:[23,39] error: cannot find symbol
[ERROR] class TestCase
[ERROR] /home/artefact/tests/Maven Test Sources/guice-4.1.0-test-sources/src/test/java/com/google/inject/OptionalBindingTest.java:[25,22] error: package junit.framework does not exist
[ERROR] /home/artefact/tests/Maven Test Sources/guice-4.1.0-test-sources/src/test/java/com/google/inject/OptionalBindingTest.java:[35,41] error: cannot find symbol
[ERROR] class TestCase
[ERROR] /home/artefact/tests/Maven Test Sources/guice-4.1.0-test-sources/src/test/java/com/google/inject/EagerSingletonTest.java:[19,22] error: package junit.framework does not exist
[ERROR] /home/artefact/tests/Maven Test Sources/guice-4.1.0-test-sources/src/test/java/com/google/inject/EagerSingletonTest.java:[24,40] error: cannot find symbol
[ERROR] class TestCase
[ERROR] /home/artefact/tests/Maven Test Sources/guice-4.1.0-test-sources/src/test/java/com/google/inject/JitBindingsTest.java:[24,22] error: package junit.framework does not exist
[ERROR] /home/artefact/tests/Maven Test Sources/guice-4.1.0-test-sources/src/test/java/com/google/inject/JitBindingsTest.java:[33,37] error: cannot find symbol
[ERROR] class TestCase
[ERROR] /home/artefact/tests/Maven Test Sources/guice-4.1.0-test-sources/src/test/java/com/google/inject/spi/FailingElementVisitor.java:[19,22] error: package junit.framework does not exist
[ERROR] /home/artefact/tests/Maven Test Sources/guice-4.1.0-test-sources/src/test/java/com/google/inject/spi/MessageTest.java:[4,22] error: package junit.framework does not exist
[ERROR] /home/artefact/tests/Maven Test Sources/guice-4.1.0-test-sources/src/test/java/com/google/inject/spi/MessageTest.java:[11,33] error: cannot find symbol
[ERROR] class TestCase
[ERROR] /home/artefact/tests/Maven Test Sources/guice-4.1.0-test-sources/src/test/java/com/google/inject/SerializationTest.java:[22,22] error: package junit.framework does not exist
[ERROR] -> [Help 1]
[ERROR] 
[ERROR] To see the full stack trace of the errors, re-run Maven with the -e switch.
[ERROR] Re-run Maven using the -X switch to enable full debug logging.
[ERROR] 
[ERROR] For more information about the errors and possible solutions, please read the following articles:
[ERROR] [Help 1] http://cwiki.apache.org/confluence/display/MAVEN/MojoFailureException
