[INFO] Scanning for projects...
[INFO]                                                                         
[INFO] ------------------------------------------------------------------------
[INFO] Building elasticsearch 1.4.3
[INFO] ------------------------------------------------------------------------
[INFO] 
[INFO] --- maven-enforcer-plugin:1.3.1:enforce (enforce-maven) @ elasticsearch ---
[INFO] 
[INFO] --- maven-enforcer-plugin:1.3.1:enforce (enforce-versions) @ elasticsearch ---
[INFO] 
[INFO] --- maven-antrun-plugin:1.7:run (default) @ elasticsearch ---
[INFO] Executing tasks

main:
     [echo] Using OpenJDK Runtime Environment 1.8.0_121-8u121-b13-0ubuntu1.16.04.2-b13 Oracle Corporation
[INFO] Executed tasks
[INFO] 
[INFO] --- maven-antrun-plugin:1.7:run (invalid-patterns) @ elasticsearch ---
[INFO] Executing tasks

main:
[INFO] ------------------------------------------------------------------------
[INFO] BUILD FAILURE
[INFO] ------------------------------------------------------------------------
[INFO] Total time: 1.464 s
[INFO] Finished at: 2017-09-21T11:41:56+02:00
[INFO] Final Memory: 14M/184M
[INFO] ------------------------------------------------------------------------
[ERROR] Failed to execute goal org.apache.maven.plugins:maven-antrun-plugin:1.7:run (invalid-patterns) on project elasticsearch: An Ant BuildException has occured: No directory specified for fileset.
[ERROR] around Ant part ...<pathconvert>... @ 4:16 in /home/artefact/tests/Maven Test Sources/elasticsearch-1.4.3-test-sources/target/antrun/build-main.xml
[ERROR] -> [Help 1]
[ERROR] 
[ERROR] To see the full stack trace of the errors, re-run Maven with the -e switch.
[ERROR] Re-run Maven using the -X switch to enable full debug logging.
[ERROR] 
[ERROR] For more information about the errors and possible solutions, please read the following articles:
[ERROR] [Help 1] http://cwiki.apache.org/confluence/display/MAVEN/MojoExecutionException
